<?xml version="1.0" encoding="UTF-8"?>
<coverage generated="1653694127022" clover="3.2.0">
  <project timestamp="1653694127022" name="All files">
    <metrics statements="542" coveredstatements="392" conditionals="109" coveredconditionals="43" methods="81" coveredmethods="44" elements="732" coveredelements="479" complexity="0" loc="542" ncloc="542" packages="1" files="6" classes="6"/>
    <file name="notify.js" path="/Users/mattc/Documents/GitHub/cse112-s22-group14/source/v1/js/notify.js">
      <metrics statements="32" coveredstatements="0" conditionals="23" coveredconditionals="0" methods="4" coveredmethods="0"/>
      <line num="7" count="0" type="stmt"/>
      <line num="12" count="0" type="cond" truecount="0" falsecount="2"/>
      <line num="13" count="0" type="stmt"/>
      <line num="14" count="0" type="stmt"/>
      <line num="18" count="0" type="cond" truecount="0" falsecount="2"/>
      <line num="19" count="0" type="stmt"/>
      <line num="21" count="0" type="cond" truecount="0" falsecount="2"/>
      <line num="22" count="0" type="stmt"/>
      <line num="26" count="0" type="cond" truecount="0" falsecount="2"/>
      <line num="27" count="0" type="stmt"/>
      <line num="29" count="0" type="cond" truecount="0" falsecount="2"/>
      <line num="30" count="0" type="stmt"/>
      <line num="31" count="0" type="cond" truecount="0" falsecount="2"/>
      <line num="32" count="0" type="stmt"/>
      <line num="33" count="0" type="cond" truecount="0" falsecount="2"/>
      <line num="34" count="0" type="stmt"/>
      <line num="37" count="0" type="stmt"/>
      <line num="40" count="0" type="stmt"/>
      <line num="44" count="0" type="cond" truecount="0" falsecount="2"/>
      <line num="45" count="0" type="stmt"/>
      <line num="47" count="0" type="cond" truecount="0" falsecount="2"/>
      <line num="48" count="0" type="stmt"/>
      <line num="51" count="0" type="stmt"/>
      <line num="52" count="0" type="stmt"/>
      <line num="54" count="0" type="cond" truecount="0" falsecount="5"/>
      <line num="57" count="0" type="stmt"/>
      <line num="58" count="0" type="stmt"/>
      <line num="59" count="0" type="stmt"/>
      <line num="63" count="0" type="stmt"/>
      <line num="68" count="0" type="stmt"/>
      <line num="69" count="0" type="stmt"/>
      <line num="71" count="0" type="stmt"/>
    </file>
    <file name="task.js" path="/Users/mattc/Documents/GitHub/cse112-s22-group14/source/v1/js/task.js">
      <metrics statements="48" coveredstatements="38" conditionals="4" coveredconditionals="0" methods="13" coveredmethods="8"/>
      <line num="12" count="1" type="stmt"/>
      <line num="18" count="31" type="stmt"/>
      <line num="21" count="31" type="stmt"/>
      <line num="22" count="31" type="stmt"/>
      <line num="24" count="31" type="stmt"/>
      <line num="25" count="31" type="stmt"/>
      <line num="31" count="31" type="stmt"/>
      <line num="32" count="31" type="stmt"/>
      <line num="34" count="31" type="stmt"/>
      <line num="35" count="0" type="stmt"/>
      <line num="37" count="31" type="stmt"/>
      <line num="38" count="0" type="stmt"/>
      <line num="41" count="31" type="stmt"/>
      <line num="42" count="31" type="stmt"/>
      <line num="43" count="31" type="stmt"/>
      <line num="45" count="31" type="stmt"/>
      <line num="46" count="31" type="stmt"/>
      <line num="48" count="31" type="stmt"/>
      <line num="49" count="31" type="stmt"/>
      <line num="50" count="31" type="stmt"/>
      <line num="51" count="31" type="stmt"/>
      <line num="52" count="31" type="stmt"/>
      <line num="53" count="31" type="stmt"/>
      <line num="55" count="31" type="stmt"/>
      <line num="57" count="31" type="stmt"/>
      <line num="58" count="31" type="stmt"/>
      <line num="66" count="0" type="stmt"/>
      <line num="67" count="0" type="cond" truecount="0" falsecount="4"/>
      <line num="68" count="0" type="stmt"/>
      <line num="70" count="0" type="stmt"/>
      <line num="77" count="64" type="stmt"/>
      <line num="78" count="64" type="stmt"/>
      <line num="88" count="64" type="stmt"/>
      <line num="96" count="31" type="stmt"/>
      <line num="97" count="31" type="stmt"/>
      <line num="105" count="0" type="stmt"/>
      <line num="106" count="0" type="stmt"/>
      <line num="114" count="31" type="stmt"/>
      <line num="115" count="31" type="stmt"/>
      <line num="123" count="0" type="stmt"/>
      <line num="124" count="0" type="stmt"/>
      <line num="133" count="31" type="stmt"/>
      <line num="134" count="31" type="stmt"/>
      <line num="135" count="31" type="stmt"/>
      <line num="145" count="31" type="stmt"/>
      <line num="146" count="31" type="stmt"/>
      <line num="155" count="1" type="stmt"/>
      <line num="156" count="1" type="stmt"/>
    </file>
    <file name="taskDisplay.js" path="/Users/mattc/Documents/GitHub/cse112-s22-group14/source/v1/js/taskDisplay.js">
      <metrics statements="60" coveredstatements="60" conditionals="12" coveredconditionals="11" methods="9" coveredmethods="8"/>
      <line num="13" count="1" type="stmt"/>
      <line num="19" count="5" type="stmt"/>
      <line num="21" count="5" type="stmt"/>
      <line num="22" count="5" type="stmt"/>
      <line num="25" count="5" type="stmt"/>
      <line num="26" count="5" type="stmt"/>
      <line num="29" count="5" type="stmt"/>
      <line num="30" count="5" type="stmt"/>
      <line num="31" count="5" type="stmt"/>
      <line num="33" count="5" type="stmt"/>
      <line num="34" count="5" type="stmt"/>
      <line num="35" count="5" type="stmt"/>
      <line num="38" count="5" type="stmt"/>
      <line num="39" count="5" type="stmt"/>
      <line num="40" count="5" type="stmt"/>
      <line num="41" count="5" type="stmt"/>
      <line num="43" count="5" type="stmt"/>
      <line num="44" count="5" type="stmt"/>
      <line num="46" count="5" type="stmt"/>
      <line num="47" count="5" type="stmt"/>
      <line num="48" count="5" type="stmt"/>
      <line num="49" count="5" type="stmt"/>
      <line num="52" count="5" type="stmt"/>
      <line num="53" count="5" type="stmt"/>
      <line num="54" count="5" type="stmt"/>
      <line num="56" count="5" type="stmt"/>
      <line num="59" count="5" type="stmt"/>
      <line num="60" count="5" type="stmt"/>
      <line num="63" count="5" type="stmt"/>
      <line num="64" count="5" type="stmt"/>
      <line num="66" count="5" type="stmt"/>
      <line num="67" count="5" type="stmt"/>
      <line num="70" count="5" type="stmt"/>
      <line num="71" count="5" type="stmt"/>
      <line num="72" count="5" type="stmt"/>
      <line num="74" count="5" type="stmt"/>
      <line num="86" count="20" type="stmt"/>
      <line num="100" count="20" type="cond" truecount="4" falsecount="0"/>
      <line num="101" count="7" type="stmt"/>
      <line num="102" count="7" type="stmt"/>
      <line num="105" count="13" type="cond" truecount="4" falsecount="0"/>
      <line num="106" count="1" type="stmt"/>
      <line num="107" count="1" type="stmt"/>
      <line num="109" count="12" type="cond" truecount="2" falsecount="0"/>
      <line num="110" count="6" type="stmt"/>
      <line num="112" count="6" type="cond" truecount="1" falsecount="1"/>
      <line num="113" count="6" type="stmt"/>
      <line num="121" count="1" type="stmt"/>
      <line num="122" count="1" type="stmt"/>
      <line num="123" count="1" type="stmt"/>
      <line num="124" count="1" type="stmt"/>
      <line num="131" count="1" type="stmt"/>
      <line num="132" count="1" type="stmt"/>
      <line num="133" count="1" type="stmt"/>
      <line num="140" count="6" type="stmt"/>
      <line num="148" count="2" type="stmt"/>
      <line num="157" count="1" type="stmt"/>
      <line num="164" count="1" type="stmt"/>
      <line num="171" count="1" type="stmt"/>
      <line num="172" count="1" type="stmt"/>
    </file>
    <file name="taskList.js" path="/Users/mattc/Documents/GitHub/cse112-s22-group14/source/v1/js/taskList.js">
      <metrics statements="229" coveredstatements="168" conditionals="44" coveredconditionals="22" methods="34" coveredmethods="17"/>
      <line num="12" count="13" type="stmt"/>
      <line num="13" count="13" type="stmt"/>
      <line num="14" count="13" type="stmt"/>
      <line num="17" count="13" type="stmt"/>
      <line num="18" count="13" type="stmt"/>
      <line num="19" count="13" type="stmt"/>
      <line num="20" count="13" type="stmt"/>
      <line num="23" count="13" type="stmt"/>
      <line num="24" count="13" type="stmt"/>
      <line num="25" count="13" type="stmt"/>
      <line num="28" count="13" type="stmt"/>
      <line num="29" count="13" type="stmt"/>
      <line num="30" count="13" type="stmt"/>
      <line num="31" count="13" type="stmt"/>
      <line num="32" count="13" type="stmt"/>
      <line num="34" count="13" type="stmt"/>
      <line num="37" count="13" type="stmt"/>
      <line num="38" count="13" type="stmt"/>
      <line num="39" count="13" type="stmt"/>
      <line num="41" count="13" type="stmt"/>
      <line num="42" count="13" type="stmt"/>
      <line num="44" count="13" type="stmt"/>
      <line num="45" count="13" type="stmt"/>
      <line num="48" count="13" type="stmt"/>
      <line num="50" count="13" type="stmt"/>
      <line num="51" count="13" type="stmt"/>
      <line num="53" count="13" type="stmt"/>
      <line num="56" count="13" type="stmt"/>
      <line num="57" count="13" type="stmt"/>
      <line num="58" count="13" type="stmt"/>
      <line num="59" count="13" type="stmt"/>
      <line num="60" count="13" type="stmt"/>
      <line num="61" count="13" type="stmt"/>
      <line num="62" count="13" type="stmt"/>
      <line num="65" count="13" type="stmt"/>
      <line num="66" count="13" type="stmt"/>
      <line num="67" count="13" type="stmt"/>
      <line num="69" count="13" type="stmt"/>
      <line num="70" count="13" type="stmt"/>
      <line num="71" count="13" type="stmt"/>
      <line num="72" count="13" type="stmt"/>
      <line num="74" count="13" type="stmt"/>
      <line num="75" count="13" type="stmt"/>
      <line num="76" count="13" type="stmt"/>
      <line num="79" count="13" type="stmt"/>
      <line num="80" count="13" type="stmt"/>
      <line num="81" count="13" type="stmt"/>
      <line num="83" count="13" type="stmt"/>
      <line num="85" count="13" type="stmt"/>
      <line num="87" count="13" type="stmt"/>
      <line num="89" count="13" type="stmt"/>
      <line num="92" count="13" type="stmt"/>
      <line num="94" count="13" type="stmt"/>
      <line num="95" count="13" type="stmt"/>
      <line num="97" count="13" type="stmt"/>
      <line num="99" count="13" type="stmt"/>
      <line num="100" count="13" type="stmt"/>
      <line num="101" count="13" type="stmt"/>
      <line num="103" count="13" type="stmt"/>
      <line num="106" count="13" type="stmt"/>
      <line num="107" count="13" type="stmt"/>
      <line num="108" count="13" type="stmt"/>
      <line num="110" count="13" type="stmt"/>
      <line num="112" count="13" type="stmt"/>
      <line num="113" count="13" type="stmt"/>
      <line num="114" count="13" type="stmt"/>
      <line num="117" count="13" type="stmt"/>
      <line num="126" count="9" type="stmt"/>
      <line num="127" count="9" type="cond" truecount="4" falsecount="0"/>
      <line num="128" count="4" type="stmt"/>
      <line num="130" count="5" type="stmt"/>
      <line num="139" count="0" type="stmt"/>
      <line num="141" count="0" type="cond" truecount="0" falsecount="2"/>
      <line num="144" count="0" type="stmt"/>
      <line num="146" count="0" type="stmt"/>
      <line num="148" count="0" type="cond" truecount="0" falsecount="2"/>
      <line num="149" count="0" type="stmt"/>
      <line num="152" count="0" type="stmt"/>
      <line num="154" count="0" type="cond" truecount="0" falsecount="2"/>
      <line num="155" count="0" type="stmt"/>
      <line num="159" count="0" type="stmt"/>
      <line num="171" count="1" type="stmt"/>
      <line num="173" count="1" type="stmt"/>
      <line num="174" count="2" type="stmt"/>
      <line num="175" count="2" type="stmt"/>
      <line num="179" count="2" type="cond" truecount="2" falsecount="2"/>
      <line num="180" count="0" type="stmt"/>
      <line num="182" count="2" type="stmt"/>
      <line num="192" count="13" type="stmt"/>
      <line num="193" count="13" type="stmt"/>
      <line num="194" count="13" type="cond" truecount="2" falsecount="2"/>
      <line num="195" count="13" type="stmt"/>
      <line num="196" count="13" type="stmt"/>
      <line num="197" count="13" type="stmt"/>
      <line num="199" count="0" type="stmt"/>
      <line num="200" count="0" type="stmt"/>
      <line num="201" count="0" type="stmt"/>
      <line num="210" count="0" type="cond" truecount="0" falsecount="2"/>
      <line num="211" count="0" type="stmt"/>
      <line num="212" count="0" type="cond" truecount="0" falsecount="2"/>
      <line num="213" count="0" type="stmt"/>
      <line num="214" count="0" type="stmt"/>
      <line num="225" count="1" type="stmt"/>
      <line num="226" count="1" type="stmt"/>
      <line num="228" count="1" type="cond" truecount="1" falsecount="1"/>
      <line num="229" count="0" type="stmt"/>
      <line num="230" count="0" type="stmt"/>
      <line num="231" count="0" type="stmt"/>
      <line num="239" count="2" type="stmt"/>
      <line num="240" count="2" type="stmt"/>
      <line num="248" count="1" type="stmt"/>
      <line num="256" count="31" type="stmt"/>
      <line num="257" count="31" type="stmt"/>
      <line num="258" count="31" type="stmt"/>
      <line num="259" count="31" type="stmt"/>
      <line num="260" count="31" type="stmt"/>
      <line num="261" count="31" type="stmt"/>
      <line num="263" count="31" type="stmt"/>
      <line num="264" count="31" type="stmt"/>
      <line num="265" count="31" type="stmt"/>
      <line num="267" count="31" type="stmt"/>
      <line num="270" count="31" type="stmt"/>
      <line num="271" count="31" type="stmt"/>
      <line num="281" count="2" type="stmt"/>
      <line num="282" count="2" type="stmt"/>
      <line num="283" count="2" type="stmt"/>
      <line num="284" count="2" type="stmt"/>
      <line num="285" count="2" type="cond" truecount="1" falsecount="1"/>
      <line num="286" count="2" type="stmt"/>
      <line num="287" count="2" type="stmt"/>
      <line num="288" count="2" type="stmt"/>
      <line num="291" count="2" type="cond" truecount="1" falsecount="1"/>
      <line num="292" count="2" type="stmt"/>
      <line num="293" count="2" type="stmt"/>
      <line num="296" count="2" type="stmt"/>
      <line num="297" count="2" type="stmt"/>
      <line num="300" count="0" type="stmt"/>
      <line num="301" count="0" type="stmt"/>
      <line num="302" count="0" type="stmt"/>
      <line num="305" count="0" type="stmt"/>
      <line num="306" count="0" type="stmt"/>
      <line num="307" count="0" type="stmt"/>
      <line num="311" count="2" type="stmt"/>
      <line num="320" count="11" type="stmt"/>
      <line num="322" count="11" type="cond" truecount="1" falsecount="1"/>
      <line num="323" count="0" type="stmt"/>
      <line num="325" count="11" type="stmt"/>
      <line num="327" count="11" type="stmt"/>
      <line num="330" count="11" type="stmt"/>
      <line num="333" count="11" type="stmt"/>
      <line num="334" count="11" type="stmt"/>
      <line num="335" count="11" type="stmt"/>
      <line num="336" count="11" type="stmt"/>
      <line num="337" count="7" type="cond" truecount="2" falsecount="0"/>
      <line num="338" count="2" type="stmt"/>
      <line num="340" count="11" type="stmt"/>
      <line num="341" count="11" type="stmt"/>
      <line num="342" count="11" type="stmt"/>
      <line num="345" count="11" type="stmt"/>
      <line num="346" count="11" type="stmt"/>
      <line num="347" count="11" type="stmt"/>
      <line num="349" count="5" type="stmt"/>
      <line num="350" count="5" type="stmt"/>
      <line num="351" count="5" type="stmt"/>
      <line num="354" count="11" type="stmt"/>
      <line num="364" count="0" type="stmt"/>
      <line num="365" count="0" type="stmt"/>
      <line num="367" count="0" type="stmt"/>
      <line num="368" count="0" type="stmt"/>
      <line num="370" count="0" type="stmt"/>
      <line num="371" count="0" type="stmt"/>
      <line num="372" count="0" type="stmt"/>
      <line num="374" count="0" type="stmt"/>
      <line num="375" count="0" type="stmt"/>
      <line num="376" count="0" type="stmt"/>
      <line num="377" count="0" type="stmt"/>
      <line num="378" count="0" type="stmt"/>
      <line num="379" count="0" type="stmt"/>
      <line num="382" count="0" type="stmt"/>
      <line num="383" count="0" type="stmt"/>
      <line num="390" count="2" type="stmt"/>
      <line num="391" count="2" type="stmt"/>
      <line num="393" count="2" type="cond" truecount="1" falsecount="1"/>
      <line num="394" count="2" type="stmt"/>
      <line num="396" count="0" type="stmt"/>
      <line num="400" count="2" type="stmt"/>
      <line num="401" count="0" type="stmt"/>
      <line num="402" count="0" type="stmt"/>
      <line num="403" count="0" type="stmt"/>
      <line num="404" count="0" type="stmt"/>
      <line num="407" count="2" type="stmt"/>
      <line num="410" count="2" type="cond" truecount="2" falsecount="0"/>
      <line num="411" count="1" type="stmt"/>
      <line num="412" count="1" type="stmt"/>
      <line num="413" count="1" type="stmt"/>
      <line num="414" count="1" type="stmt"/>
      <line num="415" count="0" type="cond" truecount="0" falsecount="2"/>
      <line num="416" count="0" type="stmt"/>
      <line num="417" count="0" type="stmt"/>
      <line num="418" count="0" type="stmt"/>
      <line num="419" count="0" type="stmt"/>
      <line num="420" count="0" type="stmt"/>
      <line num="422" count="0" type="stmt"/>
      <line num="423" count="0" type="stmt"/>
      <line num="424" count="0" type="stmt"/>
      <line num="425" count="0" type="stmt"/>
      <line num="426" count="0" type="stmt"/>
      <line num="436" count="1" type="stmt"/>
      <line num="437" count="1" type="stmt"/>
      <line num="438" count="1" type="stmt"/>
      <line num="440" count="1" type="stmt"/>
      <line num="441" count="1" type="stmt"/>
      <line num="442" count="1" type="stmt"/>
      <line num="443" count="1" type="stmt"/>
      <line num="444" count="1" type="stmt"/>
      <line num="451" count="31" type="stmt"/>
      <line num="458" count="3" type="cond" truecount="2" falsecount="0"/>
      <line num="459" count="2" type="stmt"/>
      <line num="461" count="1" type="stmt"/>
      <line num="468" count="2" type="cond" truecount="2" falsecount="0"/>
      <line num="469" count="1" type="stmt"/>
      <line num="471" count="1" type="stmt"/>
      <line num="478" count="6" type="cond" truecount="1" falsecount="1"/>
      <line num="479" count="6" type="stmt"/>
      <line num="488" count="0" type="stmt"/>
      <line num="497" count="1" type="stmt"/>
      <line num="504" count="1" type="stmt"/>
      <line num="511" count="1" type="stmt"/>
      <line num="513" count="1" type="stmt"/>
    </file>
    <file name="timer.js" path="/Users/mattc/Documents/GitHub/cse112-s22-group14/source/v1/js/timer.js">
      <metrics statements="34" coveredstatements="34" conditionals="6" coveredconditionals="5" methods="5" coveredmethods="5"/>
      <line num="11" count="2" type="stmt"/>
      <line num="17" count="3" type="stmt"/>
      <line num="19" count="3" type="stmt"/>
      <line num="20" count="3" type="stmt"/>
      <line num="22" count="3" type="stmt"/>
      <line num="23" count="3" type="stmt"/>
      <line num="25" count="3" type="stmt"/>
      <line num="26" count="3" type="stmt"/>
      <line num="27" count="3" type="stmt"/>
      <line num="29" count="3" type="stmt"/>
      <line num="32" count="3" type="stmt"/>
      <line num="35" count="3" type="stmt"/>
      <line num="36" count="12" type="stmt"/>
      <line num="37" count="12" type="stmt"/>
      <line num="38" count="12" type="stmt"/>
      <line num="39" count="12" type="stmt"/>
      <line num="40" count="12" type="stmt"/>
      <line num="41" count="12" type="stmt"/>
      <line num="44" count="3" type="stmt"/>
      <line num="53" count="13" type="cond" truecount="2" falsecount="0"/>
      <line num="54" count="3" type="stmt"/>
      <line num="56" count="10" type="stmt"/>
      <line num="57" count="10" type="stmt"/>
      <line num="58" count="10" type="stmt"/>
      <line num="59" count="10" type="stmt"/>
      <line num="69" count="8" type="cond" truecount="2" falsecount="0"/>
      <line num="70" count="6" type="stmt"/>
      <line num="81" count="6" type="stmt"/>
      <line num="84" count="6" type="stmt"/>
      <line num="85" count="24" type="cond" truecount="1" falsecount="1"/>
      <line num="86" count="24" type="stmt"/>
      <line num="97" count="2" type="stmt"/>
      <line num="104" count="2" type="stmt"/>
      <line num="105" count="2" type="stmt"/>
    </file>
    <file name="timerContainer.js" path="/Users/mattc/Documents/GitHub/cse112-s22-group14/source/v1/js/timerContainer.js">
      <metrics statements="139" coveredstatements="92" conditionals="20" coveredconditionals="5" methods="16" coveredmethods="6"/>
      <line num="13" count="2" type="stmt"/>
      <line num="15" count="2" type="stmt"/>
      <line num="16" count="2" type="stmt"/>
      <line num="18" count="2" type="stmt"/>
      <line num="19" count="2" type="stmt"/>
      <line num="22" count="2" type="stmt"/>
      <line num="23" count="2" type="stmt"/>
      <line num="24" count="2" type="stmt"/>
      <line num="26" count="2" type="stmt"/>
      <line num="27" count="2" type="stmt"/>
      <line num="28" count="2" type="stmt"/>
      <line num="31" count="2" type="stmt"/>
      <line num="32" count="2" type="stmt"/>
      <line num="33" count="2" type="stmt"/>
      <line num="34" count="2" type="stmt"/>
      <line num="36" count="2" type="stmt"/>
      <line num="37" count="2" type="stmt"/>
      <line num="39" count="2" type="stmt"/>
      <line num="40" count="2" type="stmt"/>
      <line num="41" count="2" type="stmt"/>
      <line num="44" count="2" type="stmt"/>
      <line num="45" count="2" type="stmt"/>
      <line num="46" count="2" type="stmt"/>
      <line num="47" count="2" type="stmt"/>
      <line num="48" count="2" type="stmt"/>
      <line num="50" count="2" type="stmt"/>
      <line num="51" count="2" type="stmt"/>
      <line num="52" count="2" type="stmt"/>
      <line num="54" count="2" type="stmt"/>
      <line num="57" count="2" type="stmt"/>
      <line num="58" count="2" type="stmt"/>
      <line num="59" count="2" type="stmt"/>
      <line num="61" count="2" type="stmt"/>
      <line num="62" count="2" type="stmt"/>
      <line num="63" count="2" type="stmt"/>
      <line num="64" count="2" type="stmt"/>
      <line num="65" count="2" type="stmt"/>
      <line num="66" count="2" type="stmt"/>
      <line num="68" count="2" type="stmt"/>
      <line num="69" count="2" type="stmt"/>
      <line num="70" count="2" type="stmt"/>
      <line num="72" count="2" type="stmt"/>
      <line num="74" count="2" type="stmt"/>
      <line num="76" count="2" type="stmt"/>
      <line num="79" count="2" type="stmt"/>
      <line num="80" count="2" type="stmt"/>
      <line num="81" count="2" type="stmt"/>
      <line num="82" count="2" type="stmt"/>
      <line num="84" count="2" type="stmt"/>
      <line num="93" count="0" type="stmt"/>
      <line num="94" count="0" type="stmt"/>
      <line num="95" count="0" type="stmt"/>
      <line num="96" count="0" type="stmt"/>
      <line num="97" count="0" type="stmt"/>
      <line num="98" count="0" type="stmt"/>
      <line num="99" count="0" type="stmt"/>
      <line num="100" count="0" type="stmt"/>
      <line num="109" count="0" type="stmt"/>
      <line num="110" count="0" type="stmt"/>
      <line num="117" count="2" type="stmt"/>
      <line num="118" count="2" type="stmt"/>
      <line num="119" count="2" type="stmt"/>
      <line num="120" count="2" type="stmt"/>
      <line num="121" count="2" type="stmt"/>
      <line num="122" count="2" type="stmt"/>
      <line num="123" count="2" type="stmt"/>
      <line num="124" count="2" type="stmt"/>
      <line num="125" count="2" type="stmt"/>
      <line num="132" count="0" type="stmt"/>
      <line num="139" count="0" type="stmt"/>
      <line num="147" count="7" type="cond" truecount="2" falsecount="0"/>
      <line num="148" count="4" type="stmt"/>
      <line num="150" count="3" type="stmt"/>
      <line num="151" count="3" type="stmt"/>
      <line num="152" count="3" type="stmt"/>
      <line num="154" count="3" type="cond" truecount="1" falsecount="1"/>
      <line num="162" count="2" type="stmt"/>
      <line num="164" count="2" type="stmt"/>
      <line num="165" count="2" type="stmt"/>
      <line num="166" count="2" type="stmt"/>
      <line num="167" count="2" type="cond" truecount="1" falsecount="1"/>
      <line num="168" count="0" type="stmt"/>
      <line num="179" count="0" type="cond" truecount="0" falsecount="4"/>
      <line num="181" count="0" type="stmt"/>
      <line num="182" count="0" type="stmt"/>
      <line num="184" count="0" type="stmt"/>
      <line num="185" count="0" type="stmt"/>
      <line num="186" count="0" type="stmt"/>
      <line num="188" count="0" type="cond" truecount="0" falsecount="2"/>
      <line num="189" count="0" type="stmt"/>
      <line num="191" count="0" type="stmt"/>
      <line num="194" count="0" type="stmt"/>
      <line num="196" count="0" type="stmt"/>
      <line num="198" count="0" type="stmt"/>
      <line num="199" count="0" type="stmt"/>
      <line num="202" count="0" type="stmt"/>
      <line num="204" count="0" type="stmt"/>
      <line num="206" count="0" type="stmt"/>
      <line num="207" count="0" type="stmt"/>
      <line num="208" count="0" type="stmt"/>
      <line num="209" count="0" type="stmt"/>
      <line num="210" count="0" type="stmt"/>
      <line num="212" count="0" type="stmt"/>
      <line num="213" count="0" type="stmt"/>
      <line num="215" count="0" type="stmt"/>
      <line num="223" count="0" type="cond" truecount="0" falsecount="2"/>
      <line num="224" count="0" type="stmt"/>
      <line num="233" count="0" type="cond" truecount="0" falsecount="2"/>
      <line num="235" count="0" type="stmt"/>
      <line num="236" count="0" type="stmt"/>
      <line num="237" count="0" type="cond" truecount="0" falsecount="2"/>
      <line num="238" count="0" type="stmt"/>
      <line num="239" count="0" type="stmt"/>
      <line num="241" count="0" type="stmt"/>
      <line num="243" count="0" type="stmt"/>
      <line num="252" count="2" type="stmt"/>
      <line num="253" count="2" type="stmt"/>
      <line num="254" count="2" type="stmt"/>
      <line num="255" count="2" type="stmt"/>
      <line num="256" count="2" type="stmt"/>
      <line num="257" count="2" type="stmt"/>
      <line num="265" count="1" type="cond" truecount="1" falsecount="1"/>
      <line num="266" count="1" type="stmt"/>
      <line num="268" count="0" type="stmt"/>
      <line num="270" count="1" type="stmt"/>
      <line num="278" count="1" type="stmt"/>
      <line num="285" count="1" type="stmt"/>
      <line num="292" count="1" type="stmt"/>
      <line num="298" count="1" type="stmt"/>
      <line num="305" count="1" type="stmt"/>
      <line num="312" count="1" type="stmt"/>
      <line num="319" count="1" type="stmt"/>
      <line num="326" count="1" type="stmt"/>
      <line num="333" count="1" type="stmt"/>
      <line num="340" count="1" type="stmt"/>
      <line num="348" count="1" type="stmt"/>
      <line num="355" count="1" type="stmt"/>
      <line num="362" count="1" type="stmt"/>
      <line num="364" count="1" type="stmt"/>
    </file>
  </project>
</coverage>
