{"C:\\Users\\rishm\\Coding\\CSE112\\cse112-s22-group14\\source\\v1\\js\\notify.js": {"path":"C:\\Users\\rishm\\Coding\\CSE112\\cse112-s22-group14\\source\\v1\\js\\notify.js","statementMap":{"0":{"start":{"line":7,"column":18},"end":{"line":9,"column":3}},"1":{"start":{"line":11,"column":2},"end":{"line":14,"column":3}},"2":{"start":{"line":12,"column":4},"end":{"line":12,"column":66}},"3":{"start":{"line":13,"column":4},"end":{"line":13,"column":11}},"4":{"start":{"line":17,"column":2},"end":{"line":59,"column":3}},"5":{"start":{"line":18,"column":4},"end":{"line":58,"column":7}},"6":{"start":{"line":20,"column":6},"end":{"line":57,"column":7}},"7":{"start":{"line":21,"column":8},"end":{"line":21,"column":46}},"8":{"start":{"line":25,"column":11},"end":{"line":57,"column":7}},"9":{"start":{"line":28,"column":8},"end":{"line":56,"column":9}},"10":{"start":{"line":29,"column":31},"end":{"line":29,"column":97}},"11":{"start":{"line":30,"column":24},"end":{"line":30,"column":57}},"12":{"start":{"line":31,"column":10},"end":{"line":31,"column":25}},"13":{"start":{"line":32,"column":10},"end":{"line":32,"column":32}},"14":{"start":{"line":35,"column":13},"end":{"line":56,"column":9}},"15":{"start":{"line":36,"column":31},"end":{"line":36,"column":84}},"16":{"start":{"line":37,"column":24},"end":{"line":37,"column":57}},"17":{"start":{"line":38,"column":10},"end":{"line":38,"column":25}},"18":{"start":{"line":39,"column":10},"end":{"line":39,"column":32}},"19":{"start":{"line":43,"column":13},"end":{"line":56,"column":9}},"20":{"start":{"line":44,"column":31},"end":{"line":44,"column":83}},"21":{"start":{"line":45,"column":24},"end":{"line":45,"column":57}},"22":{"start":{"line":46,"column":10},"end":{"line":46,"column":25}},"23":{"start":{"line":47,"column":10},"end":{"line":47,"column":31}},"24":{"start":{"line":52,"column":31},"end":{"line":52,"column":92}},"25":{"start":{"line":53,"column":24},"end":{"line":53,"column":57}},"26":{"start":{"line":54,"column":10},"end":{"line":54,"column":25}},"27":{"start":{"line":55,"column":10},"end":{"line":55,"column":32}}},"fnMap":{"0":{"name":"notify","decl":{"start":{"line":6,"column":9},"end":{"line":6,"column":15}},"loc":{"start":{"line":6,"column":24},"end":{"line":60,"column":1}},"line":6},"1":{"name":"(anonymous_1)","decl":{"start":{"line":18,"column":42},"end":{"line":18,"column":43}},"loc":{"start":{"line":18,"column":64},"end":{"line":58,"column":5}},"line":18}},"branchMap":{"0":{"loc":{"start":{"line":11,"column":2},"end":{"line":14,"column":3}},"type":"if","locations":[{"start":{"line":11,"column":2},"end":{"line":14,"column":3}},{"start":{"line":11,"column":2},"end":{"line":14,"column":3}}],"line":11},"1":{"loc":{"start":{"line":17,"column":2},"end":{"line":59,"column":3}},"type":"if","locations":[{"start":{"line":17,"column":2},"end":{"line":59,"column":3}},{"start":{"line":17,"column":2},"end":{"line":59,"column":3}}],"line":17},"2":{"loc":{"start":{"line":20,"column":6},"end":{"line":57,"column":7}},"type":"if","locations":[{"start":{"line":20,"column":6},"end":{"line":57,"column":7}},{"start":{"line":20,"column":6},"end":{"line":57,"column":7}}],"line":20},"3":{"loc":{"start":{"line":25,"column":11},"end":{"line":57,"column":7}},"type":"if","locations":[{"start":{"line":25,"column":11},"end":{"line":57,"column":7}},{"start":{"line":25,"column":11},"end":{"line":57,"column":7}}],"line":25},"4":{"loc":{"start":{"line":28,"column":8},"end":{"line":56,"column":9}},"type":"if","locations":[{"start":{"line":28,"column":8},"end":{"line":56,"column":9}},{"start":{"line":28,"column":8},"end":{"line":56,"column":9}}],"line":28},"5":{"loc":{"start":{"line":35,"column":13},"end":{"line":56,"column":9}},"type":"if","locations":[{"start":{"line":35,"column":13},"end":{"line":56,"column":9}},{"start":{"line":35,"column":13},"end":{"line":56,"column":9}}],"line":35},"6":{"loc":{"start":{"line":43,"column":13},"end":{"line":56,"column":9}},"type":"if","locations":[{"start":{"line":43,"column":13},"end":{"line":56,"column":9}},{"start":{"line":43,"column":13},"end":{"line":56,"column":9}}],"line":43}},"s":{"0":0,"1":0,"2":0,"3":0,"4":0,"5":0,"6":0,"7":0,"8":0,"9":0,"10":0,"11":0,"12":0,"13":0,"14":0,"15":0,"16":0,"17":0,"18":0,"19":0,"20":0,"21":0,"22":0,"23":0,"24":0,"25":0,"26":0,"27":0},"f":{"0":0,"1":0},"b":{"0":[0,0],"1":[0,0],"2":[0,0],"3":[0,0],"4":[0,0],"5":[0,0],"6":[0,0]},"inputSourceMap":null,"_coverageSchema":"1a1c01bbd47fc00a2c39e90264f33305004495a9","hash":"b458c3414f92ae94cd0e5022fd49ba05237971ef"}
,"C:\\Users\\rishm\\Coding\\CSE112\\cse112-s22-group14\\source\\v1\\js\\task.js": {"path":"C:\\Users\\rishm\\Coding\\CSE112\\cse112-s22-group14\\source\\v1\\js\\task.js","statementMap":{"0":{"start":{"line":12,"column":38},"end":{"line":12,"column":68}},"1":{"start":{"line":18,"column":8},"end":{"line":18,"column":16}},"2":{"start":{"line":19,"column":20},"end":{"line":19,"column":49}},"3":{"start":{"line":20,"column":8},"end":{"line":20,"column":31}},"4":{"start":{"line":22,"column":21},"end":{"line":22,"column":52}},"5":{"start":{"line":23,"column":8},"end":{"line":23,"column":39}},"6":{"start":{"line":24,"column":8},"end":{"line":24,"column":33}},"7":{"start":{"line":26,"column":8},"end":{"line":26,"column":44}},"8":{"start":{"line":27,"column":8},"end":{"line":27,"column":44}},"9":{"start":{"line":29,"column":27},"end":{"line":29,"column":59}},"10":{"start":{"line":30,"column":8},"end":{"line":30,"column":39}},"11":{"start":{"line":31,"column":8},"end":{"line":31,"column":43}},"12":{"start":{"line":32,"column":8},"end":{"line":32,"column":42}},"13":{"start":{"line":33,"column":32},"end":{"line":33,"column":59}},"14":{"start":{"line":34,"column":8},"end":{"line":34,"column":71}},"15":{"start":{"line":36,"column":8},"end":{"line":36,"column":47}},"16":{"start":{"line":38,"column":8},"end":{"line":38,"column":43}},"17":{"start":{"line":39,"column":8},"end":{"line":39,"column":27}},"18":{"start":{"line":47,"column":8},"end":{"line":47,"column":33}},"19":{"start":{"line":48,"column":8},"end":{"line":50,"column":9}},"20":{"start":{"line":49,"column":12},"end":{"line":49,"column":25}},"21":{"start":{"line":51,"column":8},"end":{"line":51,"column":20}},"22":{"start":{"line":58,"column":27},"end":{"line":58,"column":54}},"23":{"start":{"line":59,"column":8},"end":{"line":59,"column":59}},"24":{"start":{"line":69,"column":8},"end":{"line":69,"column":32}},"25":{"start":{"line":77,"column":8},"end":{"line":77,"column":80}},"26":{"start":{"line":85,"column":8},"end":{"line":85,"column":78}},"27":{"start":{"line":94,"column":0},"end":{"line":94,"column":28}},"28":{"start":{"line":95,"column":0},"end":{"line":95,"column":48}}},"fnMap":{"0":{"name":"(anonymous_0)","decl":{"start":{"line":12,"column":4},"end":{"line":12,"column":5}},"loc":{"start":{"line":12,"column":36},"end":{"line":12,"column":70}},"line":12},"1":{"name":"(anonymous_1)","decl":{"start":{"line":17,"column":4},"end":{"line":17,"column":5}},"loc":{"start":{"line":17,"column":18},"end":{"line":40,"column":5}},"line":17},"2":{"name":"(anonymous_2)","decl":{"start":{"line":46,"column":4},"end":{"line":46,"column":5}},"loc":{"start":{"line":46,"column":35},"end":{"line":52,"column":5}},"line":46},"3":{"name":"(anonymous_3)","decl":{"start":{"line":57,"column":4},"end":{"line":57,"column":5}},"loc":{"start":{"line":57,"column":23},"end":{"line":60,"column":5}},"line":57},"4":{"name":"(anonymous_4)","decl":{"start":{"line":68,"column":4},"end":{"line":68,"column":5}},"loc":{"start":{"line":68,"column":31},"end":{"line":70,"column":5}},"line":68},"5":{"name":"(anonymous_5)","decl":{"start":{"line":76,"column":4},"end":{"line":76,"column":5}},"loc":{"start":{"line":76,"column":38},"end":{"line":78,"column":5}},"line":76},"6":{"name":"(anonymous_6)","decl":{"start":{"line":84,"column":4},"end":{"line":84,"column":5}},"loc":{"start":{"line":84,"column":34},"end":{"line":86,"column":5}},"line":84}},"branchMap":{"0":{"loc":{"start":{"line":48,"column":8},"end":{"line":50,"column":9}},"type":"if","locations":[{"start":{"line":48,"column":8},"end":{"line":50,"column":9}},{"start":{"line":48,"column":8},"end":{"line":50,"column":9}}],"line":48},"1":{"loc":{"start":{"line":48,"column":12},"end":{"line":48,"column":74}},"type":"binary-expr","locations":[{"start":{"line":48,"column":12},"end":{"line":48,"column":31}},{"start":{"line":48,"column":35},"end":{"line":48,"column":74}}],"line":48}},"s":{"0":1,"1":21,"2":21,"3":21,"4":21,"5":21,"6":21,"7":21,"8":21,"9":21,"10":21,"11":21,"12":21,"13":21,"14":21,"15":21,"16":21,"17":21,"18":0,"19":0,"20":0,"21":0,"22":42,"23":42,"24":42,"25":21,"26":21,"27":1,"28":1},"f":{"0":1,"1":21,"2":0,"3":42,"4":42,"5":21,"6":21},"b":{"0":[0,0],"1":[0,0]},"inputSourceMap":null,"_coverageSchema":"1a1c01bbd47fc00a2c39e90264f33305004495a9","hash":"007d1a1f95f29756fecb5b34921517f1fdc47e6a"}
,"C:\\Users\\rishm\\Coding\\CSE112\\cse112-s22-group14\\source\\v1\\js\\taskDisplay.js": {"path":"C:\\Users\\rishm\\Coding\\CSE112\\cse112-s22-group14\\source\\v1\\js\\taskDisplay.js","statementMap":{"0":{"start":{"line":13,"column":38},"end":{"line":13,"column":82}},"1":{"start":{"line":19,"column":8},"end":{"line":19,"column":16}},"2":{"start":{"line":21,"column":28},"end":{"line":21,"column":57}},"3":{"start":{"line":22,"column":8},"end":{"line":22,"column":53}},"4":{"start":{"line":25,"column":27},"end":{"line":25,"column":55}},"5":{"start":{"line":26,"column":8},"end":{"line":26,"column":49}},"6":{"start":{"line":29,"column":26},"end":{"line":29,"column":55}},"7":{"start":{"line":30,"column":8},"end":{"line":30,"column":35}},"8":{"start":{"line":31,"column":8},"end":{"line":31,"column":42}},"9":{"start":{"line":33,"column":25},"end":{"line":33,"column":55}},"10":{"start":{"line":34,"column":8},"end":{"line":34,"column":41}},"11":{"start":{"line":35,"column":8},"end":{"line":35,"column":45}},"12":{"start":{"line":38,"column":26},"end":{"line":38,"column":58}},"13":{"start":{"line":39,"column":8},"end":{"line":39,"column":38}},"14":{"start":{"line":40,"column":8},"end":{"line":40,"column":33}},"15":{"start":{"line":41,"column":8},"end":{"line":41,"column":61}},"16":{"start":{"line":43,"column":25},"end":{"line":43,"column":52}},"17":{"start":{"line":44,"column":8},"end":{"line":44,"column":75}},"18":{"start":{"line":46,"column":27},"end":{"line":46,"column":57}},"19":{"start":{"line":47,"column":8},"end":{"line":47,"column":40}},"20":{"start":{"line":48,"column":8},"end":{"line":48,"column":46}},"21":{"start":{"line":49,"column":8},"end":{"line":49,"column":59}},"22":{"start":{"line":52,"column":29},"end":{"line":52,"column":78}},"23":{"start":{"line":52,"column":37},"end":{"line":52,"column":76}},"24":{"start":{"line":53,"column":8},"end":{"line":53,"column":62}},"25":{"start":{"line":54,"column":8},"end":{"line":54,"column":39}},"26":{"start":{"line":56,"column":8},"end":{"line":56,"column":53}},"27":{"start":{"line":59,"column":27},"end":{"line":59,"column":55}},"28":{"start":{"line":60,"column":8},"end":{"line":60,"column":45}},"29":{"start":{"line":63,"column":26},"end":{"line":63,"column":55}},"30":{"start":{"line":64,"column":8},"end":{"line":64,"column":32}},"31":{"start":{"line":66,"column":8},"end":{"line":66,"column":95}},"32":{"start":{"line":67,"column":8},"end":{"line":67,"column":35}},"33":{"start":{"line":70,"column":8},"end":{"line":70,"column":41}},"34":{"start":{"line":71,"column":8},"end":{"line":71,"column":42}},"35":{"start":{"line":72,"column":8},"end":{"line":72,"column":42}},"36":{"start":{"line":74,"column":8},"end":{"line":74,"column":32}},"37":{"start":{"line":86,"column":8},"end":{"line":86,"column":64}},"38":{"start":{"line":100,"column":8},"end":{"line":114,"column":9}},"39":{"start":{"line":101,"column":12},"end":{"line":101,"column":63}},"40":{"start":{"line":102,"column":12},"end":{"line":102,"column":70}},"41":{"start":{"line":105,"column":13},"end":{"line":114,"column":9}},"42":{"start":{"line":106,"column":12},"end":{"line":106,"column":59}},"43":{"start":{"line":107,"column":12},"end":{"line":107,"column":66}},"44":{"start":{"line":109,"column":13},"end":{"line":114,"column":9}},"45":{"start":{"line":110,"column":12},"end":{"line":110,"column":64}},"46":{"start":{"line":112,"column":13},"end":{"line":114,"column":9}},"47":{"start":{"line":113,"column":12},"end":{"line":113,"column":61}},"48":{"start":{"line":121,"column":8},"end":{"line":121,"column":53}},"49":{"start":{"line":122,"column":30},"end":{"line":122,"column":64}},"50":{"start":{"line":123,"column":8},"end":{"line":123,"column":35}},"51":{"start":{"line":124,"column":8},"end":{"line":124,"column":53}},"52":{"start":{"line":131,"column":8},"end":{"line":131,"column":54}},"53":{"start":{"line":132,"column":8},"end":{"line":132,"column":79}},"54":{"start":{"line":133,"column":8},"end":{"line":133,"column":75}},"55":{"start":{"line":140,"column":8},"end":{"line":140,"column":71}},"56":{"start":{"line":148,"column":8},"end":{"line":148,"column":72}},"57":{"start":{"line":157,"column":0},"end":{"line":157,"column":48}},"58":{"start":{"line":164,"column":0},"end":{"line":164,"column":73}},"59":{"start":{"line":171,"column":0},"end":{"line":171,"column":52}},"60":{"start":{"line":172,"column":0},"end":{"line":172,"column":51}}},"fnMap":{"0":{"name":"(anonymous_0)","decl":{"start":{"line":13,"column":4},"end":{"line":13,"column":5}},"loc":{"start":{"line":13,"column":36},"end":{"line":13,"column":84}},"line":13},"1":{"name":"(anonymous_1)","decl":{"start":{"line":18,"column":4},"end":{"line":18,"column":5}},"loc":{"start":{"line":18,"column":18},"end":{"line":75,"column":5}},"line":18},"2":{"name":"(anonymous_2)","decl":{"start":{"line":52,"column":29},"end":{"line":52,"column":30}},"loc":{"start":{"line":52,"column":35},"end":{"line":52,"column":78}},"line":52},"3":{"name":"(anonymous_3)","decl":{"start":{"line":85,"column":4},"end":{"line":85,"column":5}},"loc":{"start":{"line":85,"column":55},"end":{"line":87,"column":5}},"line":85},"4":{"name":"(anonymous_4)","decl":{"start":{"line":98,"column":4},"end":{"line":98,"column":5}},"loc":{"start":{"line":98,"column":55},"end":{"line":115,"column":5}},"line":98},"5":{"name":"(anonymous_5)","decl":{"start":{"line":120,"column":4},"end":{"line":120,"column":5}},"loc":{"start":{"line":120,"column":19},"end":{"line":125,"column":5}},"line":120},"6":{"name":"(anonymous_6)","decl":{"start":{"line":130,"column":4},"end":{"line":130,"column":5}},"loc":{"start":{"line":130,"column":18},"end":{"line":134,"column":5}},"line":130},"7":{"name":"(anonymous_7)","decl":{"start":{"line":139,"column":4},"end":{"line":139,"column":5}},"loc":{"start":{"line":139,"column":23},"end":{"line":141,"column":5}},"line":139},"8":{"name":"(anonymous_8)","decl":{"start":{"line":147,"column":4},"end":{"line":147,"column":5}},"loc":{"start":{"line":147,"column":25},"end":{"line":149,"column":5}},"line":147}},"branchMap":{"0":{"loc":{"start":{"line":100,"column":8},"end":{"line":114,"column":9}},"type":"if","locations":[{"start":{"line":100,"column":8},"end":{"line":114,"column":9}},{"start":{"line":100,"column":8},"end":{"line":114,"column":9}}],"line":100},"1":{"loc":{"start":{"line":100,"column":12},"end":{"line":100,"column":47}},"type":"binary-expr","locations":[{"start":{"line":100,"column":12},"end":{"line":100,"column":30}},{"start":{"line":100,"column":34},"end":{"line":100,"column":47}}],"line":100},"2":{"loc":{"start":{"line":105,"column":13},"end":{"line":114,"column":9}},"type":"if","locations":[{"start":{"line":105,"column":13},"end":{"line":114,"column":9}},{"start":{"line":105,"column":13},"end":{"line":114,"column":9}}],"line":105},"3":{"loc":{"start":{"line":105,"column":17},"end":{"line":105,"column":51}},"type":"binary-expr","locations":[{"start":{"line":105,"column":17},"end":{"line":105,"column":35}},{"start":{"line":105,"column":39},"end":{"line":105,"column":51}}],"line":105},"4":{"loc":{"start":{"line":109,"column":13},"end":{"line":114,"column":9}},"type":"if","locations":[{"start":{"line":109,"column":13},"end":{"line":114,"column":9}},{"start":{"line":109,"column":13},"end":{"line":114,"column":9}}],"line":109},"5":{"loc":{"start":{"line":112,"column":13},"end":{"line":114,"column":9}},"type":"if","locations":[{"start":{"line":112,"column":13},"end":{"line":114,"column":9}},{"start":{"line":112,"column":13},"end":{"line":114,"column":9}}],"line":112}},"s":{"0":1,"1":5,"2":5,"3":5,"4":5,"5":5,"6":5,"7":5,"8":5,"9":5,"10":5,"11":5,"12":5,"13":5,"14":5,"15":5,"16":5,"17":5,"18":5,"19":5,"20":5,"21":5,"22":5,"23":0,"24":5,"25":5,"26":5,"27":5,"28":5,"29":5,"30":5,"31":5,"32":5,"33":5,"34":5,"35":5,"36":5,"37":20,"38":20,"39":7,"40":7,"41":13,"42":1,"43":1,"44":12,"45":6,"46":6,"47":6,"48":1,"49":1,"50":1,"51":1,"52":1,"53":1,"54":1,"55":6,"56":2,"57":1,"58":1,"59":1,"60":1},"f":{"0":1,"1":5,"2":0,"3":20,"4":20,"5":1,"6":1,"7":6,"8":2},"b":{"0":[7,13],"1":[20,8],"2":[1,12],"3":[13,1],"4":[6,6],"5":[6,0]},"inputSourceMap":null,"_coverageSchema":"1a1c01bbd47fc00a2c39e90264f33305004495a9","hash":"71887766accd693785b53f75d698052c13b1d86f"}
,"C:\\Users\\rishm\\Coding\\CSE112\\cse112-s22-group14\\source\\v1\\js\\taskList.js": {"path":"C:\\Users\\rishm\\Coding\\CSE112\\cse112-s22-group14\\source\\v1\\js\\taskList.js","statementMap":{"0":{"start":{"line":12,"column":8},"end":{"line":12,"column":16}},"1":{"start":{"line":13,"column":8},"end":{"line":13,"column":26}},"2":{"start":{"line":14,"column":8},"end":{"line":14,"column":32}},"3":{"start":{"line":17,"column":33},"end":{"line":17,"column":62}},"4":{"start":{"line":18,"column":8},"end":{"line":18,"column":70}},"5":{"start":{"line":19,"column":8},"end":{"line":19,"column":53}},"6":{"start":{"line":20,"column":8},"end":{"line":20,"column":84}},"7":{"start":{"line":23,"column":28},"end":{"line":23,"column":57}},"8":{"start":{"line":24,"column":8},"end":{"line":24,"column":44}},"9":{"start":{"line":25,"column":8},"end":{"line":25,"column":40}},"10":{"start":{"line":28,"column":29},"end":{"line":28,"column":56}},"11":{"start":{"line":29,"column":8},"end":{"line":29,"column":63}},"12":{"start":{"line":30,"column":8},"end":{"line":30,"column":48}},"13":{"start":{"line":31,"column":8},"end":{"line":31,"column":41}},"14":{"start":{"line":32,"column":8},"end":{"line":32,"column":45}},"15":{"start":{"line":33,"column":8},"end":{"line":33,"column":80}},"16":{"start":{"line":36,"column":35},"end":{"line":36,"column":64}},"17":{"start":{"line":37,"column":8},"end":{"line":37,"column":47}},"18":{"start":{"line":39,"column":31},"end":{"line":39,"column":59}},"19":{"start":{"line":40,"column":8},"end":{"line":40,"column":48}},"20":{"start":{"line":42,"column":25},"end":{"line":42,"column":54}},"21":{"start":{"line":43,"column":8},"end":{"line":43,"column":35}},"22":{"start":{"line":46,"column":36},"end":{"line":46,"column":65}},"23":{"start":{"line":48,"column":36},"end":{"line":48,"column":68}},"24":{"start":{"line":49,"column":8},"end":{"line":49,"column":54}},"25":{"start":{"line":51,"column":8},"end":{"line":51,"column":60}},"26":{"start":{"line":54,"column":31},"end":{"line":54,"column":62}},"27":{"start":{"line":55,"column":8},"end":{"line":55,"column":43}},"28":{"start":{"line":56,"column":8},"end":{"line":56,"column":39}},"29":{"start":{"line":57,"column":8},"end":{"line":57,"column":39}},"30":{"start":{"line":58,"column":8},"end":{"line":58,"column":64}},"31":{"start":{"line":59,"column":8},"end":{"line":59,"column":86}},"32":{"start":{"line":60,"column":8},"end":{"line":60,"column":86}},"33":{"start":{"line":63,"column":25},"end":{"line":63,"column":55}},"34":{"start":{"line":64,"column":8},"end":{"line":64,"column":39}},"35":{"start":{"line":65,"column":8},"end":{"line":65,"column":45}},"36":{"start":{"line":67,"column":32},"end":{"line":67,"column":64}},"37":{"start":{"line":68,"column":8},"end":{"line":68,"column":47}},"38":{"start":{"line":69,"column":8},"end":{"line":69,"column":41}},"39":{"start":{"line":70,"column":8},"end":{"line":70,"column":44}},"40":{"start":{"line":72,"column":30},"end":{"line":72,"column":57}},"41":{"start":{"line":73,"column":8},"end":{"line":73,"column":71}},"42":{"start":{"line":74,"column":8},"end":{"line":74,"column":55}},"43":{"start":{"line":77,"column":27},"end":{"line":77,"column":57}},"44":{"start":{"line":78,"column":8},"end":{"line":78,"column":38}},"45":{"start":{"line":79,"column":8},"end":{"line":79,"column":46}},"46":{"start":{"line":81,"column":8},"end":{"line":81,"column":59}},"47":{"start":{"line":83,"column":8},"end":{"line":83,"column":83}},"48":{"start":{"line":85,"column":8},"end":{"line":85,"column":56}},"49":{"start":{"line":87,"column":19},"end":{"line":87,"column":47}},"50":{"start":{"line":90,"column":37},"end":{"line":90,"column":66}},"51":{"start":{"line":92,"column":26},"end":{"line":92,"column":58}},"52":{"start":{"line":93,"column":8},"end":{"line":93,"column":51}},"53":{"start":{"line":95,"column":8},"end":{"line":95,"column":51}},"54":{"start":{"line":97,"column":29},"end":{"line":97,"column":59}},"55":{"start":{"line":98,"column":8},"end":{"line":98,"column":41}},"56":{"start":{"line":99,"column":8},"end":{"line":99,"column":48}},"57":{"start":{"line":101,"column":8},"end":{"line":102,"column":52}},"58":{"start":{"line":104,"column":22},"end":{"line":104,"column":51}},"59":{"start":{"line":105,"column":8},"end":{"line":105,"column":37}},"60":{"start":{"line":106,"column":8},"end":{"line":106,"column":33}},"61":{"start":{"line":108,"column":8},"end":{"line":108,"column":76}},"62":{"start":{"line":109,"column":8},"end":{"line":109,"column":40}},"63":{"start":{"line":110,"column":8},"end":{"line":110,"column":35}},"64":{"start":{"line":113,"column":8},"end":{"line":113,"column":42}},"65":{"start":{"line":121,"column":8},"end":{"line":121,"column":33}},"66":{"start":{"line":122,"column":8},"end":{"line":124,"column":9}},"67":{"start":{"line":123,"column":12},"end":{"line":123,"column":25}},"68":{"start":{"line":125,"column":8},"end":{"line":125,"column":20}},"69":{"start":{"line":133,"column":24},"end":{"line":133,"column":54}},"70":{"start":{"line":134,"column":26},"end":{"line":134,"column":58}},"71":{"start":{"line":135,"column":8},"end":{"line":143,"column":9}},"72":{"start":{"line":136,"column":12},"end":{"line":136,"column":38}},"73":{"start":{"line":137,"column":12},"end":{"line":137,"column":58}},"74":{"start":{"line":138,"column":12},"end":{"line":138,"column":53}},"75":{"start":{"line":140,"column":12},"end":{"line":140,"column":39}},"76":{"start":{"line":141,"column":12},"end":{"line":141,"column":39}},"77":{"start":{"line":142,"column":12},"end":{"line":142,"column":56}},"78":{"start":{"line":151,"column":8},"end":{"line":156,"column":9}},"79":{"start":{"line":152,"column":12},"end":{"line":152,"column":33}},"80":{"start":{"line":153,"column":15},"end":{"line":156,"column":9}},"81":{"start":{"line":154,"column":12},"end":{"line":154,"column":47}},"82":{"start":{"line":155,"column":12},"end":{"line":155,"column":33}},"83":{"start":{"line":165,"column":22},"end":{"line":165,"column":60}},"84":{"start":{"line":166,"column":26},"end":{"line":166,"column":46}},"85":{"start":{"line":168,"column":8},"end":{"line":172,"column":9}},"86":{"start":{"line":169,"column":12},"end":{"line":169,"column":38}},"87":{"start":{"line":170,"column":12},"end":{"line":170,"column":30}},"88":{"start":{"line":171,"column":12},"end":{"line":171,"column":46}},"89":{"start":{"line":179,"column":22},"end":{"line":179,"column":60}},"90":{"start":{"line":180,"column":8},"end":{"line":180,"column":27}},"91":{"start":{"line":188,"column":8},"end":{"line":188,"column":28}},"92":{"start":{"line":196,"column":24},"end":{"line":196,"column":45}},"93":{"start":{"line":197,"column":8},"end":{"line":197,"column":46}},"94":{"start":{"line":198,"column":21},"end":{"line":198,"column":31}},"95":{"start":{"line":199,"column":8},"end":{"line":199,"column":53}},"96":{"start":{"line":200,"column":8},"end":{"line":200,"column":49}},"97":{"start":{"line":201,"column":8},"end":{"line":201,"column":71}},"98":{"start":{"line":201,"column":40},"end":{"line":201,"column":67}},"99":{"start":{"line":202,"column":8},"end":{"line":202,"column":71}},"100":{"start":{"line":202,"column":38},"end":{"line":202,"column":67}},"101":{"start":{"line":205,"column":8},"end":{"line":205,"column":56}},"102":{"start":{"line":208,"column":29},"end":{"line":208,"column":59}},"103":{"start":{"line":209,"column":8},"end":{"line":210,"column":39}},"104":{"start":{"line":219,"column":26},"end":{"line":219,"column":91}},"105":{"start":{"line":220,"column":32},"end":{"line":220,"column":66}},"106":{"start":{"line":221,"column":31},"end":{"line":221,"column":67}},"107":{"start":{"line":222,"column":27},"end":{"line":222,"column":60}},"108":{"start":{"line":223,"column":8},"end":{"line":247,"column":9}},"109":{"start":{"line":224,"column":12},"end":{"line":224,"column":81}},"110":{"start":{"line":225,"column":12},"end":{"line":225,"column":40}},"111":{"start":{"line":226,"column":12},"end":{"line":226,"column":57}},"112":{"start":{"line":229,"column":12},"end":{"line":232,"column":13}},"113":{"start":{"line":230,"column":16},"end":{"line":230,"column":76}},"114":{"start":{"line":231,"column":16},"end":{"line":231,"column":56}},"115":{"start":{"line":234,"column":12},"end":{"line":234,"column":69}},"116":{"start":{"line":235,"column":12},"end":{"line":235,"column":86}},"117":{"start":{"line":238,"column":12},"end":{"line":238,"column":67}},"118":{"start":{"line":239,"column":12},"end":{"line":239,"column":59}},"119":{"start":{"line":240,"column":12},"end":{"line":240,"column":54}},"120":{"start":{"line":243,"column":12},"end":{"line":246,"column":21}},"121":{"start":{"line":244,"column":16},"end":{"line":244,"column":44}},"122":{"start":{"line":245,"column":16},"end":{"line":245,"column":61}},"123":{"start":{"line":249,"column":8},"end":{"line":249,"column":71}},"124":{"start":{"line":258,"column":8},"end":{"line":258,"column":40}},"125":{"start":{"line":260,"column":8},"end":{"line":262,"column":9}},"126":{"start":{"line":261,"column":12},"end":{"line":261,"column":22}},"127":{"start":{"line":263,"column":19},"end":{"line":263,"column":42}},"128":{"start":{"line":265,"column":8},"end":{"line":265,"column":39}},"129":{"start":{"line":268,"column":8},"end":{"line":268,"column":83}},"130":{"start":{"line":271,"column":26},"end":{"line":271,"column":28}},"131":{"start":{"line":272,"column":25},"end":{"line":272,"column":43}},"132":{"start":{"line":273,"column":16},"end":{"line":273,"column":17}},"133":{"start":{"line":274,"column":8},"end":{"line":277,"column":9}},"134":{"start":{"line":274,"column":20},"end":{"line":274,"column":21}},"135":{"start":{"line":275,"column":12},"end":{"line":275,"column":37}},"136":{"start":{"line":275,"column":31},"end":{"line":275,"column":37}},"137":{"start":{"line":276,"column":12},"end":{"line":276,"column":47}},"138":{"start":{"line":278,"column":8},"end":{"line":278,"column":35}},"139":{"start":{"line":279,"column":8},"end":{"line":279,"column":40}},"140":{"start":{"line":280,"column":8},"end":{"line":280,"column":82}},"141":{"start":{"line":283,"column":26},"end":{"line":283,"column":28}},"142":{"start":{"line":284,"column":24},"end":{"line":284,"column":35}},"143":{"start":{"line":285,"column":8},"end":{"line":290,"column":9}},"144":{"start":{"line":287,"column":12},"end":{"line":287,"column":87}},"145":{"start":{"line":288,"column":12},"end":{"line":288,"column":63}},"146":{"start":{"line":289,"column":12},"end":{"line":289,"column":24}},"147":{"start":{"line":292,"column":8},"end":{"line":292,"column":20}},"148":{"start":{"line":299,"column":8},"end":{"line":299,"column":66}},"149":{"start":{"line":300,"column":22},"end":{"line":300,"column":55}},"150":{"start":{"line":301,"column":8},"end":{"line":301,"column":40}},"151":{"start":{"line":303,"column":8},"end":{"line":307,"column":9}},"152":{"start":{"line":304,"column":12},"end":{"line":304,"column":51}},"153":{"start":{"line":306,"column":12},"end":{"line":306,"column":50}},"154":{"start":{"line":310,"column":8},"end":{"line":314,"column":16}},"155":{"start":{"line":311,"column":12},"end":{"line":311,"column":70}},"156":{"start":{"line":312,"column":12},"end":{"line":312,"column":69}},"157":{"start":{"line":313,"column":12},"end":{"line":313,"column":48}},"158":{"start":{"line":316,"column":8},"end":{"line":316,"column":74}},"159":{"start":{"line":319,"column":8},"end":{"line":336,"column":9}},"160":{"start":{"line":320,"column":12},"end":{"line":320,"column":72}},"161":{"start":{"line":321,"column":12},"end":{"line":321,"column":52}},"162":{"start":{"line":322,"column":30},"end":{"line":322,"column":62}},"163":{"start":{"line":323,"column":12},"end":{"line":335,"column":13}},"164":{"start":{"line":323,"column":24},"end":{"line":323,"column":25}},"165":{"start":{"line":324,"column":16},"end":{"line":334,"column":17}},"166":{"start":{"line":325,"column":33},"end":{"line":325,"column":43}},"167":{"start":{"line":326,"column":20},"end":{"line":326,"column":69}},"168":{"start":{"line":327,"column":20},"end":{"line":327,"column":53}},"169":{"start":{"line":328,"column":20},"end":{"line":328,"column":48}},"170":{"start":{"line":329,"column":20},"end":{"line":329,"column":75}},"171":{"start":{"line":329,"column":52},"end":{"line":329,"column":71}},"172":{"start":{"line":330,"column":20},"end":{"line":330,"column":75}},"173":{"start":{"line":330,"column":50},"end":{"line":330,"column":71}},"174":{"start":{"line":332,"column":20},"end":{"line":332,"column":42}},"175":{"start":{"line":333,"column":20},"end":{"line":333,"column":68}},"176":{"start":{"line":343,"column":8},"end":{"line":343,"column":65}},"177":{"start":{"line":344,"column":22},"end":{"line":344,"column":55}},"178":{"start":{"line":345,"column":8},"end":{"line":345,"column":26}},"179":{"start":{"line":347,"column":8},"end":{"line":347,"column":50}},"180":{"start":{"line":348,"column":8},"end":{"line":348,"column":49}},"181":{"start":{"line":349,"column":8},"end":{"line":349,"column":65}},"182":{"start":{"line":350,"column":8},"end":{"line":350,"column":64}},"183":{"start":{"line":351,"column":8},"end":{"line":351,"column":73}},"184":{"start":{"line":358,"column":8},"end":{"line":358,"column":48}},"185":{"start":{"line":365,"column":8},"end":{"line":367,"column":9}},"186":{"start":{"line":366,"column":12},"end":{"line":366,"column":29}},"187":{"start":{"line":368,"column":8},"end":{"line":368,"column":58}},"188":{"start":{"line":375,"column":8},"end":{"line":377,"column":9}},"189":{"start":{"line":376,"column":12},"end":{"line":376,"column":29}},"190":{"start":{"line":378,"column":8},"end":{"line":378,"column":58}},"191":{"start":{"line":385,"column":8},"end":{"line":387,"column":9}},"192":{"start":{"line":386,"column":12},"end":{"line":386,"column":58}},"193":{"start":{"line":395,"column":8},"end":{"line":395,"column":29}},"194":{"start":{"line":404,"column":0},"end":{"line":404,"column":32}},"195":{"start":{"line":411,"column":0},"end":{"line":411,"column":30}},"196":{"start":{"line":418,"column":0},"end":{"line":418,"column":79}},"197":{"start":{"line":420,"column":0},"end":{"line":420,"column":45}}},"fnMap":{"0":{"name":"(anonymous_0)","decl":{"start":{"line":11,"column":4},"end":{"line":11,"column":5}},"loc":{"start":{"line":11,"column":18},"end":{"line":114,"column":5}},"line":11},"1":{"name":"(anonymous_1)","decl":{"start":{"line":120,"column":4},"end":{"line":120,"column":5}},"loc":{"start":{"line":120,"column":35},"end":{"line":126,"column":5}},"line":120},"2":{"name":"(anonymous_2)","decl":{"start":{"line":132,"column":4},"end":{"line":132,"column":5}},"loc":{"start":{"line":132,"column":31},"end":{"line":144,"column":5}},"line":132},"3":{"name":"(anonymous_3)","decl":{"start":{"line":150,"column":4},"end":{"line":150,"column":5}},"loc":{"start":{"line":150,"column":31},"end":{"line":157,"column":5}},"line":150},"4":{"name":"(anonymous_4)","decl":{"start":{"line":164,"column":4},"end":{"line":164,"column":5}},"loc":{"start":{"line":164,"column":20},"end":{"line":173,"column":5}},"line":164},"5":{"name":"(anonymous_5)","decl":{"start":{"line":178,"column":4},"end":{"line":178,"column":5}},"loc":{"start":{"line":178,"column":17},"end":{"line":181,"column":5}},"line":178},"6":{"name":"(anonymous_6)","decl":{"start":{"line":187,"column":4},"end":{"line":187,"column":5}},"loc":{"start":{"line":187,"column":15},"end":{"line":189,"column":5}},"line":187},"7":{"name":"(anonymous_7)","decl":{"start":{"line":195,"column":4},"end":{"line":195,"column":5}},"loc":{"start":{"line":195,"column":25},"end":{"line":211,"column":5}},"line":195},"8":{"name":"(anonymous_8)","decl":{"start":{"line":201,"column":32},"end":{"line":201,"column":33}},"loc":{"start":{"line":201,"column":38},"end":{"line":201,"column":69}},"line":201},"9":{"name":"(anonymous_9)","decl":{"start":{"line":202,"column":30},"end":{"line":202,"column":31}},"loc":{"start":{"line":202,"column":36},"end":{"line":202,"column":69}},"line":202},"10":{"name":"(anonymous_10)","decl":{"start":{"line":217,"column":4},"end":{"line":217,"column":5}},"loc":{"start":{"line":217,"column":28},"end":{"line":250,"column":5}},"line":217},"11":{"name":"(anonymous_11)","decl":{"start":{"line":243,"column":23},"end":{"line":243,"column":24}},"loc":{"start":{"line":243,"column":29},"end":{"line":246,"column":13}},"line":243},"12":{"name":"(anonymous_12)","decl":{"start":{"line":256,"column":4},"end":{"line":256,"column":5}},"loc":{"start":{"line":256,"column":26},"end":{"line":293,"column":5}},"line":256},"13":{"name":"(anonymous_13)","decl":{"start":{"line":298,"column":4},"end":{"line":298,"column":5}},"loc":{"start":{"line":298,"column":19},"end":{"line":337,"column":5}},"line":298},"14":{"name":"(anonymous_14)","decl":{"start":{"line":310,"column":19},"end":{"line":310,"column":20}},"loc":{"start":{"line":310,"column":25},"end":{"line":314,"column":9}},"line":310},"15":{"name":"(anonymous_15)","decl":{"start":{"line":329,"column":44},"end":{"line":329,"column":45}},"loc":{"start":{"line":329,"column":50},"end":{"line":329,"column":73}},"line":329},"16":{"name":"(anonymous_16)","decl":{"start":{"line":330,"column":42},"end":{"line":330,"column":43}},"loc":{"start":{"line":330,"column":48},"end":{"line":330,"column":73}},"line":330},"17":{"name":"(anonymous_17)","decl":{"start":{"line":342,"column":4},"end":{"line":342,"column":5}},"loc":{"start":{"line":342,"column":20},"end":{"line":352,"column":5}},"line":342},"18":{"name":"(anonymous_18)","decl":{"start":{"line":357,"column":4},"end":{"line":357,"column":5}},"loc":{"start":{"line":357,"column":18},"end":{"line":359,"column":5}},"line":357},"19":{"name":"(anonymous_19)","decl":{"start":{"line":364,"column":4},"end":{"line":364,"column":5}},"loc":{"start":{"line":364,"column":18},"end":{"line":369,"column":5}},"line":364},"20":{"name":"(anonymous_20)","decl":{"start":{"line":374,"column":4},"end":{"line":374,"column":5}},"loc":{"start":{"line":374,"column":22},"end":{"line":379,"column":5}},"line":374},"21":{"name":"(anonymous_21)","decl":{"start":{"line":384,"column":4},"end":{"line":384,"column":5}},"loc":{"start":{"line":384,"column":14},"end":{"line":388,"column":5}},"line":384},"22":{"name":"(anonymous_22)","decl":{"start":{"line":394,"column":4},"end":{"line":394,"column":5}},"loc":{"start":{"line":394,"column":25},"end":{"line":396,"column":5}},"line":394}},"branchMap":{"0":{"loc":{"start":{"line":122,"column":8},"end":{"line":124,"column":9}},"type":"if","locations":[{"start":{"line":122,"column":8},"end":{"line":124,"column":9}},{"start":{"line":122,"column":8},"end":{"line":124,"column":9}}],"line":122},"1":{"loc":{"start":{"line":122,"column":12},"end":{"line":122,"column":78}},"type":"binary-expr","locations":[{"start":{"line":122,"column":12},"end":{"line":122,"column":31}},{"start":{"line":122,"column":35},"end":{"line":122,"column":78}}],"line":122},"2":{"loc":{"start":{"line":135,"column":8},"end":{"line":143,"column":9}},"type":"if","locations":[{"start":{"line":135,"column":8},"end":{"line":143,"column":9}},{"start":{"line":135,"column":8},"end":{"line":143,"column":9}}],"line":135},"3":{"loc":{"start":{"line":135,"column":12},"end":{"line":135,"column":82}},"type":"binary-expr","locations":[{"start":{"line":135,"column":12},"end":{"line":135,"column":32}},{"start":{"line":135,"column":36},"end":{"line":135,"column":82}}],"line":135},"4":{"loc":{"start":{"line":151,"column":8},"end":{"line":156,"column":9}},"type":"if","locations":[{"start":{"line":151,"column":8},"end":{"line":156,"column":9}},{"start":{"line":151,"column":8},"end":{"line":156,"column":9}}],"line":151},"5":{"loc":{"start":{"line":153,"column":15},"end":{"line":156,"column":9}},"type":"if","locations":[{"start":{"line":153,"column":15},"end":{"line":156,"column":9}},{"start":{"line":153,"column":15},"end":{"line":156,"column":9}}],"line":153},"6":{"loc":{"start":{"line":168,"column":8},"end":{"line":172,"column":9}},"type":"if","locations":[{"start":{"line":168,"column":8},"end":{"line":172,"column":9}},{"start":{"line":168,"column":8},"end":{"line":172,"column":9}}],"line":168},"7":{"loc":{"start":{"line":223,"column":8},"end":{"line":247,"column":9}},"type":"if","locations":[{"start":{"line":223,"column":8},"end":{"line":247,"column":9}},{"start":{"line":223,"column":8},"end":{"line":247,"column":9}}],"line":223},"8":{"loc":{"start":{"line":229,"column":12},"end":{"line":232,"column":13}},"type":"if","locations":[{"start":{"line":229,"column":12},"end":{"line":232,"column":13}},{"start":{"line":229,"column":12},"end":{"line":232,"column":13}}],"line":229},"9":{"loc":{"start":{"line":260,"column":8},"end":{"line":262,"column":9}},"type":"if","locations":[{"start":{"line":260,"column":8},"end":{"line":262,"column":9}},{"start":{"line":260,"column":8},"end":{"line":262,"column":9}}],"line":260},"10":{"loc":{"start":{"line":275,"column":12},"end":{"line":275,"column":37}},"type":"if","locations":[{"start":{"line":275,"column":12},"end":{"line":275,"column":37}},{"start":{"line":275,"column":12},"end":{"line":275,"column":37}}],"line":275},"11":{"loc":{"start":{"line":303,"column":8},"end":{"line":307,"column":9}},"type":"if","locations":[{"start":{"line":303,"column":8},"end":{"line":307,"column":9}},{"start":{"line":303,"column":8},"end":{"line":307,"column":9}}],"line":303},"12":{"loc":{"start":{"line":319,"column":8},"end":{"line":336,"column":9}},"type":"if","locations":[{"start":{"line":319,"column":8},"end":{"line":336,"column":9}},{"start":{"line":319,"column":8},"end":{"line":336,"column":9}}],"line":319},"13":{"loc":{"start":{"line":324,"column":16},"end":{"line":334,"column":17}},"type":"if","locations":[{"start":{"line":324,"column":16},"end":{"line":334,"column":17}},{"start":{"line":324,"column":16},"end":{"line":334,"column":17}}],"line":324},"14":{"loc":{"start":{"line":365,"column":8},"end":{"line":367,"column":9}},"type":"if","locations":[{"start":{"line":365,"column":8},"end":{"line":367,"column":9}},{"start":{"line":365,"column":8},"end":{"line":367,"column":9}}],"line":365},"15":{"loc":{"start":{"line":375,"column":8},"end":{"line":377,"column":9}},"type":"if","locations":[{"start":{"line":375,"column":8},"end":{"line":377,"column":9}},{"start":{"line":375,"column":8},"end":{"line":377,"column":9}}],"line":375},"16":{"loc":{"start":{"line":385,"column":8},"end":{"line":387,"column":9}},"type":"if","locations":[{"start":{"line":385,"column":8},"end":{"line":387,"column":9}},{"start":{"line":385,"column":8},"end":{"line":387,"column":9}}],"line":385}},"s":{"0":8,"1":8,"2":8,"3":8,"4":8,"5":8,"6":8,"7":8,"8":8,"9":8,"10":8,"11":8,"12":8,"13":8,"14":8,"15":8,"16":8,"17":8,"18":8,"19":8,"20":8,"21":8,"22":8,"23":8,"24":8,"25":8,"26":8,"27":8,"28":8,"29":8,"30":8,"31":8,"32":8,"33":8,"34":8,"35":8,"36":8,"37":8,"38":8,"39":8,"40":8,"41":8,"42":8,"43":8,"44":8,"45":8,"46":8,"47":8,"48":8,"49":8,"50":8,"51":8,"52":8,"53":8,"54":8,"55":8,"56":8,"57":8,"58":8,"59":8,"60":8,"61":8,"62":8,"63":8,"64":8,"65":6,"66":6,"67":3,"68":3,"69":8,"70":8,"71":8,"72":8,"73":8,"74":8,"75":0,"76":0,"77":0,"78":0,"79":0,"80":0,"81":0,"82":0,"83":0,"84":0,"85":0,"86":0,"87":0,"88":0,"89":1,"90":1,"91":1,"92":21,"93":21,"94":21,"95":21,"96":21,"97":21,"98":0,"99":21,"100":0,"101":21,"102":21,"103":21,"104":0,"105":0,"106":0,"107":0,"108":0,"109":0,"110":0,"111":0,"112":0,"113":0,"114":0,"115":0,"116":0,"117":0,"118":0,"119":0,"120":0,"121":0,"122":0,"123":0,"124":9,"125":9,"126":0,"127":9,"128":9,"129":9,"130":9,"131":9,"132":9,"133":9,"134":9,"135":6,"136":4,"137":2,"138":9,"139":9,"140":9,"141":9,"142":9,"143":9,"144":4,"145":4,"146":4,"147":9,"148":0,"149":0,"150":0,"151":0,"152":0,"153":0,"154":0,"155":0,"156":0,"157":0,"158":0,"159":0,"160":0,"161":0,"162":0,"163":0,"164":0,"165":0,"166":0,"167":0,"168":0,"169":0,"170":0,"171":0,"172":0,"173":0,"174":0,"175":0,"176":0,"177":0,"178":0,"179":0,"180":0,"181":0,"182":0,"183":0,"184":27,"185":3,"186":2,"187":1,"188":2,"189":1,"190":1,"191":6,"192":6,"193":0,"194":1,"195":1,"196":1,"197":1},"f":{"0":8,"1":6,"2":8,"3":0,"4":0,"5":1,"6":1,"7":21,"8":0,"9":0,"10":0,"11":0,"12":9,"13":0,"14":0,"15":0,"16":0,"17":0,"18":27,"19":3,"20":2,"21":6,"22":0},"b":{"0":[3,3],"1":[6,4],"2":[8,0],"3":[8,0],"4":[0,0],"5":[0,0],"6":[0,0],"7":[0,0],"8":[0,0],"9":[0,9],"10":[4,2],"11":[0,0],"12":[0,0],"13":[0,0],"14":[2,1],"15":[1,1],"16":[6,0]},"inputSourceMap":null,"_coverageSchema":"1a1c01bbd47fc00a2c39e90264f33305004495a9","hash":"e775f18026e597f65b0f37ad051bf079fb1e2beb"}
,"C:\\Users\\rishm\\Coding\\CSE112\\cse112-s22-group14\\source\\v1\\js\\timer.js": {"path":"C:\\Users\\rishm\\Coding\\CSE112\\cse112-s22-group14\\source\\v1\\js\\timer.js","statementMap":{"0":{"start":{"line":11,"column":38},"end":{"line":11,"column":68}},"1":{"start":{"line":17,"column":8},"end":{"line":17,"column":16}},"2":{"start":{"line":19,"column":24},"end":{"line":19,"column":53}},"3":{"start":{"line":20,"column":8},"end":{"line":20,"column":38}},"4":{"start":{"line":22,"column":29},"end":{"line":22,"column":57}},"5":{"start":{"line":23,"column":8},"end":{"line":23,"column":43}},"6":{"start":{"line":25,"column":32},"end":{"line":25,"column":60}},"7":{"start":{"line":26,"column":8},"end":{"line":26,"column":49}},"8":{"start":{"line":27,"column":8},"end":{"line":27,"column":60}},"9":{"start":{"line":29,"column":19},"end":{"line":29,"column":47}},"10":{"start":{"line":32,"column":8},"end":{"line":32,"column":66}},"11":{"start":{"line":35,"column":8},"end":{"line":42,"column":9}},"12":{"start":{"line":35,"column":32},"end":{"line":35,"column":33}},"13":{"start":{"line":36,"column":31},"end":{"line":36,"column":60}},"14":{"start":{"line":37,"column":12},"end":{"line":37,"column":52}},"15":{"start":{"line":38,"column":12},"end":{"line":38,"column":50}},"16":{"start":{"line":39,"column":12},"end":{"line":39,"column":48}},"17":{"start":{"line":40,"column":12},"end":{"line":40,"column":59}},"18":{"start":{"line":41,"column":12},"end":{"line":41,"column":43}},"19":{"start":{"line":44,"column":8},"end":{"line":44,"column":31}},"20":{"start":{"line":53,"column":8},"end":{"line":55,"column":9}},"21":{"start":{"line":54,"column":12},"end":{"line":54,"column":26}},"22":{"start":{"line":56,"column":21},"end":{"line":56,"column":49}},"23":{"start":{"line":57,"column":24},"end":{"line":57,"column":68}},"24":{"start":{"line":58,"column":24},"end":{"line":58,"column":68}},"25":{"start":{"line":59,"column":8},"end":{"line":59,"column":43}},"26":{"start":{"line":69,"column":8},"end":{"line":71,"column":9}},"27":{"start":{"line":70,"column":12},"end":{"line":70,"column":36}},"28":{"start":{"line":80,"column":8},"end":{"line":80,"column":120}},"29":{"start":{"line":82,"column":8},"end":{"line":85,"column":9}},"30":{"start":{"line":82,"column":32},"end":{"line":82,"column":33}},"31":{"start":{"line":83,"column":30},"end":{"line":83,"column":94}},"32":{"start":{"line":84,"column":12},"end":{"line":84,"column":117}},"33":{"start":{"line":94,"column":0},"end":{"line":94,"column":63}},"34":{"start":{"line":101,"column":0},"end":{"line":101,"column":61}},"35":{"start":{"line":102,"column":0},"end":{"line":102,"column":53}}},"fnMap":{"0":{"name":"(anonymous_0)","decl":{"start":{"line":11,"column":4},"end":{"line":11,"column":5}},"loc":{"start":{"line":11,"column":36},"end":{"line":11,"column":70}},"line":11},"1":{"name":"(anonymous_1)","decl":{"start":{"line":16,"column":4},"end":{"line":16,"column":5}},"loc":{"start":{"line":16,"column":18},"end":{"line":45,"column":5}},"line":16},"2":{"name":"(anonymous_2)","decl":{"start":{"line":52,"column":4},"end":{"line":52,"column":5}},"loc":{"start":{"line":52,"column":41},"end":{"line":60,"column":5}},"line":52},"3":{"name":"(anonymous_3)","decl":{"start":{"line":68,"column":4},"end":{"line":68,"column":5}},"loc":{"start":{"line":68,"column":68},"end":{"line":72,"column":5}},"line":68},"4":{"name":"(anonymous_4)","decl":{"start":{"line":78,"column":4},"end":{"line":78,"column":5}},"loc":{"start":{"line":78,"column":23},"end":{"line":86,"column":5}},"line":78}},"branchMap":{"0":{"loc":{"start":{"line":53,"column":8},"end":{"line":55,"column":9}},"type":"if","locations":[{"start":{"line":53,"column":8},"end":{"line":55,"column":9}},{"start":{"line":53,"column":8},"end":{"line":55,"column":9}}],"line":53},"1":{"loc":{"start":{"line":69,"column":8},"end":{"line":71,"column":9}},"type":"if","locations":[{"start":{"line":69,"column":8},"end":{"line":71,"column":9}},{"start":{"line":69,"column":8},"end":{"line":71,"column":9}}],"line":69},"2":{"loc":{"start":{"line":83,"column":30},"end":{"line":83,"column":94}},"type":"cond-expr","locations":[{"start":{"line":83,"column":82},"end":{"line":83,"column":87}},{"start":{"line":83,"column":90},"end":{"line":83,"column":94}}],"line":83}},"s":{"0":2,"1":3,"2":3,"3":3,"4":3,"5":3,"6":3,"7":3,"8":3,"9":3,"10":3,"11":3,"12":3,"13":12,"14":12,"15":12,"16":12,"17":12,"18":12,"19":3,"20":13,"21":3,"22":10,"23":10,"24":10,"25":10,"26":8,"27":6,"28":6,"29":6,"30":6,"31":24,"32":24,"33":2,"34":2,"35":2},"f":{"0":2,"1":3,"2":13,"3":8,"4":6},"b":{"0":[3,10],"1":[6,2],"2":[0,24]},"inputSourceMap":null,"_coverageSchema":"1a1c01bbd47fc00a2c39e90264f33305004495a9","hash":"bd39097f9ebe9824bfa7138d200bde9c500fe846"}
,"C:\\Users\\rishm\\Coding\\CSE112\\cse112-s22-group14\\source\\v1\\js\\timerContainer.js": {"path":"C:\\Users\\rishm\\Coding\\CSE112\\cse112-s22-group14\\source\\v1\\js\\timerContainer.js","statementMap":{"0":{"start":{"line":13,"column":8},"end":{"line":13,"column":16}},"1":{"start":{"line":15,"column":24},"end":{"line":15,"column":53}},"2":{"start":{"line":16,"column":8},"end":{"line":16,"column":42}},"3":{"start":{"line":18,"column":29},"end":{"line":18,"column":57}},"4":{"start":{"line":19,"column":8},"end":{"line":19,"column":43}},"5":{"start":{"line":22,"column":30},"end":{"line":22,"column":48}},"6":{"start":{"line":23,"column":8},"end":{"line":23,"column":48}},"7":{"start":{"line":24,"column":8},"end":{"line":24,"column":54}},"8":{"start":{"line":26,"column":31},"end":{"line":26,"column":61}},"9":{"start":{"line":27,"column":8},"end":{"line":27,"column":47}},"10":{"start":{"line":28,"column":8},"end":{"line":28,"column":51}},"11":{"start":{"line":31,"column":26},"end":{"line":31,"column":58}},"12":{"start":{"line":32,"column":8},"end":{"line":32,"column":37}},"13":{"start":{"line":33,"column":8},"end":{"line":33,"column":45}},"14":{"start":{"line":34,"column":8},"end":{"line":34,"column":63}},"15":{"start":{"line":36,"column":37},"end":{"line":36,"column":90}},"16":{"start":{"line":36,"column":45},"end":{"line":36,"column":88}},"17":{"start":{"line":37,"column":8},"end":{"line":37,"column":68}},"18":{"start":{"line":39,"column":33},"end":{"line":39,"column":63}},"19":{"start":{"line":40,"column":8},"end":{"line":40,"column":46}},"20":{"start":{"line":41,"column":8},"end":{"line":41,"column":52}},"21":{"start":{"line":44,"column":26},"end":{"line":44,"column":58}},"22":{"start":{"line":45,"column":8},"end":{"line":45,"column":37}},"23":{"start":{"line":46,"column":8},"end":{"line":46,"column":58}},"24":{"start":{"line":47,"column":8},"end":{"line":47,"column":63}},"25":{"start":{"line":48,"column":8},"end":{"line":48,"column":79}},"26":{"start":{"line":50,"column":33},"end":{"line":50,"column":63}},"27":{"start":{"line":51,"column":8},"end":{"line":51,"column":46}},"28":{"start":{"line":52,"column":8},"end":{"line":52,"column":52}},"29":{"start":{"line":54,"column":8},"end":{"line":54,"column":98}},"30":{"start":{"line":57,"column":29},"end":{"line":57,"column":59}},"31":{"start":{"line":58,"column":8},"end":{"line":58,"column":43}},"32":{"start":{"line":59,"column":8},"end":{"line":59,"column":49}},"33":{"start":{"line":61,"column":24},"end":{"line":61,"column":56}},"34":{"start":{"line":62,"column":8},"end":{"line":62,"column":33}},"35":{"start":{"line":63,"column":8},"end":{"line":63,"column":43}},"36":{"start":{"line":64,"column":8},"end":{"line":64,"column":59}},"37":{"start":{"line":65,"column":35},"end":{"line":65,"column":86}},"38":{"start":{"line":65,"column":43},"end":{"line":65,"column":84}},"39":{"start":{"line":66,"column":8},"end":{"line":66,"column":64}},"40":{"start":{"line":68,"column":31},"end":{"line":68,"column":61}},"41":{"start":{"line":69,"column":8},"end":{"line":69,"column":42}},"42":{"start":{"line":70,"column":8},"end":{"line":70,"column":50}},"43":{"start":{"line":72,"column":8},"end":{"line":72,"column":59}},"44":{"start":{"line":74,"column":8},"end":{"line":74,"column":92}},"45":{"start":{"line":76,"column":8},"end":{"line":76,"column":31}},"46":{"start":{"line":79,"column":8},"end":{"line":79,"column":31}},"47":{"start":{"line":80,"column":8},"end":{"line":80,"column":57}},"48":{"start":{"line":81,"column":8},"end":{"line":81,"column":30}},"49":{"start":{"line":82,"column":8},"end":{"line":82,"column":32}},"50":{"start":{"line":84,"column":8},"end":{"line":84,"column":32}},"51":{"start":{"line":92,"column":8},"end":{"line":92,"column":28}},"52":{"start":{"line":93,"column":8},"end":{"line":93,"column":68}},"53":{"start":{"line":94,"column":8},"end":{"line":94,"column":65}},"54":{"start":{"line":95,"column":8},"end":{"line":95,"column":56}},"55":{"start":{"line":96,"column":26},"end":{"line":96,"column":58}},"56":{"start":{"line":97,"column":8},"end":{"line":97,"column":35}},"57":{"start":{"line":98,"column":8},"end":{"line":98,"column":52}},"58":{"start":{"line":99,"column":8},"end":{"line":99,"column":32}},"59":{"start":{"line":108,"column":8},"end":{"line":108,"column":25}},"60":{"start":{"line":109,"column":8},"end":{"line":109,"column":32}},"61":{"start":{"line":116,"column":8},"end":{"line":116,"column":26}},"62":{"start":{"line":117,"column":8},"end":{"line":117,"column":32}},"63":{"start":{"line":118,"column":8},"end":{"line":118,"column":55}},"64":{"start":{"line":119,"column":26},"end":{"line":119,"column":58}},"65":{"start":{"line":120,"column":8},"end":{"line":120,"column":59}},"66":{"start":{"line":121,"column":8},"end":{"line":121,"column":49}},"67":{"start":{"line":122,"column":8},"end":{"line":122,"column":65}},"68":{"start":{"line":123,"column":8},"end":{"line":123,"column":58}},"69":{"start":{"line":124,"column":8},"end":{"line":124,"column":68}},"70":{"start":{"line":131,"column":8},"end":{"line":131,"column":56}},"71":{"start":{"line":138,"column":8},"end":{"line":138,"column":57}},"72":{"start":{"line":146,"column":8},"end":{"line":148,"column":9}},"73":{"start":{"line":147,"column":12},"end":{"line":147,"column":22}},"74":{"start":{"line":149,"column":26},"end":{"line":149,"column":46}},"75":{"start":{"line":150,"column":29},"end":{"line":150,"column":60}},"76":{"start":{"line":151,"column":25},"end":{"line":151,"column":93}},"77":{"start":{"line":153,"column":8},"end":{"line":153,"column":51}},"78":{"start":{"line":161,"column":8},"end":{"line":161,"column":107}},"79":{"start":{"line":162,"column":8},"end":{"line":162,"column":90}},"80":{"start":{"line":163,"column":8},"end":{"line":163,"column":90}},"81":{"start":{"line":173,"column":8},"end":{"line":209,"column":9}},"82":{"start":{"line":175,"column":16},"end":{"line":175,"column":65}},"83":{"start":{"line":176,"column":36},"end":{"line":176,"column":70}},"84":{"start":{"line":178,"column":16},"end":{"line":178,"column":71}},"85":{"start":{"line":179,"column":16},"end":{"line":179,"column":59}},"86":{"start":{"line":180,"column":16},"end":{"line":180,"column":38}},"87":{"start":{"line":182,"column":16},"end":{"line":191,"column":17}},"88":{"start":{"line":183,"column":20},"end":{"line":183,"column":65}},"89":{"start":{"line":185,"column":20},"end":{"line":185,"column":46}},"90":{"start":{"line":188,"column":20},"end":{"line":188,"column":65}},"91":{"start":{"line":190,"column":20},"end":{"line":190,"column":45}},"92":{"start":{"line":192,"column":16},"end":{"line":192,"column":58}},"93":{"start":{"line":193,"column":16},"end":{"line":193,"column":22}},"94":{"start":{"line":196,"column":16},"end":{"line":196,"column":38}},"95":{"start":{"line":198,"column":16},"end":{"line":198,"column":57}},"96":{"start":{"line":200,"column":16},"end":{"line":200,"column":66}},"97":{"start":{"line":201,"column":37},"end":{"line":201,"column":71}},"98":{"start":{"line":202,"column":16},"end":{"line":202,"column":46}},"99":{"start":{"line":203,"column":16},"end":{"line":203,"column":63}},"100":{"start":{"line":204,"column":16},"end":{"line":204,"column":58}},"101":{"start":{"line":206,"column":16},"end":{"line":206,"column":42}},"102":{"start":{"line":207,"column":16},"end":{"line":207,"column":22}},"103":{"start":{"line":210,"column":8},"end":{"line":210,"column":49}},"104":{"start":{"line":217,"column":8},"end":{"line":219,"column":9}},"105":{"start":{"line":218,"column":12},"end":{"line":218,"column":53}},"106":{"start":{"line":227,"column":8},"end":{"line":238,"column":9}},"107":{"start":{"line":229,"column":12},"end":{"line":236,"column":45}},"108":{"start":{"line":230,"column":39},"end":{"line":230,"column":62}},"109":{"start":{"line":231,"column":16},"end":{"line":234,"column":17}},"110":{"start":{"line":232,"column":20},"end":{"line":232,"column":41}},"111":{"start":{"line":233,"column":20},"end":{"line":233,"column":63}},"112":{"start":{"line":235,"column":16},"end":{"line":235,"column":40}},"113":{"start":{"line":237,"column":12},"end":{"line":237,"column":33}},"114":{"start":{"line":246,"column":8},"end":{"line":246,"column":57}},"115":{"start":{"line":247,"column":8},"end":{"line":247,"column":31}},"116":{"start":{"line":248,"column":8},"end":{"line":248,"column":30}},"117":{"start":{"line":249,"column":8},"end":{"line":249,"column":42}},"118":{"start":{"line":250,"column":8},"end":{"line":250,"column":32}},"119":{"start":{"line":258,"column":8},"end":{"line":262,"column":9}},"120":{"start":{"line":259,"column":12},"end":{"line":259,"column":69}},"121":{"start":{"line":261,"column":12},"end":{"line":261,"column":77}},"122":{"start":{"line":263,"column":8},"end":{"line":263,"column":57}},"123":{"start":{"line":271,"column":0},"end":{"line":271,"column":47}},"124":{"start":{"line":278,"column":0},"end":{"line":278,"column":45}},"125":{"start":{"line":285,"column":0},"end":{"line":285,"column":47}},"126":{"start":{"line":291,"column":0},"end":{"line":291,"column":31}},"127":{"start":{"line":298,"column":0},"end":{"line":298,"column":33}},"128":{"start":{"line":305,"column":0},"end":{"line":305,"column":26}},"129":{"start":{"line":312,"column":0},"end":{"line":312,"column":29}},"130":{"start":{"line":319,"column":0},"end":{"line":319,"column":29}},"131":{"start":{"line":326,"column":0},"end":{"line":326,"column":65}},"132":{"start":{"line":333,"column":0},"end":{"line":333,"column":132}},"133":{"start":{"line":340,"column":0},"end":{"line":340,"column":35}},"134":{"start":{"line":347,"column":0},"end":{"line":347,"column":67}},"135":{"start":{"line":354,"column":0},"end":{"line":354,"column":52}},"136":{"start":{"line":356,"column":0},"end":{"line":356,"column":55}}},"fnMap":{"0":{"name":"(anonymous_0)","decl":{"start":{"line":12,"column":4},"end":{"line":12,"column":5}},"loc":{"start":{"line":12,"column":18},"end":{"line":85,"column":5}},"line":12},"1":{"name":"(anonymous_1)","decl":{"start":{"line":36,"column":37},"end":{"line":36,"column":38}},"loc":{"start":{"line":36,"column":43},"end":{"line":36,"column":90}},"line":36},"2":{"name":"(anonymous_2)","decl":{"start":{"line":65,"column":35},"end":{"line":65,"column":36}},"loc":{"start":{"line":65,"column":41},"end":{"line":65,"column":86}},"line":65},"3":{"name":"(anonymous_3)","decl":{"start":{"line":91,"column":4},"end":{"line":91,"column":5}},"loc":{"start":{"line":91,"column":22},"end":{"line":100,"column":5}},"line":91},"4":{"name":"(anonymous_4)","decl":{"start":{"line":107,"column":4},"end":{"line":107,"column":5}},"loc":{"start":{"line":107,"column":22},"end":{"line":110,"column":5}},"line":107},"5":{"name":"(anonymous_5)","decl":{"start":{"line":115,"column":4},"end":{"line":115,"column":5}},"loc":{"start":{"line":115,"column":23},"end":{"line":125,"column":5}},"line":115},"6":{"name":"(anonymous_6)","decl":{"start":{"line":130,"column":4},"end":{"line":130,"column":5}},"loc":{"start":{"line":130,"column":25},"end":{"line":132,"column":5}},"line":130},"7":{"name":"(anonymous_7)","decl":{"start":{"line":137,"column":4},"end":{"line":137,"column":5}},"loc":{"start":{"line":137,"column":24},"end":{"line":139,"column":5}},"line":137},"8":{"name":"(anonymous_8)","decl":{"start":{"line":145,"column":4},"end":{"line":145,"column":5}},"loc":{"start":{"line":145,"column":23},"end":{"line":154,"column":5}},"line":145},"9":{"name":"(anonymous_9)","decl":{"start":{"line":160,"column":4},"end":{"line":160,"column":5}},"loc":{"start":{"line":160,"column":23},"end":{"line":164,"column":5}},"line":160},"10":{"name":"(anonymous_10)","decl":{"start":{"line":172,"column":4},"end":{"line":172,"column":5}},"loc":{"start":{"line":172,"column":20},"end":{"line":211,"column":5}},"line":172},"11":{"name":"(anonymous_11)","decl":{"start":{"line":216,"column":4},"end":{"line":216,"column":5}},"loc":{"start":{"line":216,"column":16},"end":{"line":220,"column":5}},"line":216},"12":{"name":"(anonymous_12)","decl":{"start":{"line":226,"column":4},"end":{"line":226,"column":5}},"loc":{"start":{"line":226,"column":19},"end":{"line":239,"column":5}},"line":226},"13":{"name":"(anonymous_13)","decl":{"start":{"line":229,"column":45},"end":{"line":229,"column":46}},"loc":{"start":{"line":229,"column":51},"end":{"line":236,"column":13}},"line":229},"14":{"name":"(anonymous_14)","decl":{"start":{"line":244,"column":4},"end":{"line":244,"column":5}},"loc":{"start":{"line":244,"column":17},"end":{"line":251,"column":5}},"line":244},"15":{"name":"(anonymous_15)","decl":{"start":{"line":256,"column":4},"end":{"line":256,"column":5}},"loc":{"start":{"line":256,"column":18},"end":{"line":264,"column":5}},"line":256}},"branchMap":{"0":{"loc":{"start":{"line":146,"column":8},"end":{"line":148,"column":9}},"type":"if","locations":[{"start":{"line":146,"column":8},"end":{"line":148,"column":9}},{"start":{"line":146,"column":8},"end":{"line":148,"column":9}}],"line":146},"1":{"loc":{"start":{"line":153,"column":16},"end":{"line":153,"column":49}},"type":"cond-expr","locations":[{"start":{"line":153,"column":34},"end":{"line":153,"column":44}},{"start":{"line":153,"column":47},"end":{"line":153,"column":49}}],"line":153},"2":{"loc":{"start":{"line":173,"column":8},"end":{"line":209,"column":9}},"type":"switch","locations":[{"start":{"line":174,"column":12},"end":{"line":193,"column":22}},{"start":{"line":195,"column":12},"end":{"line":196,"column":38}},{"start":{"line":197,"column":12},"end":{"line":198,"column":57}},{"start":{"line":199,"column":12},"end":{"line":207,"column":22}}],"line":173},"3":{"loc":{"start":{"line":182,"column":16},"end":{"line":191,"column":17}},"type":"if","locations":[{"start":{"line":182,"column":16},"end":{"line":191,"column":17}},{"start":{"line":182,"column":16},"end":{"line":191,"column":17}}],"line":182},"4":{"loc":{"start":{"line":217,"column":8},"end":{"line":219,"column":9}},"type":"if","locations":[{"start":{"line":217,"column":8},"end":{"line":219,"column":9}},{"start":{"line":217,"column":8},"end":{"line":219,"column":9}}],"line":217},"5":{"loc":{"start":{"line":227,"column":8},"end":{"line":238,"column":9}},"type":"if","locations":[{"start":{"line":227,"column":8},"end":{"line":238,"column":9}},{"start":{"line":227,"column":8},"end":{"line":238,"column":9}}],"line":227},"6":{"loc":{"start":{"line":231,"column":16},"end":{"line":234,"column":17}},"type":"if","locations":[{"start":{"line":231,"column":16},"end":{"line":234,"column":17}},{"start":{"line":231,"column":16},"end":{"line":234,"column":17}}],"line":231},"7":{"loc":{"start":{"line":258,"column":8},"end":{"line":262,"column":9}},"type":"if","locations":[{"start":{"line":258,"column":8},"end":{"line":262,"column":9}},{"start":{"line":258,"column":8},"end":{"line":262,"column":9}}],"line":258}},"s":{"0":2,"1":2,"2":2,"3":2,"4":2,"5":2,"6":2,"7":2,"8":2,"9":2,"10":2,"11":2,"12":2,"13":2,"14":2,"15":2,"16":0,"17":2,"18":2,"19":2,"20":2,"21":2,"22":2,"23":2,"24":2,"25":2,"26":2,"27":2,"28":2,"29":2,"30":2,"31":2,"32":2,"33":2,"34":2,"35":2,"36":2,"37":2,"38":0,"39":2,"40":2,"41":2,"42":2,"43":2,"44":2,"45":2,"46":2,"47":2,"48":2,"49":2,"50":2,"51":0,"52":0,"53":0,"54":0,"55":0,"56":0,"57":0,"58":0,"59":0,"60":0,"61":2,"62":2,"63":2,"64":2,"65":2,"66":2,"67":2,"68":2,"69":2,"70":0,"71":0,"72":5,"73":2,"74":3,"75":3,"76":3,"77":3,"78":2,"79":2,"80":2,"81":0,"82":0,"83":0,"84":0,"85":0,"86":0,"87":0,"88":0,"89":0,"90":0,"91":0,"92":0,"93":0,"94":0,"95":0,"96":0,"97":0,"98":0,"99":0,"100":0,"101":0,"102":0,"103":0,"104":0,"105":0,"106":0,"107":0,"108":0,"109":0,"110":0,"111":0,"112":0,"113":0,"114":2,"115":2,"116":2,"117":2,"118":2,"119":1,"120":1,"121":0,"122":1,"123":1,"124":1,"125":1,"126":1,"127":1,"128":1,"129":1,"130":1,"131":1,"132":1,"133":1,"134":1,"135":1,"136":1},"f":{"0":2,"1":0,"2":0,"3":0,"4":0,"5":2,"6":0,"7":0,"8":5,"9":2,"10":0,"11":0,"12":0,"13":0,"14":2,"15":1},"b":{"0":[2,3],"1":[3,0],"2":[0,0,0,0],"3":[0,0],"4":[0,0],"5":[0,0],"6":[0,0],"7":[1,0]},"inputSourceMap":null,"_coverageSchema":"1a1c01bbd47fc00a2c39e90264f33305004495a9","hash":"e5d89c1fc9b5924e447f1f00d79bd5128b5cad28"}
}
