{"C:\\cygwin64\\home\\eciv1\\cse112-s22-group14\\source\\v1\\js\\notify.js": {"path":"C:\\cygwin64\\home\\eciv1\\cse112-s22-group14\\source\\v1\\js\\notify.js","statementMap":{"0":{"start":{"line":7,"column":18},"end":{"line":9,"column":3}},"1":{"start":{"line":11,"column":2},"end":{"line":14,"column":3}},"2":{"start":{"line":12,"column":4},"end":{"line":12,"column":66}},"3":{"start":{"line":13,"column":4},"end":{"line":13,"column":11}},"4":{"start":{"line":17,"column":2},"end":{"line":63,"column":3}},"5":{"start":{"line":18,"column":4},"end":{"line":62,"column":8}},"6":{"start":{"line":20,"column":6},"end":{"line":61,"column":8}},"7":{"start":{"line":21,"column":8},"end":{"line":21,"column":46}},"8":{"start":{"line":25,"column":11},"end":{"line":61,"column":8}},"9":{"start":{"line":26,"column":22},"end":{"line":26,"column":55}},"10":{"start":{"line":28,"column":9},"end":{"line":34,"column":9}},"11":{"start":{"line":29,"column":11},"end":{"line":29,"column":60}},"12":{"start":{"line":30,"column":16},"end":{"line":34,"column":9}},"13":{"start":{"line":31,"column":11},"end":{"line":31,"column":47}},"14":{"start":{"line":32,"column":16},"end":{"line":34,"column":9}},"15":{"start":{"line":33,"column":11},"end":{"line":33,"column":46}},"16":{"start":{"line":36,"column":29},"end":{"line":36,"column":65}},"17":{"start":{"line":39,"column":25},"end":{"line":39,"column":95}},"18":{"start":{"line":42,"column":8},"end":{"line":59,"column":8}},"19":{"start":{"line":43,"column":26},"end":{"line":43,"column":66}},"20":{"start":{"line":45,"column":10},"end":{"line":54,"column":12}},"21":{"start":{"line":46,"column":14},"end":{"line":53,"column":17}},"22":{"start":{"line":49,"column":17},"end":{"line":49,"column":121}},"23":{"start":{"line":52,"column":17},"end":{"line":52,"column":50}},"24":{"start":{"line":57,"column":24},"end":{"line":57,"column":57}},"25":{"start":{"line":58,"column":10},"end":{"line":58,"column":25}},"26":{"start":{"line":60,"column":7},"end":{"line":60,"column":29}}},"fnMap":{"0":{"name":"notify","decl":{"start":{"line":6,"column":9},"end":{"line":6,"column":15}},"loc":{"start":{"line":6,"column":24},"end":{"line":64,"column":1}},"line":6},"1":{"name":"(anonymous_1)","decl":{"start":{"line":18,"column":42},"end":{"line":18,"column":43}},"loc":{"start":{"line":18,"column":64},"end":{"line":62,"column":6}},"line":18},"2":{"name":"(anonymous_2)","decl":{"start":{"line":46,"column":30},"end":{"line":46,"column":31}},"loc":{"start":{"line":46,"column":39},"end":{"line":50,"column":15}},"line":46},"3":{"name":"(anonymous_3)","decl":{"start":{"line":50,"column":22},"end":{"line":50,"column":23}},"loc":{"start":{"line":50,"column":28},"end":{"line":53,"column":15}},"line":50}},"branchMap":{"0":{"loc":{"start":{"line":11,"column":2},"end":{"line":14,"column":3}},"type":"if","locations":[{"start":{"line":11,"column":2},"end":{"line":14,"column":3}},{"start":{"line":11,"column":2},"end":{"line":14,"column":3}}],"line":11},"1":{"loc":{"start":{"line":17,"column":2},"end":{"line":63,"column":3}},"type":"if","locations":[{"start":{"line":17,"column":2},"end":{"line":63,"column":3}},{"start":{"line":17,"column":2},"end":{"line":63,"column":3}}],"line":17},"2":{"loc":{"start":{"line":20,"column":6},"end":{"line":61,"column":8}},"type":"if","locations":[{"start":{"line":20,"column":6},"end":{"line":61,"column":8}},{"start":{"line":20,"column":6},"end":{"line":61,"column":8}}],"line":20},"3":{"loc":{"start":{"line":25,"column":11},"end":{"line":61,"column":8}},"type":"if","locations":[{"start":{"line":25,"column":11},"end":{"line":61,"column":8}},{"start":{"line":25,"column":11},"end":{"line":61,"column":8}}],"line":25},"4":{"loc":{"start":{"line":28,"column":9},"end":{"line":34,"column":9}},"type":"if","locations":[{"start":{"line":28,"column":9},"end":{"line":34,"column":9}},{"start":{"line":28,"column":9},"end":{"line":34,"column":9}}],"line":28},"5":{"loc":{"start":{"line":30,"column":16},"end":{"line":34,"column":9}},"type":"if","locations":[{"start":{"line":30,"column":16},"end":{"line":34,"column":9}},{"start":{"line":30,"column":16},"end":{"line":34,"column":9}}],"line":30},"6":{"loc":{"start":{"line":32,"column":16},"end":{"line":34,"column":9}},"type":"if","locations":[{"start":{"line":32,"column":16},"end":{"line":34,"column":9}},{"start":{"line":32,"column":16},"end":{"line":34,"column":9}}],"line":32},"7":{"loc":{"start":{"line":42,"column":8},"end":{"line":59,"column":8}},"type":"if","locations":[{"start":{"line":42,"column":8},"end":{"line":59,"column":8}},{"start":{"line":42,"column":8},"end":{"line":59,"column":8}}],"line":42},"8":{"loc":{"start":{"line":45,"column":10},"end":{"line":54,"column":12}},"type":"if","locations":[{"start":{"line":45,"column":10},"end":{"line":54,"column":12}},{"start":{"line":45,"column":10},"end":{"line":54,"column":12}}],"line":45}},"s":{"0":0,"1":0,"2":0,"3":0,"4":0,"5":0,"6":0,"7":0,"8":0,"9":0,"10":0,"11":0,"12":0,"13":0,"14":0,"15":0,"16":0,"17":0,"18":0,"19":0,"20":0,"21":0,"22":0,"23":0,"24":0,"25":0,"26":0},"f":{"0":0,"1":0,"2":0,"3":0},"b":{"0":[0,0],"1":[0,0],"2":[0,0],"3":[0,0],"4":[0,0],"5":[0,0],"6":[0,0],"7":[0,0],"8":[0,0]},"inputSourceMap":null,"_coverageSchema":"1a1c01bbd47fc00a2c39e90264f33305004495a9","hash":"cf02c2e7fcf6374fc663dd6fc063a3197a4e31a1"}
,"C:\\cygwin64\\home\\eciv1\\cse112-s22-group14\\source\\v1\\js\\task.js": {"path":"C:\\cygwin64\\home\\eciv1\\cse112-s22-group14\\source\\v1\\js\\task.js","statementMap":{"0":{"start":{"line":12,"column":38},"end":{"line":12,"column":68}},"1":{"start":{"line":18,"column":8},"end":{"line":18,"column":16}},"2":{"start":{"line":21,"column":8},"end":{"line":21,"column":36}},"3":{"start":{"line":22,"column":8},"end":{"line":22,"column":34}},"4":{"start":{"line":25,"column":8},"end":{"line":25,"column":45}},"5":{"start":{"line":26,"column":8},"end":{"line":26,"column":40}},"6":{"start":{"line":28,"column":8},"end":{"line":30,"column":11}},"7":{"start":{"line":29,"column":11},"end":{"line":29,"column":42}},"8":{"start":{"line":32,"column":20},"end":{"line":32,"column":49}},"9":{"start":{"line":33,"column":8},"end":{"line":33,"column":31}},"10":{"start":{"line":35,"column":21},"end":{"line":35,"column":52}},"11":{"start":{"line":36,"column":8},"end":{"line":36,"column":39}},"12":{"start":{"line":37,"column":8},"end":{"line":37,"column":33}},"13":{"start":{"line":39,"column":8},"end":{"line":39,"column":44}},"14":{"start":{"line":40,"column":8},"end":{"line":40,"column":44}},"15":{"start":{"line":42,"column":27},"end":{"line":42,"column":59}},"16":{"start":{"line":43,"column":8},"end":{"line":43,"column":39}},"17":{"start":{"line":44,"column":8},"end":{"line":44,"column":43}},"18":{"start":{"line":45,"column":8},"end":{"line":45,"column":42}},"19":{"start":{"line":46,"column":32},"end":{"line":46,"column":59}},"20":{"start":{"line":47,"column":8},"end":{"line":47,"column":71}},"21":{"start":{"line":49,"column":8},"end":{"line":49,"column":47}},"22":{"start":{"line":51,"column":8},"end":{"line":51,"column":43}},"23":{"start":{"line":52,"column":8},"end":{"line":52,"column":27}},"24":{"start":{"line":60,"column":8},"end":{"line":60,"column":33}},"25":{"start":{"line":61,"column":8},"end":{"line":63,"column":9}},"26":{"start":{"line":62,"column":12},"end":{"line":62,"column":25}},"27":{"start":{"line":64,"column":8},"end":{"line":64,"column":20}},"28":{"start":{"line":71,"column":27},"end":{"line":71,"column":54}},"29":{"start":{"line":72,"column":8},"end":{"line":72,"column":59}},"30":{"start":{"line":82,"column":8},"end":{"line":82,"column":32}},"31":{"start":{"line":90,"column":8},"end":{"line":90,"column":47}},"32":{"start":{"line":91,"column":8},"end":{"line":91,"column":85}},"33":{"start":{"line":99,"column":8},"end":{"line":99,"column":88}},"34":{"start":{"line":100,"column":8},"end":{"line":100,"column":36}},"35":{"start":{"line":108,"column":8},"end":{"line":108,"column":43}},"36":{"start":{"line":109,"column":8},"end":{"line":109,"column":83}},"37":{"start":{"line":117,"column":8},"end":{"line":117,"column":86}},"38":{"start":{"line":118,"column":8},"end":{"line":118,"column":34}},"39":{"start":{"line":127,"column":8},"end":{"line":127,"column":59}},"40":{"start":{"line":136,"column":0},"end":{"line":136,"column":28}},"41":{"start":{"line":137,"column":0},"end":{"line":137,"column":48}}},"fnMap":{"0":{"name":"(anonymous_0)","decl":{"start":{"line":12,"column":4},"end":{"line":12,"column":5}},"loc":{"start":{"line":12,"column":36},"end":{"line":12,"column":70}},"line":12},"1":{"name":"(anonymous_1)","decl":{"start":{"line":17,"column":4},"end":{"line":17,"column":5}},"loc":{"start":{"line":17,"column":18},"end":{"line":53,"column":5}},"line":17},"2":{"name":"(anonymous_2)","decl":{"start":{"line":28,"column":43},"end":{"line":28,"column":44}},"loc":{"start":{"line":28,"column":49},"end":{"line":30,"column":9}},"line":28},"3":{"name":"(anonymous_3)","decl":{"start":{"line":59,"column":4},"end":{"line":59,"column":5}},"loc":{"start":{"line":59,"column":35},"end":{"line":65,"column":5}},"line":59},"4":{"name":"(anonymous_4)","decl":{"start":{"line":70,"column":4},"end":{"line":70,"column":5}},"loc":{"start":{"line":70,"column":23},"end":{"line":73,"column":5}},"line":70},"5":{"name":"(anonymous_5)","decl":{"start":{"line":81,"column":4},"end":{"line":81,"column":5}},"loc":{"start":{"line":81,"column":31},"end":{"line":83,"column":5}},"line":81},"6":{"name":"(anonymous_6)","decl":{"start":{"line":89,"column":4},"end":{"line":89,"column":5}},"loc":{"start":{"line":89,"column":38},"end":{"line":92,"column":5}},"line":89},"7":{"name":"(anonymous_7)","decl":{"start":{"line":98,"column":4},"end":{"line":98,"column":5}},"loc":{"start":{"line":98,"column":19},"end":{"line":101,"column":5}},"line":98},"8":{"name":"(anonymous_8)","decl":{"start":{"line":107,"column":4},"end":{"line":107,"column":5}},"loc":{"start":{"line":107,"column":34},"end":{"line":110,"column":5}},"line":107},"9":{"name":"(anonymous_9)","decl":{"start":{"line":116,"column":4},"end":{"line":116,"column":5}},"loc":{"start":{"line":116,"column":17},"end":{"line":119,"column":5}},"line":116},"10":{"name":"(anonymous_10)","decl":{"start":{"line":126,"column":4},"end":{"line":126,"column":5}},"loc":{"start":{"line":126,"column":40},"end":{"line":128,"column":5}},"line":126}},"branchMap":{"0":{"loc":{"start":{"line":61,"column":8},"end":{"line":63,"column":9}},"type":"if","locations":[{"start":{"line":61,"column":8},"end":{"line":63,"column":9}},{"start":{"line":61,"column":8},"end":{"line":63,"column":9}}],"line":61},"1":{"loc":{"start":{"line":61,"column":12},"end":{"line":61,"column":74}},"type":"binary-expr","locations":[{"start":{"line":61,"column":12},"end":{"line":61,"column":31}},{"start":{"line":61,"column":35},"end":{"line":61,"column":74}}],"line":61}},"s":{"0":1,"1":21,"2":21,"3":21,"4":21,"5":21,"6":21,"7":0,"8":21,"9":21,"10":21,"11":21,"12":21,"13":21,"14":21,"15":21,"16":21,"17":21,"18":21,"19":21,"20":21,"21":21,"22":21,"23":21,"24":0,"25":0,"26":0,"27":0,"28":42,"29":42,"30":42,"31":21,"32":21,"33":0,"34":0,"35":21,"36":21,"37":0,"38":0,"39":21,"40":1,"41":1},"f":{"0":1,"1":21,"2":0,"3":0,"4":42,"5":42,"6":21,"7":0,"8":21,"9":0,"10":21},"b":{"0":[0,0],"1":[0,0]},"inputSourceMap":null,"_coverageSchema":"1a1c01bbd47fc00a2c39e90264f33305004495a9","hash":"dba378df965c338ad347fdb3845be0c36501cd33"}
,"C:\\cygwin64\\home\\eciv1\\cse112-s22-group14\\source\\v1\\js\\taskDisplay.js": {"path":"C:\\cygwin64\\home\\eciv1\\cse112-s22-group14\\source\\v1\\js\\taskDisplay.js","statementMap":{"0":{"start":{"line":13,"column":38},"end":{"line":13,"column":82}},"1":{"start":{"line":19,"column":8},"end":{"line":19,"column":16}},"2":{"start":{"line":21,"column":28},"end":{"line":21,"column":57}},"3":{"start":{"line":22,"column":8},"end":{"line":22,"column":53}},"4":{"start":{"line":25,"column":27},"end":{"line":25,"column":55}},"5":{"start":{"line":26,"column":8},"end":{"line":26,"column":49}},"6":{"start":{"line":29,"column":26},"end":{"line":29,"column":55}},"7":{"start":{"line":30,"column":8},"end":{"line":30,"column":35}},"8":{"start":{"line":31,"column":8},"end":{"line":31,"column":42}},"9":{"start":{"line":33,"column":25},"end":{"line":33,"column":55}},"10":{"start":{"line":34,"column":8},"end":{"line":34,"column":41}},"11":{"start":{"line":35,"column":8},"end":{"line":35,"column":45}},"12":{"start":{"line":38,"column":26},"end":{"line":38,"column":58}},"13":{"start":{"line":39,"column":8},"end":{"line":39,"column":38}},"14":{"start":{"line":40,"column":8},"end":{"line":40,"column":33}},"15":{"start":{"line":41,"column":8},"end":{"line":41,"column":61}},"16":{"start":{"line":43,"column":25},"end":{"line":43,"column":52}},"17":{"start":{"line":44,"column":8},"end":{"line":44,"column":75}},"18":{"start":{"line":46,"column":27},"end":{"line":46,"column":57}},"19":{"start":{"line":47,"column":8},"end":{"line":47,"column":40}},"20":{"start":{"line":48,"column":8},"end":{"line":48,"column":46}},"21":{"start":{"line":49,"column":8},"end":{"line":49,"column":59}},"22":{"start":{"line":52,"column":29},"end":{"line":52,"column":78}},"23":{"start":{"line":52,"column":37},"end":{"line":52,"column":76}},"24":{"start":{"line":53,"column":8},"end":{"line":53,"column":62}},"25":{"start":{"line":54,"column":8},"end":{"line":54,"column":39}},"26":{"start":{"line":56,"column":8},"end":{"line":56,"column":53}},"27":{"start":{"line":59,"column":27},"end":{"line":59,"column":55}},"28":{"start":{"line":60,"column":8},"end":{"line":60,"column":45}},"29":{"start":{"line":63,"column":26},"end":{"line":63,"column":55}},"30":{"start":{"line":64,"column":8},"end":{"line":64,"column":32}},"31":{"start":{"line":66,"column":8},"end":{"line":66,"column":95}},"32":{"start":{"line":67,"column":8},"end":{"line":67,"column":35}},"33":{"start":{"line":70,"column":8},"end":{"line":70,"column":41}},"34":{"start":{"line":71,"column":8},"end":{"line":71,"column":42}},"35":{"start":{"line":72,"column":8},"end":{"line":72,"column":42}},"36":{"start":{"line":74,"column":8},"end":{"line":74,"column":32}},"37":{"start":{"line":86,"column":8},"end":{"line":86,"column":64}},"38":{"start":{"line":100,"column":8},"end":{"line":114,"column":9}},"39":{"start":{"line":101,"column":12},"end":{"line":101,"column":63}},"40":{"start":{"line":102,"column":12},"end":{"line":102,"column":70}},"41":{"start":{"line":105,"column":13},"end":{"line":114,"column":9}},"42":{"start":{"line":106,"column":12},"end":{"line":106,"column":59}},"43":{"start":{"line":107,"column":12},"end":{"line":107,"column":66}},"44":{"start":{"line":109,"column":13},"end":{"line":114,"column":9}},"45":{"start":{"line":110,"column":12},"end":{"line":110,"column":64}},"46":{"start":{"line":112,"column":13},"end":{"line":114,"column":9}},"47":{"start":{"line":113,"column":12},"end":{"line":113,"column":61}},"48":{"start":{"line":121,"column":8},"end":{"line":121,"column":53}},"49":{"start":{"line":122,"column":30},"end":{"line":122,"column":64}},"50":{"start":{"line":123,"column":8},"end":{"line":123,"column":35}},"51":{"start":{"line":124,"column":8},"end":{"line":124,"column":53}},"52":{"start":{"line":131,"column":8},"end":{"line":131,"column":54}},"53":{"start":{"line":132,"column":8},"end":{"line":132,"column":79}},"54":{"start":{"line":133,"column":8},"end":{"line":133,"column":75}},"55":{"start":{"line":140,"column":8},"end":{"line":140,"column":71}},"56":{"start":{"line":148,"column":8},"end":{"line":148,"column":72}},"57":{"start":{"line":157,"column":0},"end":{"line":157,"column":48}},"58":{"start":{"line":164,"column":0},"end":{"line":164,"column":73}},"59":{"start":{"line":171,"column":0},"end":{"line":171,"column":52}},"60":{"start":{"line":172,"column":0},"end":{"line":172,"column":51}}},"fnMap":{"0":{"name":"(anonymous_0)","decl":{"start":{"line":13,"column":4},"end":{"line":13,"column":5}},"loc":{"start":{"line":13,"column":36},"end":{"line":13,"column":84}},"line":13},"1":{"name":"(anonymous_1)","decl":{"start":{"line":18,"column":4},"end":{"line":18,"column":5}},"loc":{"start":{"line":18,"column":18},"end":{"line":75,"column":5}},"line":18},"2":{"name":"(anonymous_2)","decl":{"start":{"line":52,"column":29},"end":{"line":52,"column":30}},"loc":{"start":{"line":52,"column":35},"end":{"line":52,"column":78}},"line":52},"3":{"name":"(anonymous_3)","decl":{"start":{"line":85,"column":4},"end":{"line":85,"column":5}},"loc":{"start":{"line":85,"column":55},"end":{"line":87,"column":5}},"line":85},"4":{"name":"(anonymous_4)","decl":{"start":{"line":98,"column":4},"end":{"line":98,"column":5}},"loc":{"start":{"line":98,"column":55},"end":{"line":115,"column":5}},"line":98},"5":{"name":"(anonymous_5)","decl":{"start":{"line":120,"column":4},"end":{"line":120,"column":5}},"loc":{"start":{"line":120,"column":19},"end":{"line":125,"column":5}},"line":120},"6":{"name":"(anonymous_6)","decl":{"start":{"line":130,"column":4},"end":{"line":130,"column":5}},"loc":{"start":{"line":130,"column":18},"end":{"line":134,"column":5}},"line":130},"7":{"name":"(anonymous_7)","decl":{"start":{"line":139,"column":4},"end":{"line":139,"column":5}},"loc":{"start":{"line":139,"column":23},"end":{"line":141,"column":5}},"line":139},"8":{"name":"(anonymous_8)","decl":{"start":{"line":147,"column":4},"end":{"line":147,"column":5}},"loc":{"start":{"line":147,"column":25},"end":{"line":149,"column":5}},"line":147}},"branchMap":{"0":{"loc":{"start":{"line":100,"column":8},"end":{"line":114,"column":9}},"type":"if","locations":[{"start":{"line":100,"column":8},"end":{"line":114,"column":9}},{"start":{"line":100,"column":8},"end":{"line":114,"column":9}}],"line":100},"1":{"loc":{"start":{"line":100,"column":12},"end":{"line":100,"column":47}},"type":"binary-expr","locations":[{"start":{"line":100,"column":12},"end":{"line":100,"column":30}},{"start":{"line":100,"column":34},"end":{"line":100,"column":47}}],"line":100},"2":{"loc":{"start":{"line":105,"column":13},"end":{"line":114,"column":9}},"type":"if","locations":[{"start":{"line":105,"column":13},"end":{"line":114,"column":9}},{"start":{"line":105,"column":13},"end":{"line":114,"column":9}}],"line":105},"3":{"loc":{"start":{"line":105,"column":17},"end":{"line":105,"column":51}},"type":"binary-expr","locations":[{"start":{"line":105,"column":17},"end":{"line":105,"column":35}},{"start":{"line":105,"column":39},"end":{"line":105,"column":51}}],"line":105},"4":{"loc":{"start":{"line":109,"column":13},"end":{"line":114,"column":9}},"type":"if","locations":[{"start":{"line":109,"column":13},"end":{"line":114,"column":9}},{"start":{"line":109,"column":13},"end":{"line":114,"column":9}}],"line":109},"5":{"loc":{"start":{"line":112,"column":13},"end":{"line":114,"column":9}},"type":"if","locations":[{"start":{"line":112,"column":13},"end":{"line":114,"column":9}},{"start":{"line":112,"column":13},"end":{"line":114,"column":9}}],"line":112}},"s":{"0":1,"1":5,"2":5,"3":5,"4":5,"5":5,"6":5,"7":5,"8":5,"9":5,"10":5,"11":5,"12":5,"13":5,"14":5,"15":5,"16":5,"17":5,"18":5,"19":5,"20":5,"21":5,"22":5,"23":0,"24":5,"25":5,"26":5,"27":5,"28":5,"29":5,"30":5,"31":5,"32":5,"33":5,"34":5,"35":5,"36":5,"37":20,"38":20,"39":7,"40":7,"41":13,"42":1,"43":1,"44":12,"45":6,"46":6,"47":6,"48":1,"49":1,"50":1,"51":1,"52":1,"53":1,"54":1,"55":6,"56":2,"57":1,"58":1,"59":1,"60":1},"f":{"0":1,"1":5,"2":0,"3":20,"4":20,"5":1,"6":1,"7":6,"8":2},"b":{"0":[7,13],"1":[20,8],"2":[1,12],"3":[13,1],"4":[6,6],"5":[6,0]},"inputSourceMap":null,"_coverageSchema":"1a1c01bbd47fc00a2c39e90264f33305004495a9","hash":"ef54a37779517d23de3b245233ad93f77825054f"}
,"C:\\cygwin64\\home\\eciv1\\cse112-s22-group14\\source\\v1\\js\\taskList.js": {"path":"C:\\cygwin64\\home\\eciv1\\cse112-s22-group14\\source\\v1\\js\\taskList.js","statementMap":{"0":{"start":{"line":12,"column":8},"end":{"line":12,"column":16}},"1":{"start":{"line":13,"column":8},"end":{"line":13,"column":26}},"2":{"start":{"line":14,"column":8},"end":{"line":14,"column":32}},"3":{"start":{"line":17,"column":33},"end":{"line":17,"column":62}},"4":{"start":{"line":18,"column":8},"end":{"line":18,"column":70}},"5":{"start":{"line":19,"column":8},"end":{"line":19,"column":53}},"6":{"start":{"line":20,"column":8},"end":{"line":20,"column":84}},"7":{"start":{"line":23,"column":28},"end":{"line":23,"column":57}},"8":{"start":{"line":24,"column":8},"end":{"line":24,"column":44}},"9":{"start":{"line":25,"column":8},"end":{"line":25,"column":40}},"10":{"start":{"line":28,"column":29},"end":{"line":28,"column":56}},"11":{"start":{"line":29,"column":8},"end":{"line":29,"column":63}},"12":{"start":{"line":30,"column":8},"end":{"line":30,"column":48}},"13":{"start":{"line":31,"column":8},"end":{"line":31,"column":41}},"14":{"start":{"line":32,"column":8},"end":{"line":32,"column":45}},"15":{"start":{"line":34,"column":8},"end":{"line":34,"column":80}},"16":{"start":{"line":37,"column":35},"end":{"line":37,"column":64}},"17":{"start":{"line":38,"column":8},"end":{"line":38,"column":47}},"18":{"start":{"line":39,"column":8},"end":{"line":39,"column":52}},"19":{"start":{"line":41,"column":31},"end":{"line":41,"column":59}},"20":{"start":{"line":42,"column":8},"end":{"line":42,"column":49}},"21":{"start":{"line":44,"column":25},"end":{"line":44,"column":54}},"22":{"start":{"line":45,"column":8},"end":{"line":45,"column":35}},"23":{"start":{"line":48,"column":36},"end":{"line":48,"column":65}},"24":{"start":{"line":50,"column":36},"end":{"line":50,"column":68}},"25":{"start":{"line":51,"column":8},"end":{"line":51,"column":54}},"26":{"start":{"line":53,"column":8},"end":{"line":53,"column":60}},"27":{"start":{"line":56,"column":31},"end":{"line":56,"column":62}},"28":{"start":{"line":57,"column":8},"end":{"line":57,"column":43}},"29":{"start":{"line":58,"column":8},"end":{"line":58,"column":39}},"30":{"start":{"line":59,"column":8},"end":{"line":59,"column":39}},"31":{"start":{"line":60,"column":8},"end":{"line":60,"column":64}},"32":{"start":{"line":61,"column":8},"end":{"line":61,"column":86}},"33":{"start":{"line":62,"column":8},"end":{"line":62,"column":86}},"34":{"start":{"line":65,"column":25},"end":{"line":65,"column":55}},"35":{"start":{"line":66,"column":8},"end":{"line":66,"column":39}},"36":{"start":{"line":67,"column":8},"end":{"line":67,"column":45}},"37":{"start":{"line":69,"column":32},"end":{"line":69,"column":64}},"38":{"start":{"line":70,"column":8},"end":{"line":70,"column":47}},"39":{"start":{"line":71,"column":8},"end":{"line":71,"column":41}},"40":{"start":{"line":72,"column":8},"end":{"line":72,"column":44}},"41":{"start":{"line":74,"column":30},"end":{"line":74,"column":57}},"42":{"start":{"line":75,"column":8},"end":{"line":75,"column":71}},"43":{"start":{"line":76,"column":8},"end":{"line":76,"column":55}},"44":{"start":{"line":79,"column":27},"end":{"line":79,"column":57}},"45":{"start":{"line":80,"column":8},"end":{"line":80,"column":38}},"46":{"start":{"line":81,"column":8},"end":{"line":81,"column":46}},"47":{"start":{"line":83,"column":8},"end":{"line":83,"column":59}},"48":{"start":{"line":85,"column":8},"end":{"line":85,"column":83}},"49":{"start":{"line":87,"column":8},"end":{"line":87,"column":56}},"50":{"start":{"line":89,"column":19},"end":{"line":89,"column":47}},"51":{"start":{"line":92,"column":37},"end":{"line":92,"column":66}},"52":{"start":{"line":94,"column":26},"end":{"line":94,"column":58}},"53":{"start":{"line":95,"column":8},"end":{"line":95,"column":51}},"54":{"start":{"line":97,"column":8},"end":{"line":97,"column":51}},"55":{"start":{"line":99,"column":29},"end":{"line":99,"column":59}},"56":{"start":{"line":100,"column":8},"end":{"line":100,"column":41}},"57":{"start":{"line":101,"column":8},"end":{"line":101,"column":48}},"58":{"start":{"line":103,"column":8},"end":{"line":104,"column":52}},"59":{"start":{"line":106,"column":22},"end":{"line":106,"column":51}},"60":{"start":{"line":107,"column":8},"end":{"line":107,"column":37}},"61":{"start":{"line":108,"column":8},"end":{"line":108,"column":33}},"62":{"start":{"line":110,"column":8},"end":{"line":110,"column":81}},"63":{"start":{"line":110,"column":52},"end":{"line":110,"column":79}},"64":{"start":{"line":112,"column":8},"end":{"line":112,"column":60}},"65":{"start":{"line":113,"column":8},"end":{"line":113,"column":40}},"66":{"start":{"line":114,"column":8},"end":{"line":114,"column":35}},"67":{"start":{"line":117,"column":8},"end":{"line":117,"column":42}},"68":{"start":{"line":126,"column":8},"end":{"line":126,"column":33}},"69":{"start":{"line":127,"column":8},"end":{"line":129,"column":9}},"70":{"start":{"line":128,"column":12},"end":{"line":128,"column":25}},"71":{"start":{"line":130,"column":8},"end":{"line":130,"column":20}},"72":{"start":{"line":140,"column":8},"end":{"line":140,"column":33}},"73":{"start":{"line":143,"column":29},"end":{"line":143,"column":70}},"74":{"start":{"line":145,"column":31},"end":{"line":145,"column":66}},"75":{"start":{"line":147,"column":8},"end":{"line":149,"column":9}},"76":{"start":{"line":148,"column":12},"end":{"line":148,"column":19}},"77":{"start":{"line":151,"column":8},"end":{"line":157,"column":9}},"78":{"start":{"line":152,"column":12},"end":{"line":152,"column":58}},"79":{"start":{"line":156,"column":12},"end":{"line":156,"column":73}},"80":{"start":{"line":168,"column":34},"end":{"line":168,"column":89}},"81":{"start":{"line":169,"column":8},"end":{"line":180,"column":54}},"82":{"start":{"line":170,"column":24},"end":{"line":170,"column":55}},"83":{"start":{"line":171,"column":27},"end":{"line":171,"column":63}},"84":{"start":{"line":175,"column":12},"end":{"line":179,"column":13}},"85":{"start":{"line":176,"column":16},"end":{"line":176,"column":57}},"86":{"start":{"line":178,"column":16},"end":{"line":178,"column":31}},"87":{"start":{"line":188,"column":24},"end":{"line":188,"column":54}},"88":{"start":{"line":189,"column":26},"end":{"line":189,"column":58}},"89":{"start":{"line":190,"column":8},"end":{"line":198,"column":9}},"90":{"start":{"line":191,"column":12},"end":{"line":191,"column":38}},"91":{"start":{"line":192,"column":12},"end":{"line":192,"column":58}},"92":{"start":{"line":193,"column":12},"end":{"line":193,"column":53}},"93":{"start":{"line":195,"column":12},"end":{"line":195,"column":39}},"94":{"start":{"line":196,"column":12},"end":{"line":196,"column":39}},"95":{"start":{"line":197,"column":12},"end":{"line":197,"column":56}},"96":{"start":{"line":206,"column":8},"end":{"line":211,"column":9}},"97":{"start":{"line":207,"column":12},"end":{"line":207,"column":33}},"98":{"start":{"line":208,"column":15},"end":{"line":211,"column":9}},"99":{"start":{"line":209,"column":12},"end":{"line":209,"column":47}},"100":{"start":{"line":210,"column":12},"end":{"line":210,"column":33}},"101":{"start":{"line":220,"column":22},"end":{"line":220,"column":60}},"102":{"start":{"line":221,"column":26},"end":{"line":221,"column":46}},"103":{"start":{"line":223,"column":8},"end":{"line":227,"column":9}},"104":{"start":{"line":224,"column":12},"end":{"line":224,"column":38}},"105":{"start":{"line":225,"column":12},"end":{"line":225,"column":30}},"106":{"start":{"line":226,"column":12},"end":{"line":226,"column":46}},"107":{"start":{"line":234,"column":22},"end":{"line":234,"column":60}},"108":{"start":{"line":235,"column":8},"end":{"line":235,"column":27}},"109":{"start":{"line":243,"column":8},"end":{"line":243,"column":28}},"110":{"start":{"line":251,"column":24},"end":{"line":251,"column":45}},"111":{"start":{"line":252,"column":8},"end":{"line":252,"column":46}},"112":{"start":{"line":253,"column":21},"end":{"line":253,"column":31}},"113":{"start":{"line":254,"column":8},"end":{"line":254,"column":53}},"114":{"start":{"line":255,"column":8},"end":{"line":255,"column":49}},"115":{"start":{"line":256,"column":8},"end":{"line":256,"column":71}},"116":{"start":{"line":256,"column":40},"end":{"line":256,"column":67}},"117":{"start":{"line":257,"column":8},"end":{"line":257,"column":71}},"118":{"start":{"line":257,"column":38},"end":{"line":257,"column":67}},"119":{"start":{"line":258,"column":8},"end":{"line":258,"column":74}},"120":{"start":{"line":258,"column":41},"end":{"line":258,"column":70}},"121":{"start":{"line":261,"column":8},"end":{"line":261,"column":56}},"122":{"start":{"line":264,"column":29},"end":{"line":264,"column":59}},"123":{"start":{"line":265,"column":8},"end":{"line":266,"column":39}},"124":{"start":{"line":275,"column":26},"end":{"line":275,"column":91}},"125":{"start":{"line":276,"column":32},"end":{"line":276,"column":66}},"126":{"start":{"line":277,"column":31},"end":{"line":277,"column":67}},"127":{"start":{"line":278,"column":27},"end":{"line":278,"column":60}},"128":{"start":{"line":279,"column":8},"end":{"line":303,"column":9}},"129":{"start":{"line":280,"column":12},"end":{"line":280,"column":81}},"130":{"start":{"line":281,"column":12},"end":{"line":281,"column":40}},"131":{"start":{"line":282,"column":12},"end":{"line":282,"column":57}},"132":{"start":{"line":285,"column":12},"end":{"line":288,"column":13}},"133":{"start":{"line":286,"column":16},"end":{"line":286,"column":76}},"134":{"start":{"line":287,"column":16},"end":{"line":287,"column":56}},"135":{"start":{"line":290,"column":12},"end":{"line":290,"column":69}},"136":{"start":{"line":291,"column":12},"end":{"line":291,"column":86}},"137":{"start":{"line":294,"column":12},"end":{"line":294,"column":67}},"138":{"start":{"line":295,"column":12},"end":{"line":295,"column":59}},"139":{"start":{"line":296,"column":12},"end":{"line":296,"column":54}},"140":{"start":{"line":299,"column":12},"end":{"line":302,"column":21}},"141":{"start":{"line":300,"column":16},"end":{"line":300,"column":44}},"142":{"start":{"line":301,"column":16},"end":{"line":301,"column":61}},"143":{"start":{"line":305,"column":8},"end":{"line":305,"column":71}},"144":{"start":{"line":314,"column":8},"end":{"line":314,"column":40}},"145":{"start":{"line":316,"column":8},"end":{"line":318,"column":9}},"146":{"start":{"line":317,"column":12},"end":{"line":317,"column":22}},"147":{"start":{"line":319,"column":19},"end":{"line":319,"column":42}},"148":{"start":{"line":321,"column":8},"end":{"line":321,"column":39}},"149":{"start":{"line":324,"column":8},"end":{"line":324,"column":83}},"150":{"start":{"line":327,"column":26},"end":{"line":327,"column":28}},"151":{"start":{"line":328,"column":25},"end":{"line":328,"column":43}},"152":{"start":{"line":329,"column":16},"end":{"line":329,"column":17}},"153":{"start":{"line":330,"column":8},"end":{"line":333,"column":9}},"154":{"start":{"line":330,"column":20},"end":{"line":330,"column":21}},"155":{"start":{"line":331,"column":12},"end":{"line":331,"column":37}},"156":{"start":{"line":331,"column":31},"end":{"line":331,"column":37}},"157":{"start":{"line":332,"column":12},"end":{"line":332,"column":47}},"158":{"start":{"line":334,"column":8},"end":{"line":334,"column":35}},"159":{"start":{"line":335,"column":8},"end":{"line":335,"column":40}},"160":{"start":{"line":336,"column":8},"end":{"line":336,"column":82}},"161":{"start":{"line":339,"column":26},"end":{"line":339,"column":28}},"162":{"start":{"line":340,"column":24},"end":{"line":340,"column":35}},"163":{"start":{"line":341,"column":8},"end":{"line":346,"column":9}},"164":{"start":{"line":343,"column":12},"end":{"line":343,"column":87}},"165":{"start":{"line":344,"column":12},"end":{"line":344,"column":63}},"166":{"start":{"line":345,"column":12},"end":{"line":345,"column":24}},"167":{"start":{"line":348,"column":8},"end":{"line":348,"column":20}},"168":{"start":{"line":358,"column":8},"end":{"line":358,"column":44}},"169":{"start":{"line":360,"column":28},"end":{"line":360,"column":46}},"170":{"start":{"line":361,"column":29},"end":{"line":361,"column":74}},"171":{"start":{"line":363,"column":8},"end":{"line":373,"column":9}},"172":{"start":{"line":363,"column":21},"end":{"line":363,"column":22}},"173":{"start":{"line":364,"column":32},"end":{"line":364,"column":47}},"174":{"start":{"line":365,"column":12},"end":{"line":365,"column":45}},"175":{"start":{"line":367,"column":12},"end":{"line":367,"column":39}},"176":{"start":{"line":368,"column":12},"end":{"line":368,"column":37}},"177":{"start":{"line":369,"column":12},"end":{"line":369,"column":72}},"178":{"start":{"line":369,"column":49},"end":{"line":369,"column":68}},"179":{"start":{"line":370,"column":12},"end":{"line":370,"column":72}},"180":{"start":{"line":370,"column":47},"end":{"line":370,"column":68}},"181":{"start":{"line":371,"column":12},"end":{"line":371,"column":55}},"182":{"start":{"line":372,"column":12},"end":{"line":372,"column":67}},"183":{"start":{"line":375,"column":8},"end":{"line":375,"column":34}},"184":{"start":{"line":376,"column":8},"end":{"line":376,"column":82}},"185":{"start":{"line":383,"column":22},"end":{"line":383,"column":55}},"186":{"start":{"line":384,"column":8},"end":{"line":384,"column":40}},"187":{"start":{"line":386,"column":8},"end":{"line":390,"column":9}},"188":{"start":{"line":387,"column":12},"end":{"line":387,"column":51}},"189":{"start":{"line":389,"column":12},"end":{"line":389,"column":50}},"190":{"start":{"line":393,"column":8},"end":{"line":398,"column":16}},"191":{"start":{"line":394,"column":12},"end":{"line":394,"column":70}},"192":{"start":{"line":395,"column":12},"end":{"line":395,"column":70}},"193":{"start":{"line":396,"column":12},"end":{"line":396,"column":69}},"194":{"start":{"line":397,"column":12},"end":{"line":397,"column":48}},"195":{"start":{"line":400,"column":8},"end":{"line":400,"column":74}},"196":{"start":{"line":403,"column":8},"end":{"line":421,"column":9}},"197":{"start":{"line":404,"column":12},"end":{"line":404,"column":72}},"198":{"start":{"line":405,"column":12},"end":{"line":405,"column":52}},"199":{"start":{"line":406,"column":30},"end":{"line":406,"column":62}},"200":{"start":{"line":407,"column":12},"end":{"line":420,"column":13}},"201":{"start":{"line":407,"column":24},"end":{"line":407,"column":25}},"202":{"start":{"line":408,"column":16},"end":{"line":419,"column":17}},"203":{"start":{"line":409,"column":33},"end":{"line":409,"column":43}},"204":{"start":{"line":410,"column":20},"end":{"line":410,"column":69}},"205":{"start":{"line":411,"column":20},"end":{"line":411,"column":53}},"206":{"start":{"line":412,"column":20},"end":{"line":412,"column":48}},"207":{"start":{"line":413,"column":20},"end":{"line":413,"column":75}},"208":{"start":{"line":413,"column":52},"end":{"line":413,"column":71}},"209":{"start":{"line":414,"column":20},"end":{"line":414,"column":75}},"210":{"start":{"line":414,"column":50},"end":{"line":414,"column":71}},"211":{"start":{"line":415,"column":20},"end":{"line":415,"column":85}},"212":{"start":{"line":415,"column":53},"end":{"line":415,"column":82}},"213":{"start":{"line":417,"column":20},"end":{"line":417,"column":42}},"214":{"start":{"line":418,"column":20},"end":{"line":418,"column":68}},"215":{"start":{"line":428,"column":8},"end":{"line":428,"column":65}},"216":{"start":{"line":429,"column":22},"end":{"line":429,"column":55}},"217":{"start":{"line":430,"column":8},"end":{"line":430,"column":26}},"218":{"start":{"line":432,"column":8},"end":{"line":432,"column":50}},"219":{"start":{"line":433,"column":8},"end":{"line":433,"column":49}},"220":{"start":{"line":434,"column":8},"end":{"line":434,"column":65}},"221":{"start":{"line":435,"column":8},"end":{"line":435,"column":64}},"222":{"start":{"line":436,"column":8},"end":{"line":436,"column":73}},"223":{"start":{"line":443,"column":8},"end":{"line":443,"column":48}},"224":{"start":{"line":450,"column":8},"end":{"line":452,"column":9}},"225":{"start":{"line":451,"column":12},"end":{"line":451,"column":29}},"226":{"start":{"line":453,"column":8},"end":{"line":453,"column":58}},"227":{"start":{"line":460,"column":8},"end":{"line":462,"column":9}},"228":{"start":{"line":461,"column":12},"end":{"line":461,"column":29}},"229":{"start":{"line":463,"column":8},"end":{"line":463,"column":58}},"230":{"start":{"line":470,"column":8},"end":{"line":472,"column":9}},"231":{"start":{"line":471,"column":12},"end":{"line":471,"column":58}},"232":{"start":{"line":480,"column":8},"end":{"line":480,"column":29}},"233":{"start":{"line":489,"column":0},"end":{"line":489,"column":32}},"234":{"start":{"line":496,"column":0},"end":{"line":496,"column":30}},"235":{"start":{"line":503,"column":0},"end":{"line":503,"column":79}},"236":{"start":{"line":505,"column":0},"end":{"line":505,"column":45}}},"fnMap":{"0":{"name":"(anonymous_0)","decl":{"start":{"line":11,"column":4},"end":{"line":11,"column":5}},"loc":{"start":{"line":11,"column":18},"end":{"line":119,"column":5}},"line":11},"1":{"name":"(anonymous_1)","decl":{"start":{"line":110,"column":45},"end":{"line":110,"column":46}},"loc":{"start":{"line":110,"column":52},"end":{"line":110,"column":79}},"line":110},"2":{"name":"(anonymous_2)","decl":{"start":{"line":125,"column":4},"end":{"line":125,"column":5}},"loc":{"start":{"line":125,"column":35},"end":{"line":131,"column":5}},"line":125},"3":{"name":"(anonymous_3)","decl":{"start":{"line":139,"column":4},"end":{"line":139,"column":5}},"loc":{"start":{"line":139,"column":43},"end":{"line":158,"column":5}},"line":139},"4":{"name":"(anonymous_4)","decl":{"start":{"line":166,"column":4},"end":{"line":166,"column":5}},"loc":{"start":{"line":166,"column":35},"end":{"line":181,"column":5}},"line":166},"5":{"name":"(anonymous_5)","decl":{"start":{"line":169,"column":40},"end":{"line":169,"column":41}},"loc":{"start":{"line":169,"column":62},"end":{"line":180,"column":9}},"line":169},"6":{"name":"(anonymous_6)","decl":{"start":{"line":187,"column":4},"end":{"line":187,"column":5}},"loc":{"start":{"line":187,"column":31},"end":{"line":199,"column":5}},"line":187},"7":{"name":"(anonymous_7)","decl":{"start":{"line":205,"column":4},"end":{"line":205,"column":5}},"loc":{"start":{"line":205,"column":31},"end":{"line":212,"column":5}},"line":205},"8":{"name":"(anonymous_8)","decl":{"start":{"line":219,"column":4},"end":{"line":219,"column":5}},"loc":{"start":{"line":219,"column":20},"end":{"line":228,"column":5}},"line":219},"9":{"name":"(anonymous_9)","decl":{"start":{"line":233,"column":4},"end":{"line":233,"column":5}},"loc":{"start":{"line":233,"column":17},"end":{"line":236,"column":5}},"line":233},"10":{"name":"(anonymous_10)","decl":{"start":{"line":242,"column":4},"end":{"line":242,"column":5}},"loc":{"start":{"line":242,"column":15},"end":{"line":244,"column":5}},"line":242},"11":{"name":"(anonymous_11)","decl":{"start":{"line":250,"column":4},"end":{"line":250,"column":5}},"loc":{"start":{"line":250,"column":25},"end":{"line":267,"column":5}},"line":250},"12":{"name":"(anonymous_12)","decl":{"start":{"line":256,"column":32},"end":{"line":256,"column":33}},"loc":{"start":{"line":256,"column":38},"end":{"line":256,"column":69}},"line":256},"13":{"name":"(anonymous_13)","decl":{"start":{"line":257,"column":30},"end":{"line":257,"column":31}},"loc":{"start":{"line":257,"column":36},"end":{"line":257,"column":69}},"line":257},"14":{"name":"(anonymous_14)","decl":{"start":{"line":258,"column":33},"end":{"line":258,"column":34}},"loc":{"start":{"line":258,"column":39},"end":{"line":258,"column":72}},"line":258},"15":{"name":"(anonymous_15)","decl":{"start":{"line":273,"column":4},"end":{"line":273,"column":5}},"loc":{"start":{"line":273,"column":28},"end":{"line":306,"column":5}},"line":273},"16":{"name":"(anonymous_16)","decl":{"start":{"line":299,"column":23},"end":{"line":299,"column":24}},"loc":{"start":{"line":299,"column":29},"end":{"line":302,"column":13}},"line":299},"17":{"name":"(anonymous_17)","decl":{"start":{"line":312,"column":4},"end":{"line":312,"column":5}},"loc":{"start":{"line":312,"column":26},"end":{"line":349,"column":5}},"line":312},"18":{"name":"(anonymous_18)","decl":{"start":{"line":356,"column":4},"end":{"line":356,"column":5}},"loc":{"start":{"line":356,"column":28},"end":{"line":377,"column":5}},"line":356},"19":{"name":"(anonymous_19)","decl":{"start":{"line":369,"column":41},"end":{"line":369,"column":42}},"loc":{"start":{"line":369,"column":47},"end":{"line":369,"column":70}},"line":369},"20":{"name":"(anonymous_20)","decl":{"start":{"line":370,"column":39},"end":{"line":370,"column":40}},"loc":{"start":{"line":370,"column":45},"end":{"line":370,"column":70}},"line":370},"21":{"name":"(anonymous_21)","decl":{"start":{"line":382,"column":4},"end":{"line":382,"column":5}},"loc":{"start":{"line":382,"column":19},"end":{"line":422,"column":5}},"line":382},"22":{"name":"(anonymous_22)","decl":{"start":{"line":393,"column":19},"end":{"line":393,"column":20}},"loc":{"start":{"line":393,"column":25},"end":{"line":398,"column":9}},"line":393},"23":{"name":"(anonymous_23)","decl":{"start":{"line":413,"column":44},"end":{"line":413,"column":45}},"loc":{"start":{"line":413,"column":50},"end":{"line":413,"column":73}},"line":413},"24":{"name":"(anonymous_24)","decl":{"start":{"line":414,"column":42},"end":{"line":414,"column":43}},"loc":{"start":{"line":414,"column":48},"end":{"line":414,"column":73}},"line":414},"25":{"name":"(anonymous_25)","decl":{"start":{"line":415,"column":45},"end":{"line":415,"column":46}},"loc":{"start":{"line":415,"column":51},"end":{"line":415,"column":84}},"line":415},"26":{"name":"(anonymous_26)","decl":{"start":{"line":427,"column":4},"end":{"line":427,"column":5}},"loc":{"start":{"line":427,"column":20},"end":{"line":437,"column":5}},"line":427},"27":{"name":"(anonymous_27)","decl":{"start":{"line":442,"column":4},"end":{"line":442,"column":5}},"loc":{"start":{"line":442,"column":18},"end":{"line":444,"column":5}},"line":442},"28":{"name":"(anonymous_28)","decl":{"start":{"line":449,"column":4},"end":{"line":449,"column":5}},"loc":{"start":{"line":449,"column":18},"end":{"line":454,"column":5}},"line":449},"29":{"name":"(anonymous_29)","decl":{"start":{"line":459,"column":4},"end":{"line":459,"column":5}},"loc":{"start":{"line":459,"column":22},"end":{"line":464,"column":5}},"line":459},"30":{"name":"(anonymous_30)","decl":{"start":{"line":469,"column":4},"end":{"line":469,"column":5}},"loc":{"start":{"line":469,"column":14},"end":{"line":473,"column":5}},"line":469},"31":{"name":"(anonymous_31)","decl":{"start":{"line":479,"column":4},"end":{"line":479,"column":5}},"loc":{"start":{"line":479,"column":25},"end":{"line":481,"column":5}},"line":479}},"branchMap":{"0":{"loc":{"start":{"line":127,"column":8},"end":{"line":129,"column":9}},"type":"if","locations":[{"start":{"line":127,"column":8},"end":{"line":129,"column":9}},{"start":{"line":127,"column":8},"end":{"line":129,"column":9}}],"line":127},"1":{"loc":{"start":{"line":127,"column":12},"end":{"line":127,"column":78}},"type":"binary-expr","locations":[{"start":{"line":127,"column":12},"end":{"line":127,"column":31}},{"start":{"line":127,"column":35},"end":{"line":127,"column":78}}],"line":127},"2":{"loc":{"start":{"line":147,"column":8},"end":{"line":149,"column":9}},"type":"if","locations":[{"start":{"line":147,"column":8},"end":{"line":149,"column":9}},{"start":{"line":147,"column":8},"end":{"line":149,"column":9}}],"line":147},"3":{"loc":{"start":{"line":151,"column":8},"end":{"line":157,"column":9}},"type":"if","locations":[{"start":{"line":151,"column":8},"end":{"line":157,"column":9}},{"start":{"line":151,"column":8},"end":{"line":157,"column":9}}],"line":151},"4":{"loc":{"start":{"line":175,"column":12},"end":{"line":179,"column":13}},"type":"if","locations":[{"start":{"line":175,"column":12},"end":{"line":179,"column":13}},{"start":{"line":175,"column":12},"end":{"line":179,"column":13}}],"line":175},"5":{"loc":{"start":{"line":175,"column":16},"end":{"line":175,"column":53}},"type":"binary-expr","locations":[{"start":{"line":175,"column":16},"end":{"line":175,"column":26}},{"start":{"line":175,"column":30},"end":{"line":175,"column":53}}],"line":175},"6":{"loc":{"start":{"line":190,"column":8},"end":{"line":198,"column":9}},"type":"if","locations":[{"start":{"line":190,"column":8},"end":{"line":198,"column":9}},{"start":{"line":190,"column":8},"end":{"line":198,"column":9}}],"line":190},"7":{"loc":{"start":{"line":190,"column":12},"end":{"line":190,"column":82}},"type":"binary-expr","locations":[{"start":{"line":190,"column":12},"end":{"line":190,"column":32}},{"start":{"line":190,"column":36},"end":{"line":190,"column":82}}],"line":190},"8":{"loc":{"start":{"line":206,"column":8},"end":{"line":211,"column":9}},"type":"if","locations":[{"start":{"line":206,"column":8},"end":{"line":211,"column":9}},{"start":{"line":206,"column":8},"end":{"line":211,"column":9}}],"line":206},"9":{"loc":{"start":{"line":208,"column":15},"end":{"line":211,"column":9}},"type":"if","locations":[{"start":{"line":208,"column":15},"end":{"line":211,"column":9}},{"start":{"line":208,"column":15},"end":{"line":211,"column":9}}],"line":208},"10":{"loc":{"start":{"line":223,"column":8},"end":{"line":227,"column":9}},"type":"if","locations":[{"start":{"line":223,"column":8},"end":{"line":227,"column":9}},{"start":{"line":223,"column":8},"end":{"line":227,"column":9}}],"line":223},"11":{"loc":{"start":{"line":279,"column":8},"end":{"line":303,"column":9}},"type":"if","locations":[{"start":{"line":279,"column":8},"end":{"line":303,"column":9}},{"start":{"line":279,"column":8},"end":{"line":303,"column":9}}],"line":279},"12":{"loc":{"start":{"line":285,"column":12},"end":{"line":288,"column":13}},"type":"if","locations":[{"start":{"line":285,"column":12},"end":{"line":288,"column":13}},{"start":{"line":285,"column":12},"end":{"line":288,"column":13}}],"line":285},"13":{"loc":{"start":{"line":316,"column":8},"end":{"line":318,"column":9}},"type":"if","locations":[{"start":{"line":316,"column":8},"end":{"line":318,"column":9}},{"start":{"line":316,"column":8},"end":{"line":318,"column":9}}],"line":316},"14":{"loc":{"start":{"line":331,"column":12},"end":{"line":331,"column":37}},"type":"if","locations":[{"start":{"line":331,"column":12},"end":{"line":331,"column":37}},{"start":{"line":331,"column":12},"end":{"line":331,"column":37}}],"line":331},"15":{"loc":{"start":{"line":386,"column":8},"end":{"line":390,"column":9}},"type":"if","locations":[{"start":{"line":386,"column":8},"end":{"line":390,"column":9}},{"start":{"line":386,"column":8},"end":{"line":390,"column":9}}],"line":386},"16":{"loc":{"start":{"line":403,"column":8},"end":{"line":421,"column":9}},"type":"if","locations":[{"start":{"line":403,"column":8},"end":{"line":421,"column":9}},{"start":{"line":403,"column":8},"end":{"line":421,"column":9}}],"line":403},"17":{"loc":{"start":{"line":408,"column":16},"end":{"line":419,"column":17}},"type":"if","locations":[{"start":{"line":408,"column":16},"end":{"line":419,"column":17}},{"start":{"line":408,"column":16},"end":{"line":419,"column":17}}],"line":408},"18":{"loc":{"start":{"line":450,"column":8},"end":{"line":452,"column":9}},"type":"if","locations":[{"start":{"line":450,"column":8},"end":{"line":452,"column":9}},{"start":{"line":450,"column":8},"end":{"line":452,"column":9}}],"line":450},"19":{"loc":{"start":{"line":460,"column":8},"end":{"line":462,"column":9}},"type":"if","locations":[{"start":{"line":460,"column":8},"end":{"line":462,"column":9}},{"start":{"line":460,"column":8},"end":{"line":462,"column":9}}],"line":460},"20":{"loc":{"start":{"line":470,"column":8},"end":{"line":472,"column":9}},"type":"if","locations":[{"start":{"line":470,"column":8},"end":{"line":472,"column":9}},{"start":{"line":470,"column":8},"end":{"line":472,"column":9}}],"line":470}},"s":{"0":8,"1":8,"2":8,"3":8,"4":8,"5":8,"6":8,"7":8,"8":8,"9":8,"10":8,"11":8,"12":8,"13":8,"14":8,"15":8,"16":8,"17":8,"18":8,"19":8,"20":8,"21":8,"22":8,"23":8,"24":8,"25":8,"26":8,"27":8,"28":8,"29":8,"30":8,"31":8,"32":8,"33":8,"34":8,"35":8,"36":8,"37":8,"38":8,"39":8,"40":8,"41":8,"42":8,"43":8,"44":8,"45":8,"46":8,"47":8,"48":8,"49":8,"50":8,"51":8,"52":8,"53":8,"54":8,"55":8,"56":8,"57":8,"58":8,"59":8,"60":8,"61":8,"62":8,"63":0,"64":8,"65":8,"66":8,"67":8,"68":6,"69":6,"70":3,"71":3,"72":0,"73":0,"74":0,"75":0,"76":0,"77":0,"78":0,"79":0,"80":0,"81":0,"82":0,"83":0,"84":0,"85":0,"86":0,"87":8,"88":8,"89":8,"90":8,"91":8,"92":8,"93":0,"94":0,"95":0,"96":0,"97":0,"98":0,"99":0,"100":0,"101":0,"102":0,"103":0,"104":0,"105":0,"106":0,"107":1,"108":1,"109":1,"110":21,"111":21,"112":21,"113":21,"114":21,"115":21,"116":0,"117":21,"118":0,"119":21,"120":0,"121":21,"122":21,"123":21,"124":0,"125":0,"126":0,"127":0,"128":0,"129":0,"130":0,"131":0,"132":0,"133":0,"134":0,"135":0,"136":0,"137":0,"138":0,"139":0,"140":0,"141":0,"142":0,"143":0,"144":9,"145":9,"146":0,"147":9,"148":9,"149":9,"150":9,"151":9,"152":9,"153":9,"154":9,"155":6,"156":4,"157":2,"158":9,"159":9,"160":9,"161":9,"162":9,"163":9,"164":4,"165":4,"166":4,"167":9,"168":0,"169":0,"170":0,"171":0,"172":0,"173":0,"174":0,"175":0,"176":0,"177":0,"178":0,"179":0,"180":0,"181":0,"182":0,"183":0,"184":0,"185":0,"186":0,"187":0,"188":0,"189":0,"190":0,"191":0,"192":0,"193":0,"194":0,"195":0,"196":0,"197":0,"198":0,"199":0,"200":0,"201":0,"202":0,"203":0,"204":0,"205":0,"206":0,"207":0,"208":0,"209":0,"210":0,"211":0,"212":0,"213":0,"214":0,"215":0,"216":0,"217":0,"218":0,"219":0,"220":0,"221":0,"222":0,"223":27,"224":3,"225":2,"226":1,"227":2,"228":1,"229":1,"230":6,"231":6,"232":0,"233":1,"234":1,"235":1,"236":1},"f":{"0":8,"1":0,"2":6,"3":0,"4":0,"5":0,"6":8,"7":0,"8":0,"9":1,"10":1,"11":21,"12":0,"13":0,"14":0,"15":0,"16":0,"17":9,"18":0,"19":0,"20":0,"21":0,"22":0,"23":0,"24":0,"25":0,"26":0,"27":27,"28":3,"29":2,"30":6,"31":0},"b":{"0":[3,3],"1":[6,4],"2":[0,0],"3":[0,0],"4":[0,0],"5":[0,0],"6":[8,0],"7":[8,0],"8":[0,0],"9":[0,0],"10":[0,0],"11":[0,0],"12":[0,0],"13":[0,9],"14":[4,2],"15":[0,0],"16":[0,0],"17":[0,0],"18":[2,1],"19":[1,1],"20":[6,0]},"inputSourceMap":null,"_coverageSchema":"1a1c01bbd47fc00a2c39e90264f33305004495a9","hash":"57cce76dfa1fb6b120094b796a238648681fb662"}
,"C:\\cygwin64\\home\\eciv1\\cse112-s22-group14\\source\\v1\\js\\timer.js": {"path":"C:\\cygwin64\\home\\eciv1\\cse112-s22-group14\\source\\v1\\js\\timer.js","statementMap":{"0":{"start":{"line":11,"column":38},"end":{"line":11,"column":68}},"1":{"start":{"line":17,"column":8},"end":{"line":17,"column":16}},"2":{"start":{"line":19,"column":24},"end":{"line":19,"column":53}},"3":{"start":{"line":20,"column":8},"end":{"line":20,"column":38}},"4":{"start":{"line":22,"column":29},"end":{"line":22,"column":57}},"5":{"start":{"line":23,"column":8},"end":{"line":23,"column":43}},"6":{"start":{"line":25,"column":32},"end":{"line":25,"column":60}},"7":{"start":{"line":26,"column":8},"end":{"line":26,"column":49}},"8":{"start":{"line":27,"column":8},"end":{"line":27,"column":60}},"9":{"start":{"line":29,"column":19},"end":{"line":29,"column":47}},"10":{"start":{"line":32,"column":8},"end":{"line":32,"column":66}},"11":{"start":{"line":35,"column":8},"end":{"line":42,"column":9}},"12":{"start":{"line":35,"column":32},"end":{"line":35,"column":33}},"13":{"start":{"line":36,"column":31},"end":{"line":36,"column":60}},"14":{"start":{"line":37,"column":12},"end":{"line":37,"column":52}},"15":{"start":{"line":38,"column":12},"end":{"line":38,"column":50}},"16":{"start":{"line":39,"column":12},"end":{"line":39,"column":48}},"17":{"start":{"line":40,"column":12},"end":{"line":40,"column":59}},"18":{"start":{"line":41,"column":12},"end":{"line":41,"column":43}},"19":{"start":{"line":44,"column":8},"end":{"line":44,"column":31}},"20":{"start":{"line":54,"column":8},"end":{"line":57,"column":9}},"21":{"start":{"line":55,"column":34},"end":{"line":55,"column":73}},"22":{"start":{"line":56,"column":12},"end":{"line":56,"column":79}},"23":{"start":{"line":59,"column":21},"end":{"line":59,"column":49}},"24":{"start":{"line":60,"column":24},"end":{"line":60,"column":68}},"25":{"start":{"line":61,"column":24},"end":{"line":61,"column":68}},"26":{"start":{"line":62,"column":8},"end":{"line":62,"column":43}},"27":{"start":{"line":72,"column":8},"end":{"line":74,"column":9}},"28":{"start":{"line":73,"column":12},"end":{"line":73,"column":36}},"29":{"start":{"line":84,"column":8},"end":{"line":84,"column":120}},"30":{"start":{"line":86,"column":8},"end":{"line":89,"column":9}},"31":{"start":{"line":86,"column":32},"end":{"line":86,"column":33}},"32":{"start":{"line":87,"column":30},"end":{"line":87,"column":94}},"33":{"start":{"line":88,"column":12},"end":{"line":88,"column":117}},"34":{"start":{"line":98,"column":0},"end":{"line":98,"column":63}},"35":{"start":{"line":105,"column":0},"end":{"line":105,"column":61}},"36":{"start":{"line":106,"column":0},"end":{"line":106,"column":53}}},"fnMap":{"0":{"name":"(anonymous_0)","decl":{"start":{"line":11,"column":4},"end":{"line":11,"column":5}},"loc":{"start":{"line":11,"column":36},"end":{"line":11,"column":70}},"line":11},"1":{"name":"(anonymous_1)","decl":{"start":{"line":16,"column":4},"end":{"line":16,"column":5}},"loc":{"start":{"line":16,"column":18},"end":{"line":45,"column":5}},"line":16},"2":{"name":"(anonymous_2)","decl":{"start":{"line":52,"column":4},"end":{"line":52,"column":5}},"loc":{"start":{"line":52,"column":41},"end":{"line":63,"column":5}},"line":52},"3":{"name":"(anonymous_3)","decl":{"start":{"line":71,"column":4},"end":{"line":71,"column":5}},"loc":{"start":{"line":71,"column":68},"end":{"line":75,"column":5}},"line":71},"4":{"name":"(anonymous_4)","decl":{"start":{"line":82,"column":4},"end":{"line":82,"column":5}},"loc":{"start":{"line":82,"column":23},"end":{"line":90,"column":5}},"line":82}},"branchMap":{"0":{"loc":{"start":{"line":54,"column":8},"end":{"line":57,"column":9}},"type":"if","locations":[{"start":{"line":54,"column":8},"end":{"line":57,"column":9}},{"start":{"line":54,"column":8},"end":{"line":57,"column":9}}],"line":54},"1":{"loc":{"start":{"line":72,"column":8},"end":{"line":74,"column":9}},"type":"if","locations":[{"start":{"line":72,"column":8},"end":{"line":74,"column":9}},{"start":{"line":72,"column":8},"end":{"line":74,"column":9}}],"line":72},"2":{"loc":{"start":{"line":87,"column":30},"end":{"line":87,"column":94}},"type":"cond-expr","locations":[{"start":{"line":87,"column":82},"end":{"line":87,"column":87}},{"start":{"line":87,"column":90},"end":{"line":87,"column":94}}],"line":87}},"s":{"0":2,"1":8,"2":8,"3":8,"4":8,"5":8,"6":8,"7":8,"8":8,"9":8,"10":8,"11":8,"12":8,"13":32,"14":32,"15":32,"16":32,"17":32,"18":32,"19":8,"20":22,"21":7,"22":7,"23":22,"24":22,"25":22,"26":22,"27":23,"28":16,"29":16,"30":16,"31":16,"32":64,"33":64,"34":2,"35":2,"36":2},"f":{"0":2,"1":8,"2":22,"3":23,"4":16},"b":{"0":[7,15],"1":[16,7],"2":[0,64]},"inputSourceMap":null,"_coverageSchema":"1a1c01bbd47fc00a2c39e90264f33305004495a9","hash":"cc77adc085ba26103126fcd3886c9db30c709491"}
,"C:\\cygwin64\\home\\eciv1\\cse112-s22-group14\\source\\v1\\js\\timerContainer.js": {"path":"C:\\cygwin64\\home\\eciv1\\cse112-s22-group14\\source\\v1\\js\\timerContainer.js","statementMap":{"0":{"start":{"line":13,"column":8},"end":{"line":13,"column":16}},"1":{"start":{"line":15,"column":24},"end":{"line":15,"column":53}},"2":{"start":{"line":16,"column":8},"end":{"line":16,"column":42}},"3":{"start":{"line":18,"column":29},"end":{"line":18,"column":57}},"4":{"start":{"line":19,"column":8},"end":{"line":19,"column":43}},"5":{"start":{"line":22,"column":30},"end":{"line":22,"column":48}},"6":{"start":{"line":23,"column":8},"end":{"line":23,"column":54}},"7":{"start":{"line":26,"column":8},"end":{"line":35,"column":9}},"8":{"start":{"line":27,"column":35},"end":{"line":27,"column":80}},"9":{"start":{"line":28,"column":12},"end":{"line":28,"column":60}},"10":{"start":{"line":29,"column":12},"end":{"line":29,"column":64}},"11":{"start":{"line":30,"column":12},"end":{"line":30,"column":77}},"12":{"start":{"line":32,"column":12},"end":{"line":32,"column":52}},"13":{"start":{"line":33,"column":12},"end":{"line":33,"column":65}},"14":{"start":{"line":34,"column":12},"end":{"line":34,"column":108}},"15":{"start":{"line":37,"column":31},"end":{"line":37,"column":61}},"16":{"start":{"line":38,"column":8},"end":{"line":38,"column":47}},"17":{"start":{"line":39,"column":8},"end":{"line":39,"column":51}},"18":{"start":{"line":42,"column":26},"end":{"line":42,"column":58}},"19":{"start":{"line":43,"column":8},"end":{"line":43,"column":37}},"20":{"start":{"line":44,"column":8},"end":{"line":44,"column":45}},"21":{"start":{"line":45,"column":8},"end":{"line":45,"column":63}},"22":{"start":{"line":47,"column":37},"end":{"line":47,"column":90}},"23":{"start":{"line":47,"column":45},"end":{"line":47,"column":88}},"24":{"start":{"line":48,"column":8},"end":{"line":48,"column":68}},"25":{"start":{"line":50,"column":33},"end":{"line":50,"column":63}},"26":{"start":{"line":51,"column":8},"end":{"line":51,"column":46}},"27":{"start":{"line":52,"column":8},"end":{"line":52,"column":52}},"28":{"start":{"line":55,"column":26},"end":{"line":55,"column":58}},"29":{"start":{"line":56,"column":8},"end":{"line":56,"column":37}},"30":{"start":{"line":57,"column":8},"end":{"line":57,"column":58}},"31":{"start":{"line":58,"column":8},"end":{"line":58,"column":63}},"32":{"start":{"line":59,"column":8},"end":{"line":59,"column":79}},"33":{"start":{"line":61,"column":33},"end":{"line":61,"column":63}},"34":{"start":{"line":62,"column":8},"end":{"line":62,"column":46}},"35":{"start":{"line":63,"column":8},"end":{"line":63,"column":52}},"36":{"start":{"line":65,"column":8},"end":{"line":65,"column":98}},"37":{"start":{"line":68,"column":29},"end":{"line":68,"column":59}},"38":{"start":{"line":69,"column":8},"end":{"line":69,"column":43}},"39":{"start":{"line":70,"column":8},"end":{"line":70,"column":49}},"40":{"start":{"line":72,"column":24},"end":{"line":72,"column":56}},"41":{"start":{"line":73,"column":8},"end":{"line":73,"column":33}},"42":{"start":{"line":74,"column":8},"end":{"line":74,"column":43}},"43":{"start":{"line":75,"column":8},"end":{"line":75,"column":59}},"44":{"start":{"line":76,"column":35},"end":{"line":76,"column":86}},"45":{"start":{"line":76,"column":43},"end":{"line":76,"column":84}},"46":{"start":{"line":77,"column":8},"end":{"line":77,"column":64}},"47":{"start":{"line":79,"column":31},"end":{"line":79,"column":61}},"48":{"start":{"line":80,"column":8},"end":{"line":80,"column":42}},"49":{"start":{"line":81,"column":8},"end":{"line":81,"column":50}},"50":{"start":{"line":83,"column":8},"end":{"line":83,"column":59}},"51":{"start":{"line":85,"column":8},"end":{"line":85,"column":92}},"52":{"start":{"line":87,"column":8},"end":{"line":87,"column":31}},"53":{"start":{"line":90,"column":8},"end":{"line":90,"column":31}},"54":{"start":{"line":91,"column":8},"end":{"line":91,"column":57}},"55":{"start":{"line":92,"column":8},"end":{"line":92,"column":30}},"56":{"start":{"line":93,"column":8},"end":{"line":93,"column":32}},"57":{"start":{"line":95,"column":8},"end":{"line":95,"column":32}},"58":{"start":{"line":103,"column":8},"end":{"line":103,"column":28}},"59":{"start":{"line":104,"column":8},"end":{"line":104,"column":68}},"60":{"start":{"line":105,"column":8},"end":{"line":105,"column":65}},"61":{"start":{"line":106,"column":8},"end":{"line":106,"column":56}},"62":{"start":{"line":107,"column":26},"end":{"line":107,"column":58}},"63":{"start":{"line":108,"column":8},"end":{"line":108,"column":35}},"64":{"start":{"line":109,"column":8},"end":{"line":109,"column":52}},"65":{"start":{"line":110,"column":8},"end":{"line":110,"column":32}},"66":{"start":{"line":119,"column":30},"end":{"line":119,"column":69}},"67":{"start":{"line":120,"column":8},"end":{"line":120,"column":58}},"68":{"start":{"line":121,"column":8},"end":{"line":121,"column":65}},"69":{"start":{"line":122,"column":8},"end":{"line":122,"column":58}},"70":{"start":{"line":123,"column":8},"end":{"line":123,"column":104}},"71":{"start":{"line":132,"column":9},"end":{"line":132,"column":61}},"72":{"start":{"line":133,"column":9},"end":{"line":133,"column":105}},"73":{"start":{"line":141,"column":8},"end":{"line":141,"column":59}},"74":{"start":{"line":142,"column":8},"end":{"line":142,"column":104}},"75":{"start":{"line":149,"column":8},"end":{"line":149,"column":25}},"76":{"start":{"line":150,"column":8},"end":{"line":150,"column":32}},"77":{"start":{"line":157,"column":8},"end":{"line":157,"column":26}},"78":{"start":{"line":158,"column":8},"end":{"line":158,"column":32}},"79":{"start":{"line":159,"column":8},"end":{"line":159,"column":55}},"80":{"start":{"line":160,"column":26},"end":{"line":160,"column":58}},"81":{"start":{"line":161,"column":8},"end":{"line":161,"column":59}},"82":{"start":{"line":162,"column":8},"end":{"line":162,"column":49}},"83":{"start":{"line":163,"column":8},"end":{"line":163,"column":65}},"84":{"start":{"line":164,"column":8},"end":{"line":164,"column":58}},"85":{"start":{"line":165,"column":8},"end":{"line":165,"column":68}},"86":{"start":{"line":172,"column":8},"end":{"line":172,"column":56}},"87":{"start":{"line":179,"column":8},"end":{"line":179,"column":57}},"88":{"start":{"line":187,"column":8},"end":{"line":189,"column":9}},"89":{"start":{"line":188,"column":12},"end":{"line":188,"column":22}},"90":{"start":{"line":190,"column":26},"end":{"line":190,"column":46}},"91":{"start":{"line":191,"column":29},"end":{"line":191,"column":60}},"92":{"start":{"line":192,"column":25},"end":{"line":192,"column":93}},"93":{"start":{"line":194,"column":8},"end":{"line":194,"column":51}},"94":{"start":{"line":202,"column":8},"end":{"line":202,"column":107}},"95":{"start":{"line":203,"column":8},"end":{"line":203,"column":90}},"96":{"start":{"line":204,"column":8},"end":{"line":204,"column":90}},"97":{"start":{"line":205,"column":31},"end":{"line":205,"column":54}},"98":{"start":{"line":206,"column":8},"end":{"line":208,"column":9}},"99":{"start":{"line":207,"column":12},"end":{"line":207,"column":84}},"100":{"start":{"line":218,"column":8},"end":{"line":254,"column":9}},"101":{"start":{"line":220,"column":16},"end":{"line":220,"column":65}},"102":{"start":{"line":221,"column":36},"end":{"line":221,"column":70}},"103":{"start":{"line":223,"column":16},"end":{"line":223,"column":71}},"104":{"start":{"line":224,"column":16},"end":{"line":224,"column":59}},"105":{"start":{"line":225,"column":16},"end":{"line":225,"column":38}},"106":{"start":{"line":227,"column":16},"end":{"line":236,"column":17}},"107":{"start":{"line":228,"column":20},"end":{"line":228,"column":65}},"108":{"start":{"line":230,"column":20},"end":{"line":230,"column":46}},"109":{"start":{"line":233,"column":20},"end":{"line":233,"column":65}},"110":{"start":{"line":235,"column":20},"end":{"line":235,"column":45}},"111":{"start":{"line":237,"column":16},"end":{"line":237,"column":58}},"112":{"start":{"line":238,"column":16},"end":{"line":238,"column":22}},"113":{"start":{"line":241,"column":16},"end":{"line":241,"column":38}},"114":{"start":{"line":243,"column":16},"end":{"line":243,"column":57}},"115":{"start":{"line":245,"column":16},"end":{"line":245,"column":66}},"116":{"start":{"line":246,"column":37},"end":{"line":246,"column":71}},"117":{"start":{"line":247,"column":16},"end":{"line":247,"column":46}},"118":{"start":{"line":248,"column":16},"end":{"line":248,"column":63}},"119":{"start":{"line":249,"column":16},"end":{"line":249,"column":58}},"120":{"start":{"line":251,"column":16},"end":{"line":251,"column":42}},"121":{"start":{"line":252,"column":16},"end":{"line":252,"column":22}},"122":{"start":{"line":255,"column":8},"end":{"line":255,"column":49}},"123":{"start":{"line":262,"column":8},"end":{"line":264,"column":9}},"124":{"start":{"line":263,"column":12},"end":{"line":263,"column":53}},"125":{"start":{"line":272,"column":8},"end":{"line":283,"column":9}},"126":{"start":{"line":274,"column":12},"end":{"line":281,"column":45}},"127":{"start":{"line":275,"column":39},"end":{"line":275,"column":62}},"128":{"start":{"line":276,"column":16},"end":{"line":279,"column":17}},"129":{"start":{"line":277,"column":20},"end":{"line":277,"column":41}},"130":{"start":{"line":278,"column":20},"end":{"line":278,"column":63}},"131":{"start":{"line":280,"column":16},"end":{"line":280,"column":40}},"132":{"start":{"line":282,"column":12},"end":{"line":282,"column":33}},"133":{"start":{"line":291,"column":8},"end":{"line":291,"column":57}},"134":{"start":{"line":292,"column":8},"end":{"line":292,"column":31}},"135":{"start":{"line":293,"column":8},"end":{"line":293,"column":30}},"136":{"start":{"line":294,"column":8},"end":{"line":294,"column":42}},"137":{"start":{"line":295,"column":8},"end":{"line":295,"column":32}},"138":{"start":{"line":296,"column":8},"end":{"line":296,"column":44}},"139":{"start":{"line":304,"column":8},"end":{"line":308,"column":9}},"140":{"start":{"line":305,"column":12},"end":{"line":305,"column":69}},"141":{"start":{"line":307,"column":12},"end":{"line":307,"column":77}},"142":{"start":{"line":309,"column":8},"end":{"line":309,"column":57}},"143":{"start":{"line":318,"column":0},"end":{"line":318,"column":25}},"144":{"start":{"line":325,"column":0},"end":{"line":325,"column":47}},"145":{"start":{"line":332,"column":0},"end":{"line":332,"column":45}},"146":{"start":{"line":339,"column":0},"end":{"line":339,"column":47}},"147":{"start":{"line":344,"column":0},"end":{"line":344,"column":31}},"148":{"start":{"line":351,"column":0},"end":{"line":351,"column":33}},"149":{"start":{"line":358,"column":0},"end":{"line":358,"column":26}},"150":{"start":{"line":365,"column":0},"end":{"line":365,"column":29}},"151":{"start":{"line":372,"column":0},"end":{"line":372,"column":29}},"152":{"start":{"line":379,"column":0},"end":{"line":379,"column":65}},"153":{"start":{"line":386,"column":0},"end":{"line":386,"column":132}},"154":{"start":{"line":393,"column":0},"end":{"line":393,"column":35}},"155":{"start":{"line":400,"column":0},"end":{"line":400,"column":67}},"156":{"start":{"line":407,"column":0},"end":{"line":407,"column":52}},"157":{"start":{"line":409,"column":0},"end":{"line":409,"column":55}}},"fnMap":{"0":{"name":"(anonymous_0)","decl":{"start":{"line":12,"column":4},"end":{"line":12,"column":5}},"loc":{"start":{"line":12,"column":18},"end":{"line":96,"column":5}},"line":12},"1":{"name":"(anonymous_1)","decl":{"start":{"line":47,"column":37},"end":{"line":47,"column":38}},"loc":{"start":{"line":47,"column":43},"end":{"line":47,"column":90}},"line":47},"2":{"name":"(anonymous_2)","decl":{"start":{"line":76,"column":35},"end":{"line":76,"column":36}},"loc":{"start":{"line":76,"column":41},"end":{"line":76,"column":86}},"line":76},"3":{"name":"(anonymous_3)","decl":{"start":{"line":102,"column":4},"end":{"line":102,"column":5}},"loc":{"start":{"line":102,"column":22},"end":{"line":111,"column":5}},"line":102},"4":{"name":"(anonymous_4)","decl":{"start":{"line":118,"column":4},"end":{"line":118,"column":5}},"loc":{"start":{"line":118,"column":41},"end":{"line":125,"column":5}},"line":118},"5":{"name":"(anonymous_5)","decl":{"start":{"line":131,"column":5},"end":{"line":131,"column":6}},"loc":{"start":{"line":131,"column":44},"end":{"line":134,"column":5}},"line":131},"6":{"name":"(anonymous_6)","decl":{"start":{"line":140,"column":4},"end":{"line":140,"column":5}},"loc":{"start":{"line":140,"column":41},"end":{"line":143,"column":5}},"line":140},"7":{"name":"(anonymous_7)","decl":{"start":{"line":148,"column":4},"end":{"line":148,"column":5}},"loc":{"start":{"line":148,"column":22},"end":{"line":151,"column":5}},"line":148},"8":{"name":"(anonymous_8)","decl":{"start":{"line":156,"column":4},"end":{"line":156,"column":5}},"loc":{"start":{"line":156,"column":23},"end":{"line":166,"column":5}},"line":156},"9":{"name":"(anonymous_9)","decl":{"start":{"line":171,"column":4},"end":{"line":171,"column":5}},"loc":{"start":{"line":171,"column":25},"end":{"line":173,"column":5}},"line":171},"10":{"name":"(anonymous_10)","decl":{"start":{"line":178,"column":4},"end":{"line":178,"column":5}},"loc":{"start":{"line":178,"column":24},"end":{"line":180,"column":5}},"line":178},"11":{"name":"(anonymous_11)","decl":{"start":{"line":186,"column":4},"end":{"line":186,"column":5}},"loc":{"start":{"line":186,"column":23},"end":{"line":195,"column":5}},"line":186},"12":{"name":"(anonymous_12)","decl":{"start":{"line":201,"column":4},"end":{"line":201,"column":5}},"loc":{"start":{"line":201,"column":23},"end":{"line":209,"column":5}},"line":201},"13":{"name":"(anonymous_13)","decl":{"start":{"line":217,"column":4},"end":{"line":217,"column":5}},"loc":{"start":{"line":217,"column":20},"end":{"line":256,"column":5}},"line":217},"14":{"name":"(anonymous_14)","decl":{"start":{"line":261,"column":4},"end":{"line":261,"column":5}},"loc":{"start":{"line":261,"column":16},"end":{"line":265,"column":5}},"line":261},"15":{"name":"(anonymous_15)","decl":{"start":{"line":271,"column":4},"end":{"line":271,"column":5}},"loc":{"start":{"line":271,"column":19},"end":{"line":284,"column":5}},"line":271},"16":{"name":"(anonymous_16)","decl":{"start":{"line":274,"column":45},"end":{"line":274,"column":46}},"loc":{"start":{"line":274,"column":51},"end":{"line":281,"column":13}},"line":274},"17":{"name":"(anonymous_17)","decl":{"start":{"line":289,"column":4},"end":{"line":289,"column":5}},"loc":{"start":{"line":289,"column":17},"end":{"line":297,"column":5}},"line":289},"18":{"name":"(anonymous_18)","decl":{"start":{"line":302,"column":4},"end":{"line":302,"column":5}},"loc":{"start":{"line":302,"column":18},"end":{"line":310,"column":5}},"line":302}},"branchMap":{"0":{"loc":{"start":{"line":26,"column":8},"end":{"line":35,"column":9}},"type":"if","locations":[{"start":{"line":26,"column":8},"end":{"line":35,"column":9}},{"start":{"line":26,"column":8},"end":{"line":35,"column":9}}],"line":26},"1":{"loc":{"start":{"line":187,"column":8},"end":{"line":189,"column":9}},"type":"if","locations":[{"start":{"line":187,"column":8},"end":{"line":189,"column":9}},{"start":{"line":187,"column":8},"end":{"line":189,"column":9}}],"line":187},"2":{"loc":{"start":{"line":194,"column":16},"end":{"line":194,"column":49}},"type":"cond-expr","locations":[{"start":{"line":194,"column":34},"end":{"line":194,"column":44}},{"start":{"line":194,"column":47},"end":{"line":194,"column":49}}],"line":194},"3":{"loc":{"start":{"line":206,"column":8},"end":{"line":208,"column":9}},"type":"if","locations":[{"start":{"line":206,"column":8},"end":{"line":208,"column":9}},{"start":{"line":206,"column":8},"end":{"line":208,"column":9}}],"line":206},"4":{"loc":{"start":{"line":218,"column":8},"end":{"line":254,"column":9}},"type":"switch","locations":[{"start":{"line":219,"column":12},"end":{"line":238,"column":22}},{"start":{"line":240,"column":12},"end":{"line":241,"column":38}},{"start":{"line":242,"column":12},"end":{"line":243,"column":57}},{"start":{"line":244,"column":12},"end":{"line":252,"column":22}}],"line":218},"5":{"loc":{"start":{"line":227,"column":16},"end":{"line":236,"column":17}},"type":"if","locations":[{"start":{"line":227,"column":16},"end":{"line":236,"column":17}},{"start":{"line":227,"column":16},"end":{"line":236,"column":17}}],"line":227},"6":{"loc":{"start":{"line":262,"column":8},"end":{"line":264,"column":9}},"type":"if","locations":[{"start":{"line":262,"column":8},"end":{"line":264,"column":9}},{"start":{"line":262,"column":8},"end":{"line":264,"column":9}}],"line":262},"7":{"loc":{"start":{"line":272,"column":8},"end":{"line":283,"column":9}},"type":"if","locations":[{"start":{"line":272,"column":8},"end":{"line":283,"column":9}},{"start":{"line":272,"column":8},"end":{"line":283,"column":9}}],"line":272},"8":{"loc":{"start":{"line":276,"column":16},"end":{"line":279,"column":17}},"type":"if","locations":[{"start":{"line":276,"column":16},"end":{"line":279,"column":17}},{"start":{"line":276,"column":16},"end":{"line":279,"column":17}}],"line":276},"9":{"loc":{"start":{"line":304,"column":8},"end":{"line":308,"column":9}},"type":"if","locations":[{"start":{"line":304,"column":8},"end":{"line":308,"column":9}},{"start":{"line":304,"column":8},"end":{"line":308,"column":9}}],"line":304}},"s":{"0":7,"1":7,"2":7,"3":7,"4":7,"5":7,"6":7,"7":7,"8":6,"9":6,"10":6,"11":6,"12":1,"13":1,"14":1,"15":7,"16":7,"17":7,"18":7,"19":7,"20":7,"21":7,"22":7,"23":0,"24":7,"25":7,"26":7,"27":7,"28":7,"29":7,"30":7,"31":7,"32":7,"33":7,"34":7,"35":7,"36":7,"37":7,"38":7,"39":7,"40":7,"41":7,"42":7,"43":7,"44":7,"45":0,"46":7,"47":7,"48":7,"49":7,"50":7,"51":7,"52":7,"53":7,"54":7,"55":7,"56":7,"57":7,"58":0,"59":0,"60":0,"61":0,"62":0,"63":0,"64":0,"65":0,"66":1,"67":1,"68":1,"69":1,"70":1,"71":1,"72":1,"73":1,"74":1,"75":0,"76":0,"77":7,"78":7,"79":7,"80":7,"81":7,"82":7,"83":7,"84":7,"85":7,"86":0,"87":0,"88":17,"89":14,"90":3,"91":3,"92":3,"93":3,"94":7,"95":7,"96":7,"97":7,"98":7,"99":0,"100":0,"101":0,"102":0,"103":0,"104":0,"105":0,"106":0,"107":0,"108":0,"109":0,"110":0,"111":0,"112":0,"113":0,"114":0,"115":0,"116":0,"117":0,"118":0,"119":0,"120":0,"121":0,"122":0,"123":0,"124":0,"125":0,"126":0,"127":0,"128":0,"129":0,"130":0,"131":0,"132":0,"133":7,"134":7,"135":7,"136":7,"137":7,"138":7,"139":1,"140":1,"141":0,"142":1,"143":1,"144":1,"145":1,"146":1,"147":1,"148":1,"149":1,"150":1,"151":1,"152":1,"153":1,"154":1,"155":1,"156":1,"157":1},"f":{"0":7,"1":0,"2":0,"3":0,"4":1,"5":1,"6":1,"7":0,"8":7,"9":0,"10":0,"11":17,"12":7,"13":0,"14":0,"15":0,"16":0,"17":7,"18":1},"b":{"0":[6,1],"1":[14,3],"2":[3,0],"3":[0,7],"4":[0,0,0,0],"5":[0,0],"6":[0,0],"7":[0,0],"8":[0,0],"9":[1,0]},"inputSourceMap":null,"_coverageSchema":"1a1c01bbd47fc00a2c39e90264f33305004495a9","hash":"93009b8410aa43814a291273de81f41930f55f00"}
}
