TN:
SF:source\v1\js\notify.js
FN:6,notify
FN:18,(anonymous_1)
FNF:2
FNH:0
FNDA:0,notify
FNDA:0,(anonymous_1)
DA:7,0
DA:11,0
DA:12,0
DA:13,0
DA:17,0
DA:18,0
DA:20,0
DA:21,0
DA:25,0
DA:28,0
DA:29,0
DA:30,0
DA:31,0
DA:32,0
DA:35,0
DA:36,0
DA:37,0
DA:38,0
DA:39,0
DA:43,0
DA:44,0
DA:45,0
DA:46,0
DA:47,0
DA:52,0
DA:53,0
DA:54,0
DA:55,0
LF:28
LH:0
BRDA:11,0,0,0
BRDA:11,0,1,0
BRDA:17,1,0,0
BRDA:17,1,1,0
BRDA:20,2,0,0
BRDA:20,2,1,0
BRDA:25,3,0,0
BRDA:25,3,1,0
BRDA:28,4,0,0
BRDA:28,4,1,0
BRDA:35,5,0,0
BRDA:35,5,1,0
BRDA:43,6,0,0
BRDA:43,6,1,0
BRF:14
BRH:0
end_of_record
TN:
SF:source\v1\js\task.js
FN:12,(anonymous_0)
FN:17,(anonymous_1)
FN:46,(anonymous_2)
FN:57,(anonymous_3)
FN:68,(anonymous_4)
FN:76,(anonymous_5)
FN:84,(anonymous_6)
FNF:7
FNH:6
FNDA:1,(anonymous_0)
FNDA:21,(anonymous_1)
FNDA:0,(anonymous_2)
FNDA:42,(anonymous_3)
FNDA:42,(anonymous_4)
FNDA:21,(anonymous_5)
FNDA:21,(anonymous_6)
DA:12,1
DA:18,21
DA:19,21
DA:20,21
DA:22,21
DA:23,21
DA:24,21
DA:26,21
DA:27,21
DA:29,21
DA:30,21
DA:31,21
DA:32,21
DA:33,21
DA:34,21
DA:36,21
DA:38,21
DA:39,21
DA:47,0
DA:48,0
DA:49,0
DA:51,0
DA:58,42
DA:59,42
DA:69,42
DA:77,21
DA:85,21
DA:94,1
DA:95,1
LF:29
LH:25
BRDA:48,0,0,0
BRDA:48,0,1,0
BRDA:48,1,0,0
BRDA:48,1,1,0
BRF:4
BRH:0
end_of_record
TN:
SF:source\v1\js\taskDisplay.js
FN:13,(anonymous_0)
FN:18,(anonymous_1)
FN:52,(anonymous_2)
FN:85,(anonymous_3)
FN:98,(anonymous_4)
FN:120,(anonymous_5)
FN:130,(anonymous_6)
FN:139,(anonymous_7)
FN:147,(anonymous_8)
FNF:9
FNH:8
FNDA:1,(anonymous_0)
FNDA:5,(anonymous_1)
FNDA:0,(anonymous_2)
FNDA:20,(anonymous_3)
FNDA:20,(anonymous_4)
FNDA:1,(anonymous_5)
FNDA:1,(anonymous_6)
FNDA:6,(anonymous_7)
FNDA:2,(anonymous_8)
DA:13,1
DA:19,5
DA:21,5
DA:22,5
DA:25,5
DA:26,5
DA:29,5
DA:30,5
DA:31,5
DA:33,5
DA:34,5
DA:35,5
DA:38,5
DA:39,5
DA:40,5
DA:41,5
DA:43,5
DA:44,5
DA:46,5
DA:47,5
DA:48,5
DA:49,5
DA:52,5
DA:53,5
DA:54,5
DA:56,5
DA:59,5
DA:60,5
DA:63,5
DA:64,5
DA:66,5
DA:67,5
DA:70,5
DA:71,5
DA:72,5
DA:74,5
DA:86,20
DA:100,20
DA:101,7
DA:102,7
DA:105,13
DA:106,1
DA:107,1
DA:109,12
DA:110,6
DA:112,6
DA:113,6
DA:121,1
DA:122,1
DA:123,1
DA:124,1
DA:131,1
DA:132,1
DA:133,1
DA:140,6
DA:148,2
DA:157,1
DA:164,1
DA:171,1
DA:172,1
LF:60
LH:60
BRDA:100,0,0,7
BRDA:100,0,1,13
BRDA:100,1,0,20
BRDA:100,1,1,8
BRDA:105,2,0,1
BRDA:105,2,1,12
BRDA:105,3,0,13
BRDA:105,3,1,1
BRDA:109,4,0,6
BRDA:109,4,1,6
BRDA:112,5,0,6
BRDA:112,5,1,0
BRF:12
BRH:11
end_of_record
TN:
SF:source\v1\js\taskList.js
FN:11,(anonymous_0)
FN:120,(anonymous_1)
FN:132,(anonymous_2)
FN:150,(anonymous_3)
FN:164,(anonymous_4)
FN:178,(anonymous_5)
FN:187,(anonymous_6)
FN:195,(anonymous_7)
FN:201,(anonymous_8)
FN:202,(anonymous_9)
FN:217,(anonymous_10)
FN:243,(anonymous_11)
FN:256,(anonymous_12)
FN:298,(anonymous_13)
FN:310,(anonymous_14)
FN:329,(anonymous_15)
FN:330,(anonymous_16)
FN:342,(anonymous_17)
FN:357,(anonymous_18)
FN:364,(anonymous_19)
FN:374,(anonymous_20)
FN:384,(anonymous_21)
FN:394,(anonymous_22)
FNF:23
FNH:11
FNDA:8,(anonymous_0)
FNDA:6,(anonymous_1)
FNDA:8,(anonymous_2)
FNDA:0,(anonymous_3)
FNDA:0,(anonymous_4)
FNDA:1,(anonymous_5)
FNDA:1,(anonymous_6)
FNDA:21,(anonymous_7)
FNDA:0,(anonymous_8)
FNDA:0,(anonymous_9)
FNDA:0,(anonymous_10)
FNDA:0,(anonymous_11)
FNDA:9,(anonymous_12)
FNDA:0,(anonymous_13)
FNDA:0,(anonymous_14)
FNDA:0,(anonymous_15)
FNDA:0,(anonymous_16)
FNDA:0,(anonymous_17)
FNDA:27,(anonymous_18)
FNDA:3,(anonymous_19)
FNDA:2,(anonymous_20)
FNDA:6,(anonymous_21)
FNDA:0,(anonymous_22)
DA:12,8
DA:13,8
DA:14,8
DA:17,8
DA:18,8
DA:19,8
DA:20,8
DA:23,8
DA:24,8
DA:25,8
DA:28,8
DA:29,8
DA:30,8
DA:31,8
DA:32,8
DA:33,8
DA:36,8
DA:37,8
DA:39,8
DA:40,8
DA:42,8
DA:43,8
DA:46,8
DA:48,8
DA:49,8
DA:51,8
DA:54,8
DA:55,8
DA:56,8
DA:57,8
DA:58,8
DA:59,8
DA:60,8
DA:63,8
DA:64,8
DA:65,8
DA:67,8
DA:68,8
DA:69,8
DA:70,8
DA:72,8
DA:73,8
DA:74,8
DA:77,8
DA:78,8
DA:79,8
DA:81,8
DA:83,8
DA:85,8
DA:87,8
DA:90,8
DA:92,8
DA:93,8
DA:95,8
DA:97,8
DA:98,8
DA:99,8
DA:101,8
DA:104,8
DA:105,8
DA:106,8
DA:108,8
DA:109,8
DA:110,8
DA:113,8
DA:121,6
DA:122,6
DA:123,3
DA:125,3
DA:133,8
DA:134,8
DA:135,8
DA:136,8
DA:137,8
DA:138,8
DA:140,0
DA:141,0
DA:142,0
DA:151,0
DA:152,0
DA:153,0
DA:154,0
DA:155,0
DA:165,0
DA:166,0
DA:168,0
DA:169,0
DA:170,0
DA:171,0
DA:179,1
DA:180,1
DA:188,1
DA:196,21
DA:197,21
DA:198,21
DA:199,21
DA:200,21
DA:201,21
DA:202,21
DA:205,21
DA:208,21
DA:209,21
DA:219,0
DA:220,0
DA:221,0
DA:222,0
DA:223,0
DA:224,0
DA:225,0
DA:226,0
DA:229,0
DA:230,0
DA:231,0
DA:234,0
DA:235,0
DA:238,0
DA:239,0
DA:240,0
DA:243,0
DA:244,0
DA:245,0
DA:249,0
DA:258,9
DA:260,9
DA:261,0
DA:263,9
DA:265,9
DA:268,9
DA:271,9
DA:272,9
DA:273,9
DA:274,9
DA:275,6
DA:276,2
DA:278,9
DA:279,9
DA:280,9
DA:283,9
DA:284,9
DA:285,9
DA:287,4
DA:288,4
DA:289,4
DA:292,9
DA:299,0
DA:300,0
DA:301,0
DA:303,0
DA:304,0
DA:306,0
DA:310,0
DA:311,0
DA:312,0
DA:313,0
DA:316,0
DA:319,0
DA:320,0
DA:321,0
DA:322,0
DA:323,0
DA:324,0
DA:325,0
DA:326,0
DA:327,0
DA:328,0
DA:329,0
DA:330,0
DA:332,0
DA:333,0
DA:343,0
DA:344,0
DA:345,0
DA:347,0
DA:348,0
DA:349,0
DA:350,0
DA:351,0
DA:358,27
DA:365,3
DA:366,2
DA:368,1
DA:375,2
DA:376,1
DA:378,1
DA:385,6
DA:386,6
DA:395,0
DA:404,1
DA:411,1
DA:418,1
DA:420,1
LF:191
LH:122
BRDA:122,0,0,3
BRDA:122,0,1,3
BRDA:122,1,0,6
BRDA:122,1,1,4
BRDA:135,2,0,8
BRDA:135,2,1,0
BRDA:135,3,0,8
BRDA:135,3,1,0
BRDA:151,4,0,0
BRDA:151,4,1,0
BRDA:153,5,0,0
BRDA:153,5,1,0
BRDA:168,6,0,0
BRDA:168,6,1,0
BRDA:223,7,0,0
BRDA:223,7,1,0
BRDA:229,8,0,0
BRDA:229,8,1,0
BRDA:260,9,0,0
BRDA:260,9,1,9
BRDA:275,10,0,4
BRDA:275,10,1,2
BRDA:303,11,0,0
BRDA:303,11,1,0
BRDA:319,12,0,0
BRDA:319,12,1,0
BRDA:324,13,0,0
BRDA:324,13,1,0
BRDA:365,14,0,2
BRDA:365,14,1,1
BRDA:375,15,0,1
BRDA:375,15,1,1
BRDA:385,16,0,6
BRDA:385,16,1,0
BRF:34
BRH:14
end_of_record
TN:
SF:source\v1\js\timer.js
FN:11,(anonymous_0)
FN:16,(anonymous_1)
FN:52,(anonymous_2)
FN:68,(anonymous_3)
FN:78,(anonymous_4)
FNF:5
FNH:5
FNDA:2,(anonymous_0)
FNDA:3,(anonymous_1)
FNDA:13,(anonymous_2)
FNDA:8,(anonymous_3)
FNDA:6,(anonymous_4)
DA:11,2
DA:17,3
DA:19,3
DA:20,3
DA:22,3
DA:23,3
DA:25,3
DA:26,3
DA:27,3
DA:29,3
DA:32,3
DA:35,3
DA:36,12
DA:37,12
DA:38,12
DA:39,12
DA:40,12
DA:41,12
DA:44,3
DA:53,13
DA:54,3
DA:56,10
DA:57,10
DA:58,10
DA:59,10
DA:69,8
DA:70,6
DA:80,6
DA:82,6
DA:83,24
DA:84,24
DA:94,2
DA:101,2
DA:102,2
LF:34
LH:34
BRDA:53,0,0,3
BRDA:53,0,1,10
BRDA:69,1,0,6
BRDA:69,1,1,2
BRDA:83,2,0,0
BRDA:83,2,1,24
BRF:6
BRH:5
end_of_record
TN:
SF:source\v1\js\timerContainer.js
FN:12,(anonymous_0)
FN:36,(anonymous_1)
FN:65,(anonymous_2)
FN:91,(anonymous_3)
FN:107,(anonymous_4)
FN:115,(anonymous_5)
FN:130,(anonymous_6)
FN:137,(anonymous_7)
FN:145,(anonymous_8)
FN:160,(anonymous_9)
FN:172,(anonymous_10)
FN:216,(anonymous_11)
FN:226,(anonymous_12)
FN:229,(anonymous_13)
FN:244,(anonymous_14)
FN:256,(anonymous_15)
FNF:16
FNH:6
FNDA:2,(anonymous_0)
FNDA:0,(anonymous_1)
FNDA:0,(anonymous_2)
FNDA:0,(anonymous_3)
FNDA:0,(anonymous_4)
FNDA:2,(anonymous_5)
FNDA:0,(anonymous_6)
FNDA:0,(anonymous_7)
FNDA:5,(anonymous_8)
FNDA:2,(anonymous_9)
FNDA:0,(anonymous_10)
FNDA:0,(anonymous_11)
FNDA:0,(anonymous_12)
FNDA:0,(anonymous_13)
FNDA:2,(anonymous_14)
FNDA:1,(anonymous_15)
DA:13,2
DA:15,2
DA:16,2
DA:18,2
DA:19,2
DA:22,2
DA:23,2
DA:24,2
DA:26,2
DA:27,2
DA:28,2
DA:31,2
DA:32,2
DA:33,2
DA:34,2
DA:36,2
DA:37,2
DA:39,2
DA:40,2
DA:41,2
DA:44,2
DA:45,2
DA:46,2
DA:47,2
DA:48,2
DA:50,2
DA:51,2
DA:52,2
DA:54,2
DA:57,2
DA:58,2
DA:59,2
DA:61,2
DA:62,2
DA:63,2
DA:64,2
DA:65,2
DA:66,2
DA:68,2
DA:69,2
DA:70,2
DA:72,2
DA:74,2
DA:76,2
DA:79,2
DA:80,2
DA:81,2
DA:82,2
DA:84,2
DA:92,0
DA:93,0
DA:94,0
DA:95,0
DA:96,0
DA:97,0
DA:98,0
DA:99,0
DA:108,0
DA:109,0
DA:116,2
DA:117,2
DA:118,2
DA:119,2
DA:120,2
DA:121,2
DA:122,2
DA:123,2
DA:124,2
DA:131,0
DA:138,0
DA:146,5
DA:147,2
DA:149,3
DA:150,3
DA:151,3
DA:153,3
DA:161,2
DA:162,2
DA:163,2
DA:173,0
DA:175,0
DA:176,0
DA:178,0
DA:179,0
DA:180,0
DA:182,0
DA:183,0
DA:185,0
DA:188,0
DA:190,0
DA:192,0
DA:193,0
DA:196,0
DA:198,0
DA:200,0
DA:201,0
DA:202,0
DA:203,0
DA:204,0
DA:206,0
DA:207,0
DA:210,0
DA:217,0
DA:218,0
DA:227,0
DA:229,0
DA:230,0
DA:231,0
DA:232,0
DA:233,0
DA:235,0
DA:237,0
DA:246,2
DA:247,2
DA:248,2
DA:249,2
DA:250,2
DA:258,1
DA:259,1
DA:261,0
DA:263,1
DA:271,1
DA:278,1
DA:285,1
DA:291,1
DA:298,1
DA:305,1
DA:312,1
DA:319,1
DA:326,1
DA:333,1
DA:340,1
DA:347,1
DA:354,1
DA:356,1
LF:135
LH:89
BRDA:146,0,0,2
BRDA:146,0,1,3
BRDA:153,1,0,3
BRDA:153,1,1,0
BRDA:173,2,0,0
BRDA:173,2,1,0
BRDA:173,2,2,0
BRDA:173,2,3,0
BRDA:182,3,0,0
BRDA:182,3,1,0
BRDA:217,4,0,0
BRDA:217,4,1,0
BRDA:227,5,0,0
BRDA:227,5,1,0
BRDA:231,6,0,0
BRDA:231,6,1,0
BRDA:258,7,0,1
BRDA:258,7,1,0
BRF:18
BRH:4
end_of_record
