TN:
SF:source\v1\js\notify.js
FN:6,notify
FN:18,(anonymous_1)
FN:46,(anonymous_2)
FN:50,(anonymous_3)
FNF:4
FNH:0
FNDA:0,notify
FNDA:0,(anonymous_1)
FNDA:0,(anonymous_2)
FNDA:0,(anonymous_3)
DA:7,0
DA:11,0
DA:12,0
DA:13,0
DA:17,0
DA:18,0
DA:20,0
DA:21,0
DA:25,0
DA:26,0
DA:28,0
DA:29,0
DA:30,0
DA:31,0
DA:32,0
DA:33,0
DA:36,0
DA:39,0
DA:42,0
DA:43,0
DA:45,0
DA:46,0
DA:49,0
DA:52,0
DA:57,0
DA:58,0
DA:60,0
LF:27
LH:0
BRDA:11,0,0,0
BRDA:11,0,1,0
BRDA:17,1,0,0
BRDA:17,1,1,0
BRDA:20,2,0,0
BRDA:20,2,1,0
BRDA:25,3,0,0
BRDA:25,3,1,0
BRDA:28,4,0,0
BRDA:28,4,1,0
BRDA:30,5,0,0
BRDA:30,5,1,0
BRDA:32,6,0,0
BRDA:32,6,1,0
BRDA:42,7,0,0
BRDA:42,7,1,0
BRDA:45,8,0,0
BRDA:45,8,1,0
BRF:18
BRH:0
end_of_record
TN:
SF:source\v1\js\task.js
FN:12,(anonymous_0)
FN:17,(anonymous_1)
FN:28,(anonymous_2)
FN:59,(anonymous_3)
FN:70,(anonymous_4)
FN:81,(anonymous_5)
FN:89,(anonymous_6)
FN:98,(anonymous_7)
FN:107,(anonymous_8)
FN:116,(anonymous_9)
FN:126,(anonymous_10)
FNF:11
FNH:7
FNDA:1,(anonymous_0)
FNDA:21,(anonymous_1)
FNDA:0,(anonymous_2)
FNDA:0,(anonymous_3)
FNDA:42,(anonymous_4)
FNDA:42,(anonymous_5)
FNDA:21,(anonymous_6)
FNDA:0,(anonymous_7)
FNDA:21,(anonymous_8)
FNDA:0,(anonymous_9)
FNDA:21,(anonymous_10)
DA:12,1
DA:18,21
DA:21,21
DA:22,21
DA:25,21
DA:26,21
DA:28,21
DA:29,0
DA:32,21
DA:33,21
DA:35,21
DA:36,21
DA:37,21
DA:39,21
DA:40,21
DA:42,21
DA:43,21
DA:44,21
DA:45,21
DA:46,21
DA:47,21
DA:49,21
DA:51,21
DA:52,21
DA:60,0
DA:61,0
DA:62,0
DA:64,0
DA:71,42
DA:72,42
DA:82,42
DA:90,21
DA:91,21
DA:99,0
DA:100,0
DA:108,21
DA:109,21
DA:117,0
DA:118,0
DA:127,21
DA:136,1
DA:137,1
LF:42
LH:33
BRDA:61,0,0,0
BRDA:61,0,1,0
BRDA:61,1,0,0
BRDA:61,1,1,0
BRF:4
BRH:0
end_of_record
TN:
SF:source\v1\js\taskDisplay.js
FN:13,(anonymous_0)
FN:18,(anonymous_1)
FN:52,(anonymous_2)
FN:85,(anonymous_3)
FN:98,(anonymous_4)
FN:120,(anonymous_5)
FN:130,(anonymous_6)
FN:139,(anonymous_7)
FN:147,(anonymous_8)
FNF:9
FNH:8
FNDA:1,(anonymous_0)
FNDA:5,(anonymous_1)
FNDA:0,(anonymous_2)
FNDA:20,(anonymous_3)
FNDA:20,(anonymous_4)
FNDA:1,(anonymous_5)
FNDA:1,(anonymous_6)
FNDA:6,(anonymous_7)
FNDA:2,(anonymous_8)
DA:13,1
DA:19,5
DA:21,5
DA:22,5
DA:25,5
DA:26,5
DA:29,5
DA:30,5
DA:31,5
DA:33,5
DA:34,5
DA:35,5
DA:38,5
DA:39,5
DA:40,5
DA:41,5
DA:43,5
DA:44,5
DA:46,5
DA:47,5
DA:48,5
DA:49,5
DA:52,5
DA:53,5
DA:54,5
DA:56,5
DA:59,5
DA:60,5
DA:63,5
DA:64,5
DA:66,5
DA:67,5
DA:70,5
DA:71,5
DA:72,5
DA:74,5
DA:86,20
DA:100,20
DA:101,7
DA:102,7
DA:105,13
DA:106,1
DA:107,1
DA:109,12
DA:110,6
DA:112,6
DA:113,6
DA:121,1
DA:122,1
DA:123,1
DA:124,1
DA:131,1
DA:132,1
DA:133,1
DA:140,6
DA:148,2
DA:157,1
DA:164,1
DA:171,1
DA:172,1
LF:60
LH:60
BRDA:100,0,0,7
BRDA:100,0,1,13
BRDA:100,1,0,20
BRDA:100,1,1,8
BRDA:105,2,0,1
BRDA:105,2,1,12
BRDA:105,3,0,13
BRDA:105,3,1,1
BRDA:109,4,0,6
BRDA:109,4,1,6
BRDA:112,5,0,6
BRDA:112,5,1,0
BRF:12
BRH:11
end_of_record
TN:
SF:source\v1\js\taskList.js
FN:11,(anonymous_0)
FN:110,(anonymous_1)
FN:125,(anonymous_2)
FN:139,(anonymous_3)
FN:166,(anonymous_4)
FN:169,(anonymous_5)
FN:187,(anonymous_6)
FN:205,(anonymous_7)
FN:219,(anonymous_8)
FN:233,(anonymous_9)
FN:242,(anonymous_10)
FN:250,(anonymous_11)
FN:256,(anonymous_12)
FN:257,(anonymous_13)
FN:258,(anonymous_14)
FN:273,(anonymous_15)
FN:299,(anonymous_16)
FN:312,(anonymous_17)
FN:356,(anonymous_18)
FN:369,(anonymous_19)
FN:370,(anonymous_20)
FN:382,(anonymous_21)
FN:393,(anonymous_22)
FN:413,(anonymous_23)
FN:414,(anonymous_24)
FN:415,(anonymous_25)
FN:427,(anonymous_26)
FN:442,(anonymous_27)
FN:449,(anonymous_28)
FN:459,(anonymous_29)
FN:469,(anonymous_30)
FN:479,(anonymous_31)
FNF:32
FNH:11
FNDA:8,(anonymous_0)
FNDA:0,(anonymous_1)
FNDA:6,(anonymous_2)
FNDA:0,(anonymous_3)
FNDA:0,(anonymous_4)
FNDA:0,(anonymous_5)
FNDA:8,(anonymous_6)
FNDA:0,(anonymous_7)
FNDA:0,(anonymous_8)
FNDA:1,(anonymous_9)
FNDA:1,(anonymous_10)
FNDA:21,(anonymous_11)
FNDA:0,(anonymous_12)
FNDA:0,(anonymous_13)
FNDA:0,(anonymous_14)
FNDA:0,(anonymous_15)
FNDA:0,(anonymous_16)
FNDA:9,(anonymous_17)
FNDA:0,(anonymous_18)
FNDA:0,(anonymous_19)
FNDA:0,(anonymous_20)
FNDA:0,(anonymous_21)
FNDA:0,(anonymous_22)
FNDA:0,(anonymous_23)
FNDA:0,(anonymous_24)
FNDA:0,(anonymous_25)
FNDA:0,(anonymous_26)
FNDA:27,(anonymous_27)
FNDA:3,(anonymous_28)
FNDA:2,(anonymous_29)
FNDA:6,(anonymous_30)
FNDA:0,(anonymous_31)
DA:12,8
DA:13,8
DA:14,8
DA:17,8
DA:18,8
DA:19,8
DA:20,8
DA:23,8
DA:24,8
DA:25,8
DA:28,8
DA:29,8
DA:30,8
DA:31,8
DA:32,8
DA:34,8
DA:37,8
DA:38,8
DA:39,8
DA:41,8
DA:42,8
DA:44,8
DA:45,8
DA:48,8
DA:50,8
DA:51,8
DA:53,8
DA:56,8
DA:57,8
DA:58,8
DA:59,8
DA:60,8
DA:61,8
DA:62,8
DA:65,8
DA:66,8
DA:67,8
DA:69,8
DA:70,8
DA:71,8
DA:72,8
DA:74,8
DA:75,8
DA:76,8
DA:79,8
DA:80,8
DA:81,8
DA:83,8
DA:85,8
DA:87,8
DA:89,8
DA:92,8
DA:94,8
DA:95,8
DA:97,8
DA:99,8
DA:100,8
DA:101,8
DA:103,8
DA:106,8
DA:107,8
DA:108,8
DA:110,8
DA:112,8
DA:113,8
DA:114,8
DA:117,8
DA:126,6
DA:127,6
DA:128,3
DA:130,3
DA:140,0
DA:143,0
DA:145,0
DA:147,0
DA:148,0
DA:151,0
DA:152,0
DA:156,0
DA:168,0
DA:169,0
DA:170,0
DA:171,0
DA:175,0
DA:176,0
DA:178,0
DA:188,8
DA:189,8
DA:190,8
DA:191,8
DA:192,8
DA:193,8
DA:195,0
DA:196,0
DA:197,0
DA:206,0
DA:207,0
DA:208,0
DA:209,0
DA:210,0
DA:220,0
DA:221,0
DA:223,0
DA:224,0
DA:225,0
DA:226,0
DA:234,1
DA:235,1
DA:243,1
DA:251,21
DA:252,21
DA:253,21
DA:254,21
DA:255,21
DA:256,21
DA:257,21
DA:258,21
DA:261,21
DA:264,21
DA:265,21
DA:275,0
DA:276,0
DA:277,0
DA:278,0
DA:279,0
DA:280,0
DA:281,0
DA:282,0
DA:285,0
DA:286,0
DA:287,0
DA:290,0
DA:291,0
DA:294,0
DA:295,0
DA:296,0
DA:299,0
DA:300,0
DA:301,0
DA:305,0
DA:314,9
DA:316,9
DA:317,0
DA:319,9
DA:321,9
DA:324,9
DA:327,9
DA:328,9
DA:329,9
DA:330,9
DA:331,6
DA:332,2
DA:334,9
DA:335,9
DA:336,9
DA:339,9
DA:340,9
DA:341,9
DA:343,4
DA:344,4
DA:345,4
DA:348,9
DA:358,0
DA:360,0
DA:361,0
DA:363,0
DA:364,0
DA:365,0
DA:367,0
DA:368,0
DA:369,0
DA:370,0
DA:371,0
DA:372,0
DA:375,0
DA:376,0
DA:383,0
DA:384,0
DA:386,0
DA:387,0
DA:389,0
DA:393,0
DA:394,0
DA:395,0
DA:396,0
DA:397,0
DA:400,0
DA:403,0
DA:404,0
DA:405,0
DA:406,0
DA:407,0
DA:408,0
DA:409,0
DA:410,0
DA:411,0
DA:412,0
DA:413,0
DA:414,0
DA:415,0
DA:417,0
DA:418,0
DA:428,0
DA:429,0
DA:430,0
DA:432,0
DA:433,0
DA:434,0
DA:435,0
DA:436,0
DA:443,27
DA:450,3
DA:451,2
DA:453,1
DA:460,2
DA:461,1
DA:463,1
DA:470,6
DA:471,6
DA:480,0
DA:489,1
DA:496,1
DA:503,1
DA:505,1
LF:224
LH:125
BRDA:127,0,0,3
BRDA:127,0,1,3
BRDA:127,1,0,6
BRDA:127,1,1,4
BRDA:147,2,0,0
BRDA:147,2,1,0
BRDA:151,3,0,0
BRDA:151,3,1,0
BRDA:175,4,0,0
BRDA:175,4,1,0
BRDA:175,5,0,0
BRDA:175,5,1,0
BRDA:190,6,0,8
BRDA:190,6,1,0
BRDA:190,7,0,8
BRDA:190,7,1,0
BRDA:206,8,0,0
BRDA:206,8,1,0
BRDA:208,9,0,0
BRDA:208,9,1,0
BRDA:223,10,0,0
BRDA:223,10,1,0
BRDA:279,11,0,0
BRDA:279,11,1,0
BRDA:285,12,0,0
BRDA:285,12,1,0
BRDA:316,13,0,0
BRDA:316,13,1,9
BRDA:331,14,0,4
BRDA:331,14,1,2
BRDA:386,15,0,0
BRDA:386,15,1,0
BRDA:403,16,0,0
BRDA:403,16,1,0
BRDA:408,17,0,0
BRDA:408,17,1,0
BRDA:450,18,0,2
BRDA:450,18,1,1
BRDA:460,19,0,1
BRDA:460,19,1,1
BRDA:470,20,0,6
BRDA:470,20,1,0
BRF:42
BRH:14
end_of_record
TN:
SF:source\v1\js\timer.js
FN:11,(anonymous_0)
FN:16,(anonymous_1)
FN:52,(anonymous_2)
FN:71,(anonymous_3)
FN:82,(anonymous_4)
FNF:5
FNH:5
FNDA:2,(anonymous_0)
FNDA:8,(anonymous_1)
FNDA:22,(anonymous_2)
FNDA:23,(anonymous_3)
FNDA:16,(anonymous_4)
DA:11,2
DA:17,8
DA:19,8
DA:20,8
DA:22,8
DA:23,8
DA:25,8
DA:26,8
DA:27,8
DA:29,8
DA:32,8
DA:35,8
DA:36,32
DA:37,32
DA:38,32
DA:39,32
DA:40,32
DA:41,32
DA:44,8
DA:54,22
DA:55,7
DA:56,7
DA:59,22
DA:60,22
DA:61,22
DA:62,22
DA:72,23
DA:73,16
DA:84,16
DA:86,16
DA:87,64
DA:88,64
DA:98,2
DA:105,2
DA:106,2
LF:35
LH:35
BRDA:54,0,0,7
BRDA:54,0,1,15
BRDA:72,1,0,16
BRDA:72,1,1,7
BRDA:87,2,0,0
BRDA:87,2,1,64
BRF:6
BRH:5
end_of_record
TN:
SF:source\v1\js\timerContainer.js
FN:12,(anonymous_0)
FN:47,(anonymous_1)
FN:76,(anonymous_2)
FN:102,(anonymous_3)
FN:118,(anonymous_4)
FN:131,(anonymous_5)
FN:140,(anonymous_6)
FN:148,(anonymous_7)
FN:156,(anonymous_8)
FN:171,(anonymous_9)
FN:178,(anonymous_10)
FN:186,(anonymous_11)
FN:201,(anonymous_12)
FN:217,(anonymous_13)
FN:261,(anonymous_14)
FN:271,(anonymous_15)
FN:274,(anonymous_16)
FN:289,(anonymous_17)
FN:302,(anonymous_18)
FNF:19
FNH:9
FNDA:7,(anonymous_0)
FNDA:0,(anonymous_1)
FNDA:0,(anonymous_2)
FNDA:0,(anonymous_3)
FNDA:1,(anonymous_4)
FNDA:1,(anonymous_5)
FNDA:1,(anonymous_6)
FNDA:0,(anonymous_7)
FNDA:7,(anonymous_8)
FNDA:0,(anonymous_9)
FNDA:0,(anonymous_10)
FNDA:17,(anonymous_11)
FNDA:7,(anonymous_12)
FNDA:0,(anonymous_13)
FNDA:0,(anonymous_14)
FNDA:0,(anonymous_15)
FNDA:0,(anonymous_16)
FNDA:7,(anonymous_17)
FNDA:1,(anonymous_18)
DA:13,7
DA:15,7
DA:16,7
DA:18,7
DA:19,7
DA:22,7
DA:23,7
DA:26,7
DA:27,6
DA:28,6
DA:29,6
DA:30,6
DA:32,1
DA:33,1
DA:34,1
DA:37,7
DA:38,7
DA:39,7
DA:42,7
DA:43,7
DA:44,7
DA:45,7
DA:47,7
DA:48,7
DA:50,7
DA:51,7
DA:52,7
DA:55,7
DA:56,7
DA:57,7
DA:58,7
DA:59,7
DA:61,7
DA:62,7
DA:63,7
DA:65,7
DA:68,7
DA:69,7
DA:70,7
DA:72,7
DA:73,7
DA:74,7
DA:75,7
DA:76,7
DA:77,7
DA:79,7
DA:80,7
DA:81,7
DA:83,7
DA:85,7
DA:87,7
DA:90,7
DA:91,7
DA:92,7
DA:93,7
DA:95,7
DA:103,0
DA:104,0
DA:105,0
DA:106,0
DA:107,0
DA:108,0
DA:109,0
DA:110,0
DA:119,1
DA:120,1
DA:121,1
DA:122,1
DA:123,1
DA:132,1
DA:133,1
DA:141,1
DA:142,1
DA:149,0
DA:150,0
DA:157,7
DA:158,7
DA:159,7
DA:160,7
DA:161,7
DA:162,7
DA:163,7
DA:164,7
DA:165,7
DA:172,0
DA:179,0
DA:187,17
DA:188,14
DA:190,3
DA:191,3
DA:192,3
DA:194,3
DA:202,7
DA:203,7
DA:204,7
DA:205,7
DA:206,7
DA:207,0
DA:218,0
DA:220,0
DA:221,0
DA:223,0
DA:224,0
DA:225,0
DA:227,0
DA:228,0
DA:230,0
DA:233,0
DA:235,0
DA:237,0
DA:238,0
DA:241,0
DA:243,0
DA:245,0
DA:246,0
DA:247,0
DA:248,0
DA:249,0
DA:251,0
DA:252,0
DA:255,0
DA:262,0
DA:263,0
DA:272,0
DA:274,0
DA:275,0
DA:276,0
DA:277,0
DA:278,0
DA:280,0
DA:282,0
DA:291,7
DA:292,7
DA:293,7
DA:294,7
DA:295,7
DA:296,7
DA:304,1
DA:305,1
DA:307,0
DA:309,1
DA:318,1
DA:325,1
DA:332,1
DA:339,1
DA:344,1
DA:351,1
DA:358,1
DA:365,1
DA:372,1
DA:379,1
DA:386,1
DA:393,1
DA:400,1
DA:407,1
DA:409,1
LF:156
LH:109
BRDA:26,0,0,6
BRDA:26,0,1,1
BRDA:187,1,0,14
BRDA:187,1,1,3
BRDA:194,2,0,3
BRDA:194,2,1,0
BRDA:206,3,0,0
BRDA:206,3,1,7
BRDA:218,4,0,0
BRDA:218,4,1,0
BRDA:218,4,2,0
BRDA:218,4,3,0
BRDA:227,5,0,0
BRDA:227,5,1,0
BRDA:262,6,0,0
BRDA:262,6,1,0
BRDA:272,7,0,0
BRDA:272,7,1,0
BRDA:276,8,0,0
BRDA:276,8,1,0
BRDA:304,9,0,1
BRDA:304,9,1,0
BRF:22
BRH:7
end_of_record
